<?xml version="1.0" encoding="UTF-8"?>
<testsuites name="UAT Test Suite" time="407.568" tests="1" failures="1" errors="0">
   <testsuite name="UAT Test Suite" tests="1" failures="1" errors="0" time="407.568" timestamp="2020-08-03 15:11:05" hostname="LENOVO - DESKTOP-CP3TV4N" id="Test Suites/Maya UAT/UAT Test Suite">
      <properties>
[...]
</properties>
      <testcase name="Test Cases/JINU/KLIA Express/KLIA" time="404.835" classname="Test Cases/JINU/KLIA Express/KLIA" status="FAILED">
         <failure type="FAILED" message="Test Cases/JINU/KLIA Express/KLIA FAILED.
Reason:
com.kms.katalon.core.exception.StepFailedException: Element 'Object Repository/Maya/KLIA/android.widget.TextView0 - Approve' not found
	at com.kms.katalon.core.keyword.internal.KeywordMain.stepFailed(KeywordMain.groovy:39)
	at com.kms.katalon.core.mobile.keyword.internal.MobileKeywordMain.stepFailed(MobileKeywordMain.groovy:40)
	at com.kms.katalon.core.mobile.keyword.builtin.VerifyElementExistKeyword$_verifyElementExist_closure1.doCall(VerifyElementExistKeyword.groovy:77)
	at com.kms.katalon.core.mobile.keyword.builtin.VerifyElementExistKeyword$_verifyElementExist_closure1.call(VerifyElementExistKeyword.groovy)
	at com.kms.katalon.core.mobile.keyword.internal.MobileKeywordMain.runKeyword(MobileKeywordMain.groovy:21)
	at com.kms.katalon.core.mobile.keyword.builtin.VerifyElementExistKeyword.verifyElementExist(VerifyElementExistKeyword.groovy:80)
	at com.kms.katalon.core.mobile.keyword.builtin.VerifyElementExistKeyword.execute(VerifyElementExistKeyword.groovy:64)
	at com.kms.katalon.core.keyword.internal.KeywordExecutor.executeKeywordForPlatform(KeywordExecutor.groovy:72)
	at com.kms.katalon.core.mobile.keyword.MobileBuiltInKeywords.verifyElementExist(MobileBuiltInKeywords.groovy:809)
	at com.kms.katalon.core.mobile.keyword.MobileBuiltInKeywords$verifyElementExist$3.call(Unknown Source)
	at KLIA.run(KLIA:290)
	at com.kms.katalon.core.main.ScriptEngine.run(ScriptEngine.java:194)
	at com.kms.katalon.core.main.ScriptEngine.runScriptAsRawText(ScriptEngine.java:119)
	at com.kms.katalon.core.main.TestCaseExecutor.runScript(TestCaseExecutor.java:337)
	at com.kms.katalon.core.main.TestCaseExecutor.doExecute(TestCaseExecutor.java:328)
	at com.kms.katalon.core.main.TestCaseExecutor.processExecutionPhase(TestCaseExecutor.java:307)
	at com.kms.katalon.core.main.TestCaseExecutor.accessMainPhase(TestCaseExecutor.java:299)
	at com.kms.katalon.core.main.TestCaseExecutor.execute(TestCaseExecutor.java:233)
	at com.kms.katalon.core.main.TestSuiteExecutor.accessTestCaseMainPhase(TestSuiteExecutor.java:169)
	at com.kms.katalon.core.main.TestSuiteExecutor.accessTestSuiteMainPhase(TestSuiteExecutor.java:142)
	at com.kms.katalon.core.main.TestSuiteExecutor.execute(TestSuiteExecutor.java:91)
	at com.kms.katalon.core.main.TestCaseMain.startTestSuite(TestCaseMain.java:157)
	at com.kms.katalon.core.main.TestCaseMain$startTestSuite$0.call(Unknown Source)
	at TempTestSuite1596438662363.run(TempTestSuite1596438662363.groovy:36)
"/>
         <system-out><![CDATA[2020-08-03 15:11:05 - [TEST_CASE][FAILED] - Test Cases/JINU/KLIA Express/KLIA: Test Cases/JINU/KLIA Express/KLIA FAILED.
Reason:
com.kms.katalon.core.exception.StepFailedException: Element 'Object Repository/Maya/KLIA/android.widget.TextView0 - Approve' not found
	at com.kms.katalon.core.keyword.internal.KeywordMain.stepFailed(KeywordMain.groovy:39)
	at com.kms.katalon.core.mobile.keyword.internal.MobileKeywordMain.stepFailed(MobileKeywordMain.groovy:40)
	at com.kms.katalon.core.mobile.keyword.builtin.VerifyElementExistKeyword$_verifyElementExist_closure1.doCall(VerifyElementExistKeyword.groovy:77)
	at com.kms.katalon.core.mobile.keyword.builtin.VerifyElementExistKeyword$_verifyElementExist_closure1.call(VerifyElementExistKeyword.groovy)
	at com.kms.katalon.core.mobile.keyword.internal.MobileKeywordMain.runKeyword(MobileKeywordMain.groovy:21)
	at com.kms.katalon.core.mobile.keyword.builtin.VerifyElementExistKeyword.verifyElementExist(VerifyElementExistKeyword.groovy:80)
	at com.kms.katalon.core.mobile.keyword.builtin.VerifyElementExistKeyword.execute(VerifyElementExistKeyword.groovy:64)
	at com.kms.katalon.core.keyword.internal.KeywordExecutor.executeKeywordForPlatform(KeywordExecutor.groovy:72)
	at com.kms.katalon.core.mobile.keyword.MobileBuiltInKeywords.verifyElementExist(MobileBuiltInKeywords.groovy:809)
	at com.kms.katalon.core.mobile.keyword.MobileBuiltInKeywords$verifyElementExist$3.call(Unknown Source)
	at KLIA.run(KLIA:290)
	at com.kms.katalon.core.main.ScriptEngine.run(ScriptEngine.java:194)
	at com.kms.katalon.core.main.ScriptEngine.runScriptAsRawText(ScriptEngine.java:119)
	at com.kms.katalon.core.main.TestCaseExecutor.runScript(TestCaseExecutor.java:337)
	at com.kms.katalon.core.main.TestCaseExecutor.doExecute(TestCaseExecutor.java:328)
	at com.kms.katalon.core.main.TestCaseExecutor.processExecutionPhase(TestCaseExecutor.java:307)
	at com.kms.katalon.core.main.TestCaseExecutor.accessMainPhase(TestCaseExecutor.java:299)
	at com.kms.katalon.core.main.TestCaseExecutor.execute(TestCaseExecutor.java:233)
	at com.kms.katalon.core.main.TestSuiteExecutor.accessTestCaseMainPhase(TestSuiteExecutor.java:169)
	at com.kms.katalon.core.main.TestSuiteExecutor.accessTestSuiteMainPhase(TestSuiteExecutor.java:142)
	at com.kms.katalon.core.main.TestSuiteExecutor.execute(TestSuiteExecutor.java:91)
	at com.kms.katalon.core.main.TestCaseMain.startTestSuite(TestCaseMain.java:157)
	at com.kms.katalon.core.main.TestCaseMain$startTestSuite$0.call(Unknown Source)
	at TempTestSuite1596438662363.run(TempTestSuite1596438662363.groovy:36)


2020-08-03 15:11:07 - [TEST_STEP][PASSED] - startApplication("C:\Users\LENOVO\Katalon Studio\app-uat-universal-release.apk", false): Started app at: 'C:\Users\LENOVO\Katalon Studio\app-uat-universal-release.apk'

2020-08-03 15:11:07 - [MESSAGE][INFO] - User set preference: ['appWaitActivity', '*']

2020-08-03 15:11:07 - [MESSAGE][INFO] - User set preference: ['appWaitPackage', 'com.maybank2u.life.uat']

2020-08-03 15:11:07 - [MESSAGE][INFO] - User set preference: ['appWaitDuration', '50,000']

2020-08-03 15:11:07 - [MESSAGE][INFO] - User set preference: ['deviceId', '11cb9864']

2020-08-03 15:11:10 - [MESSAGE][INFO] - Appium server started on port 65,328

2020-08-03 15:11:34 - [MESSAGE][PASSED] - Started app at: 'C:\Users\LENOVO\Katalon Studio\app-uat-universal-release.apk'

2020-08-03 15:11:34 - [TEST_STEP][PASSED] - tap(findTestObject("Maya/DuitnowRegT/android.widget.ImageView0"), 0): Tapped on element 'Object Repository/Maya/DuitnowRegT/android.widget.ImageView0'

2020-08-03 15:11:34 - [MESSAGE][WARNING] - Timeout '0' is invalid. Using default page load timeout: '10'

2020-08-03 15:11:42 - [MESSAGE][PASSED] - Tapped on element 'Object Repository/Maya/DuitnowRegT/android.widget.ImageView0'

2020-08-03 15:11:42 - [TEST_STEP][PASSED] - tap(findTestObject("Maya/DuitnowRegT/android.widget.TextView0 - 2"), 0): Tapped on element 'Object Repository/Maya/DuitnowRegT/android.widget.TextView0 - 2'

2020-08-03 15:11:42 - [MESSAGE][WARNING] - Timeout '0' is invalid. Using default page load timeout: '10'

2020-08-03 15:11:46 - [MESSAGE][PASSED] - Tapped on element 'Object Repository/Maya/DuitnowRegT/android.widget.TextView0 - 2'

2020-08-03 15:11:46 - [TEST_STEP][PASSED] - tap(findTestObject("Maya/DuitnowRegT/android.widget.TextView0 - 3"), 0): Tapped on element 'Object Repository/Maya/DuitnowRegT/android.widget.TextView0 - 3'

2020-08-03 15:11:46 - [MESSAGE][WARNING] - Timeout '0' is invalid. Using default page load timeout: '10'

2020-08-03 15:11:49 - [MESSAGE][PASSED] - Tapped on element 'Object Repository/Maya/DuitnowRegT/android.widget.TextView0 - 3'

2020-08-03 15:11:49 - [TEST_STEP][PASSED] - tap(findTestObject("Maya/DuitnowRegT/android.widget.TextView0 - 0"), 0): Tapped on element 'Object Repository/Maya/DuitnowRegT/android.widget.TextView0 - 0'

2020-08-03 15:11:49 - [MESSAGE][WARNING] - Timeout '0' is invalid. Using default page load timeout: '10'

2020-08-03 15:11:50 - [MESSAGE][PASSED] - Tapped on element 'Object Repository/Maya/DuitnowRegT/android.widget.TextView0 - 0'

2020-08-03 15:11:50 - [TEST_STEP][PASSED] - tap(findTestObject("Maya/DuitnowRegT/android.widget.TextView0 - 9"), 0): Tapped on element 'Object Repository/Maya/DuitnowRegT/android.widget.TextView0 - 9'

2020-08-03 15:11:50 - [MESSAGE][WARNING] - Timeout '0' is invalid. Using default page load timeout: '10'

2020-08-03 15:11:53 - [MESSAGE][PASSED] - Tapped on element 'Object Repository/Maya/DuitnowRegT/android.widget.TextView0 - 9'

2020-08-03 15:11:53 - [TEST_STEP][PASSED] - tap(findTestObject("Maya/DuitnowRegT/android.widget.TextView0 - 8"), 0): Tapped on element 'Object Repository/Maya/DuitnowRegT/android.widget.TextView0 - 8'

2020-08-03 15:11:53 - [MESSAGE][WARNING] - Timeout '0' is invalid. Using default page load timeout: '10'

2020-08-03 15:11:57 - [MESSAGE][PASSED] - Tapped on element 'Object Repository/Maya/DuitnowRegT/android.widget.TextView0 - 8'

2020-08-03 15:11:57 - [TEST_STEP][PASSED] - tap(findTestObject("Maya/DuitnowRegT/android.widget.TextView0 - 3"), 0): Tapped on element 'Object Repository/Maya/DuitnowRegT/android.widget.TextView0 - 3'

2020-08-03 15:11:57 - [MESSAGE][WARNING] - Timeout '0' is invalid. Using default page load timeout: '10'

2020-08-03 15:12:00 - [MESSAGE][PASSED] - Tapped on element 'Object Repository/Maya/DuitnowRegT/android.widget.TextView0 - 3'

2020-08-03 15:12:00 - [TEST_STEP][PASSED] - tap(findTestObject("Maya/DuitnowRegT/android.widget.ImageView0 (1)"), 0): Tapped on element 'Object Repository/Maya/DuitnowRegT/android.widget.ImageView0 (1)'

2020-08-03 15:12:00 - [MESSAGE][WARNING] - Timeout '0' is invalid. Using default page load timeout: '10'

2020-08-03 15:12:06 - [MESSAGE][PASSED] - Tapped on element 'Object Repository/Maya/DuitnowRegT/android.widget.ImageView0 (1)'

2020-08-03 15:12:06 - [TEST_STEP][PASSED] - getText(findTestObject("Maya/drop4 CR/android.widget.TextView0 - RM 1171.85-Current balance"), 0): Text of element 'Object Repository/Maya/drop4 CR/android.widget.TextView0 - RM 1171.85-Current balance' is: 'RM 363.65'

2020-08-03 15:12:06 - [MESSAGE][WARNING] - Timeout '0' is invalid. Using default page load timeout: '10'

2020-08-03 15:12:08 - [MESSAGE][PASSED] - Text of element 'Object Repository/Maya/drop4 CR/android.widget.TextView0 - RM 1171.85-Current balance' is: 'RM 363.65'

2020-08-03 15:12:08 - [TEST_STEP][PASSED] - trx6 = 85-Current balance"), 0).substring(3): Text of element 'Object Repository/Maya/drop4 CR/android.widget.TextView0 - RM 1171.85-Current balance' is: 'RM 363.65'

2020-08-03 15:12:08 - [MESSAGE][WARNING] - Timeout '0' is invalid. Using default page load timeout: '10'

2020-08-03 15:12:09 - [MESSAGE][PASSED] - Text of element 'Object Repository/Maya/drop4 CR/android.widget.TextView0 - RM 1171.85-Current balance' is: 'RM 363.65'

2020-08-03 15:12:09 - [TEST_STEP][PASSED] - trx61 = trx6.replaceAll("[^a-zA-Z0-9]+", ""): null

2020-08-03 15:12:09 - [TEST_STEP][PASSED] - out.println(trx61): null

2020-08-03 15:12:09 - [TEST_STEP][PASSED] - trx611 = trx61: null

2020-08-03 15:12:09 - [TEST_STEP][PASSED] - out.println(trx611): null

2020-08-03 15:12:09 - [TEST_STEP][PASSED] - tap(findTestObject("Maya/KLIA/android.widget.ImageView0 (4)"), 0): Tapped on element 'Object Repository/Maya/KLIA/android.widget.ImageView0 (4)'

2020-08-03 15:12:09 - [MESSAGE][WARNING] - Timeout '0' is invalid. Using default page load timeout: '10'

2020-08-03 15:12:13 - [MESSAGE][PASSED] - Tapped on element 'Object Repository/Maya/KLIA/android.widget.ImageView0 (4)'

2020-08-03 15:12:13 - [TEST_STEP][PASSED] - tap(findTestObject("Maya/KLIA/android.widget.TextView0 - More"), 0): Tapped on element 'Object Repository/Maya/KLIA/android.widget.TextView0 - More'

2020-08-03 15:12:13 - [MESSAGE][WARNING] - Timeout '0' is invalid. Using default page load timeout: '10'

2020-08-03 15:12:26 - [MESSAGE][PASSED] - Tapped on element 'Object Repository/Maya/KLIA/android.widget.TextView0 - More'

2020-08-03 15:12:26 - [TEST_STEP][PASSED] - delay(2, STOP_ON_FAILURE): Delayed 2 second(s)

2020-08-03 15:12:28 - [MESSAGE][PASSED] - Delayed 2 second(s)

2020-08-03 15:12:28 - [TEST_STEP][PASSED] - takeScreenshot("C:\Users\LENOVO\Screenshot\KLIATicket\Ticket1.png", STOP_ON_FAILURE): Screenshot is taken

2020-08-03 15:12:30 - [MESSAGE][PASSED] - Screenshot is taken
[[ATTACHMENT|C:\\Users\\LENOVO\\Screenshot\\KLIATicket\\Ticket1.png]]

2020-08-03 15:12:30 - [TEST_STEP][PASSED] - tap(findTestObject("Maya/KLIA/android.widget.TextView0 - ERL Tickets"), 0): Tapped on element 'Object Repository/Maya/KLIA/android.widget.TextView0 - ERL Tickets'

2020-08-03 15:12:30 - [MESSAGE][WARNING] - Timeout '0' is invalid. Using default page load timeout: '10'

2020-08-03 15:12:33 - [MESSAGE][PASSED] - Tapped on element 'Object Repository/Maya/KLIA/android.widget.TextView0 - ERL Tickets'

2020-08-03 15:12:33 - [TEST_STEP][PASSED] - getText(findTestObject("Maya/KLIA/android.widget.TextView0 - KLIA Ekspres"), 0): Text of element 'Object Repository/Maya/KLIA/android.widget.TextView0 - KLIA Ekspres' is: 'KLIA Ekspres'

2020-08-03 15:12:33 - [MESSAGE][WARNING] - Timeout '0' is invalid. Using default page load timeout: '10'

2020-08-03 15:12:33 - [MESSAGE][PASSED] - Text of element 'Object Repository/Maya/KLIA/android.widget.TextView0 - KLIA Ekspres' is: 'KLIA Ekspres'

2020-08-03 15:12:33 - [TEST_STEP][PASSED] - delay(2, STOP_ON_FAILURE): Delayed 2 second(s)

2020-08-03 15:12:35 - [MESSAGE][PASSED] - Delayed 2 second(s)

2020-08-03 15:12:35 - [TEST_STEP][PASSED] - takeScreenshot("C:\Users\LENOVO\Screenshot\KLIATicket\Ticket2.png", STOP_ON_FAILURE): Screenshot is taken

2020-08-03 15:12:36 - [MESSAGE][PASSED] - Screenshot is taken
[[ATTACHMENT|C:\\Users\\LENOVO\\Screenshot\\KLIATicket\\Ticket2.png]]

2020-08-03 15:12:36 - [TEST_STEP][PASSED] - tap(findTestObject("Maya/KLIA/android.widget.TextView0 - Buy Tickets"), 0): Tapped on element 'Object Repository/Maya/KLIA/android.widget.TextView0 - Buy Tickets'

2020-08-03 15:12:36 - [MESSAGE][WARNING] - Timeout '0' is invalid. Using default page load timeout: '10'

2020-08-03 15:12:38 - [MESSAGE][PASSED] - Tapped on element 'Object Repository/Maya/KLIA/android.widget.TextView0 - Buy Tickets'

2020-08-03 15:12:38 - [TEST_STEP][PASSED] - getText(findTestObject("Maya/KLIA/android.widget.TextView0 - From"), 0): Text of element 'Object Repository/Maya/KLIA/android.widget.TextView0 - From' is: 'From'

2020-08-03 15:12:38 - [MESSAGE][WARNING] - Timeout '0' is invalid. Using default page load timeout: '10'

2020-08-03 15:12:38 - [MESSAGE][PASSED] - Text of element 'Object Repository/Maya/KLIA/android.widget.TextView0 - From' is: 'From'

2020-08-03 15:12:38 - [TEST_STEP][PASSED] - verifyElementExist(findTestObject("Maya/KLIA/android.widget.TextView0 - From"), 0): Element 'Object Repository/Maya/KLIA/android.widget.TextView0 - From' is exist

2020-08-03 15:12:38 - [MESSAGE][WARNING] - Timeout '0' is invalid. Using default page load timeout: '10'

2020-08-03 15:12:39 - [MESSAGE][PASSED] - Element 'Object Repository/Maya/KLIA/android.widget.TextView0 - From' is exist

2020-08-03 15:12:39 - [TEST_STEP][PASSED] - tap(findTestObject("Maya/KLIA/android.widget.ImageView0"), 0): Tapped on element 'Object Repository/Maya/KLIA/android.widget.ImageView0'

2020-08-03 15:12:39 - [MESSAGE][WARNING] - Timeout '0' is invalid. Using default page load timeout: '10'

2020-08-03 15:12:40 - [MESSAGE][PASSED] - Tapped on element 'Object Repository/Maya/KLIA/android.widget.ImageView0'

2020-08-03 15:12:40 - [TEST_STEP][PASSED] - tap(findTestObject("Maya/KLIA/android.widget.TextView0 - Done"), 0): Tapped on element 'Object Repository/Maya/KLIA/android.widget.TextView0 - Done'

2020-08-03 15:12:40 - [MESSAGE][WARNING] - Timeout '0' is invalid. Using default page load timeout: '10'

2020-08-03 15:12:42 - [MESSAGE][PASSED] - Tapped on element 'Object Repository/Maya/KLIA/android.widget.TextView0 - Done'

2020-08-03 15:12:42 - [TEST_STEP][PASSED] - getText(findTestObject("Maya/KLIA/android.widget.TextView0 - To"), 0): Text of element 'Object Repository/Maya/KLIA/android.widget.TextView0 - To' is: 'To'

2020-08-03 15:12:42 - [MESSAGE][WARNING] - Timeout '0' is invalid. Using default page load timeout: '10'

2020-08-03 15:12:42 - [MESSAGE][PASSED] - Text of element 'Object Repository/Maya/KLIA/android.widget.TextView0 - To' is: 'To'

2020-08-03 15:12:42 - [TEST_STEP][PASSED] - verifyElementExist(findTestObject("Maya/KLIA/android.widget.TextView0 - To"), 0): Element 'Object Repository/Maya/KLIA/android.widget.TextView0 - To' is exist

2020-08-03 15:12:42 - [MESSAGE][WARNING] - Timeout '0' is invalid. Using default page load timeout: '10'

2020-08-03 15:12:42 - [MESSAGE][PASSED] - Element 'Object Repository/Maya/KLIA/android.widget.TextView0 - To' is exist

2020-08-03 15:12:42 - [TEST_STEP][PASSED] - tap(findTestObject("Maya/KLIA/android.widget.ImageView0 (1)"), 0): Tapped on element 'Object Repository/Maya/KLIA/android.widget.ImageView0 (1)'

2020-08-03 15:12:42 - [MESSAGE][WARNING] - Timeout '0' is invalid. Using default page load timeout: '10'

2020-08-03 15:12:44 - [MESSAGE][PASSED] - Tapped on element 'Object Repository/Maya/KLIA/android.widget.ImageView0 (1)'

2020-08-03 15:12:44 - [TEST_STEP][PASSED] - delay(2, STOP_ON_FAILURE): Delayed 2 second(s)

2020-08-03 15:12:46 - [MESSAGE][PASSED] - Delayed 2 second(s)

2020-08-03 15:12:46 - [TEST_STEP][PASSED] - takeScreenshot("C:\Users\LENOVO\Screenshot\KLIATicket\Ticket3.png", STOP_ON_FAILURE): Screenshot is taken

2020-08-03 15:12:47 - [MESSAGE][PASSED] - Screenshot is taken
[[ATTACHMENT|C:\\Users\\LENOVO\\Screenshot\\KLIATicket\\Ticket3.png]]

2020-08-03 15:12:47 - [TEST_STEP][PASSED] - tap(findTestObject("Maya/KLIA/android.widget.TextView0 - Done"), 0): Tapped on element 'Object Repository/Maya/KLIA/android.widget.TextView0 - Done'

2020-08-03 15:12:47 - [MESSAGE][WARNING] - Timeout '0' is invalid. Using default page load timeout: '10'

2020-08-03 15:12:48 - [MESSAGE][PASSED] - Tapped on element 'Object Repository/Maya/KLIA/android.widget.TextView0 - Done'

2020-08-03 15:12:48 - [TEST_STEP][PASSED] - tap(findTestObject("Maya/KLIA/android.widget.TextView0 - Continue"), 0): Tapped on element 'Object Repository/Maya/KLIA/android.widget.TextView0 - Continue'

2020-08-03 15:12:48 - [MESSAGE][WARNING] - Timeout '0' is invalid. Using default page load timeout: '10'

2020-08-03 15:12:50 - [MESSAGE][PASSED] - Tapped on element 'Object Repository/Maya/KLIA/android.widget.TextView0 - Continue'

2020-08-03 15:12:50 - [TEST_STEP][PASSED] - getText(findTestObject("Maya/KLIA/android.widget.TextView0 - Select travel date"), 0): Text of element 'Object Repository/Maya/KLIA/android.widget.TextView0 - Select travel date' is: 'Select travel date'

2020-08-03 15:12:50 - [MESSAGE][WARNING] - Timeout '0' is invalid. Using default page load timeout: '10'

2020-08-03 15:12:50 - [MESSAGE][PASSED] - Text of element 'Object Repository/Maya/KLIA/android.widget.TextView0 - Select travel date' is: 'Select travel date'

2020-08-03 15:12:50 - [TEST_STEP][PASSED] - verifyElementExist(findTestObject("Maya/KLIA/android.widget.TextView0 - Select travel date"), 0): Element 'Object Repository/Maya/KLIA/android.widget.TextView0 - Select travel date' is exist

2020-08-03 15:12:50 - [MESSAGE][WARNING] - Timeout '0' is invalid. Using default page load timeout: '10'

2020-08-03 15:12:51 - [MESSAGE][PASSED] - Element 'Object Repository/Maya/KLIA/android.widget.TextView0 - Select travel date' is exist

2020-08-03 15:12:51 - [TEST_STEP][PASSED] - delay(2, STOP_ON_FAILURE): Delayed 2 second(s)

2020-08-03 15:12:53 - [MESSAGE][PASSED] - Delayed 2 second(s)

2020-08-03 15:12:53 - [TEST_STEP][PASSED] - takeScreenshot("C:\Users\LENOVO\Screenshot\KLIATicket\Ticket4.png", STOP_ON_FAILURE): Screenshot is taken

2020-08-03 15:12:54 - [MESSAGE][PASSED] - Screenshot is taken
[[ATTACHMENT|C:\\Users\\LENOVO\\Screenshot\\KLIATicket\\Ticket4.png]]

2020-08-03 15:12:54 - [TEST_STEP][PASSED] - tap(findTestObject("Maya/KLIA/android.widget.ImageView0 (2)"), 0): Tapped on element 'Object Repository/Maya/KLIA/android.widget.ImageView0 (2)'

2020-08-03 15:12:54 - [MESSAGE][WARNING] - Timeout '0' is invalid. Using default page load timeout: '10'

2020-08-03 15:12:55 - [MESSAGE][PASSED] - Tapped on element 'Object Repository/Maya/KLIA/android.widget.ImageView0 (2)'

2020-08-03 15:12:55 - [TEST_STEP][NOT_RUN] - tap(findTestObject("Maya/KLIA/android.view.ViewGroup0"), 0): NOT_RUN: tap(findTestObject("Maya/KLIA/android.view.ViewGroup0"), 0)

2020-08-03 15:12:55 - [MESSAGE][NOT_RUN] - NOT_RUN: tap(findTestObject("Maya/KLIA/android.view.ViewGroup0"), 0)

2020-08-03 15:12:55 - [TEST_STEP][PASSED] - tap(findTestObject("Maya/KLIA/android.widget.EditText0 - Enter date"), 0): Tapped on element 'Object Repository/Maya/KLIA/android.widget.EditText0 - Enter date'

2020-08-03 15:12:55 - [MESSAGE][WARNING] - Timeout '0' is invalid. Using default page load timeout: '10'

2020-08-03 15:12:58 - [MESSAGE][PASSED] - Tapped on element 'Object Repository/Maya/KLIA/android.widget.EditText0 - Enter date'

2020-08-03 15:12:58 - [TEST_STEP][PASSED] - tap(findTestObject("Maya/KLIA/android.widget.ImageView0nEXT mONTH"), 0): Tapped on element 'Object Repository/Maya/KLIA/android.widget.ImageView0nEXT mONTH'

2020-08-03 15:12:58 - [MESSAGE][WARNING] - Timeout '0' is invalid. Using default page load timeout: '10'

2020-08-03 15:12:59 - [MESSAGE][PASSED] - Tapped on element 'Object Repository/Maya/KLIA/android.widget.ImageView0nEXT mONTH'

2020-08-03 15:12:59 - [TEST_STEP][PASSED] - tap(findTestObject("Maya/KLIA/android.widget.TextView0 - 1"), 0): Tapped on element 'Object Repository/Maya/KLIA/android.widget.TextView0 - 1'

2020-08-03 15:12:59 - [MESSAGE][WARNING] - Timeout '0' is invalid. Using default page load timeout: '10'

2020-08-03 15:13:01 - [MESSAGE][PASSED] - Tapped on element 'Object Repository/Maya/KLIA/android.widget.TextView0 - 1'

2020-08-03 15:13:02 - [TEST_STEP][PASSED] - tap(findTestObject("Maya/KLIA/android.widget.TextView0 - Done (1)"), 0): Tapped on element 'Object Repository/Maya/KLIA/android.widget.TextView0 - Done (1)'

2020-08-03 15:13:02 - [MESSAGE][WARNING] - Timeout '0' is invalid. Using default page load timeout: '10'

2020-08-03 15:13:03 - [MESSAGE][PASSED] - Tapped on element 'Object Repository/Maya/KLIA/android.widget.TextView0 - Done (1)'

2020-08-03 15:13:03 - [TEST_STEP][PASSED] - delay(2, STOP_ON_FAILURE): Delayed 2 second(s)

2020-08-03 15:13:05 - [MESSAGE][PASSED] - Delayed 2 second(s)

2020-08-03 15:13:05 - [TEST_STEP][PASSED] - takeScreenshot("C:\Users\LENOVO\Screenshot\KLIATicket\Ticket5.png", STOP_ON_FAILURE): Screenshot is taken

2020-08-03 15:13:06 - [MESSAGE][PASSED] - Screenshot is taken
[[ATTACHMENT|C:\\Users\\LENOVO\\Screenshot\\KLIATicket\\Ticket5.png]]

2020-08-03 15:13:06 - [TEST_STEP][PASSED] - delay(5, STOP_ON_FAILURE): Delayed 5 second(s)

2020-08-03 15:13:11 - [MESSAGE][PASSED] - Delayed 5 second(s)

2020-08-03 15:13:11 - [TEST_STEP][PASSED] - swipe(823, 971, 802, 200): Swiped from 823,971 to 802,200

2020-08-03 15:13:13 - [MESSAGE][PASSED] - Swiped from 823,971 to 802,200

2020-08-03 15:13:13 - [TEST_STEP][PASSED] - tap(findTestObject("Maya/KLIA/android.widget.TextView0 - Single Trip"), 0): Tapped on element 'Object Repository/Maya/KLIA/android.widget.TextView0 - Single Trip'

2020-08-03 15:13:13 - [MESSAGE][WARNING] - Timeout '0' is invalid. Using default page load timeout: '10'

2020-08-03 15:13:14 - [MESSAGE][PASSED] - Tapped on element 'Object Repository/Maya/KLIA/android.widget.TextView0 - Single Trip'

2020-08-03 15:13:14 - [TEST_STEP][NOT_RUN] - tap(findTestObject("Maya/KLIA/android.widget.ImageView0 (2)"), 0): NOT_RUN: tap(findTestObject("Maya/KLIA/android.widget.ImageView0 (2)"), 0)

2020-08-03 15:13:14 - [MESSAGE][NOT_RUN] - NOT_RUN: tap(findTestObject("Maya/KLIA/android.widget.ImageView0 (2)"), 0)

2020-08-03 15:13:14 - [TEST_STEP][PASSED] - tap(findTestObject("Maya/KLIA/android.widget.TextView0 - Continue (1)"), 0): Tapped on element 'Object Repository/Maya/KLIA/android.widget.TextView0 - Continue (1)'

2020-08-03 15:13:14 - [MESSAGE][WARNING] - Timeout '0' is invalid. Using default page load timeout: '10'

2020-08-03 15:13:16 - [MESSAGE][PASSED] - Tapped on element 'Object Repository/Maya/KLIA/android.widget.TextView0 - Continue (1)'

2020-08-03 15:13:16 - [TEST_STEP][PASSED] - getText(findTestObject("Maya/KLIA/android.widget.TextView0 - Summary"), 0): Text of element 'Object Repository/Maya/KLIA/android.widget.TextView0 - Summary' is: 'Summary'

2020-08-03 15:13:16 - [MESSAGE][WARNING] - Timeout '0' is invalid. Using default page load timeout: '10'

2020-08-03 15:13:16 - [MESSAGE][PASSED] - Text of element 'Object Repository/Maya/KLIA/android.widget.TextView0 - Summary' is: 'Summary'

2020-08-03 15:13:16 - [TEST_STEP][PASSED] - verifyElementExist(findTestObject("Maya/KLIA/android.widget.TextView0 - Summary"), 0): Element 'Object Repository/Maya/KLIA/android.widget.TextView0 - Summary' is exist

2020-08-03 15:13:16 - [MESSAGE][WARNING] - Timeout '0' is invalid. Using default page load timeout: '10'

2020-08-03 15:13:17 - [MESSAGE][PASSED] - Element 'Object Repository/Maya/KLIA/android.widget.TextView0 - Summary' is exist

2020-08-03 15:13:17 - [TEST_STEP][PASSED] - getText(findTestObject("Maya/KLIA/android.widget.TextView0 - From (1)"), 0): Text of element 'Object Repository/Maya/KLIA/android.widget.TextView0 - From (1)' is: 'From'

2020-08-03 15:13:17 - [MESSAGE][WARNING] - Timeout '0' is invalid. Using default page load timeout: '10'

2020-08-03 15:13:17 - [MESSAGE][PASSED] - Text of element 'Object Repository/Maya/KLIA/android.widget.TextView0 - From (1)' is: 'From'

2020-08-03 15:13:17 - [TEST_STEP][PASSED] - verifyElementExist(findTestObject("Maya/KLIA/android.widget.TextView0 - From (1)"), 0): Element 'Object Repository/Maya/KLIA/android.widget.TextView0 - From (1)' is exist

2020-08-03 15:13:18 - [MESSAGE][WARNING] - Timeout '0' is invalid. Using default page load timeout: '10'

2020-08-03 15:13:18 - [MESSAGE][PASSED] - Element 'Object Repository/Maya/KLIA/android.widget.TextView0 - From (1)' is exist

2020-08-03 15:13:18 - [TEST_STEP][PASSED] - getText(findTestObject("Maya/KLIA/android.widget.TextView0 - To (1)"), 0): Text of element 'Object Repository/Maya/KLIA/android.widget.TextView0 - To (1)' is: 'To'

2020-08-03 15:13:18 - [MESSAGE][WARNING] - Timeout '0' is invalid. Using default page load timeout: '10'

2020-08-03 15:13:18 - [MESSAGE][PASSED] - Text of element 'Object Repository/Maya/KLIA/android.widget.TextView0 - To (1)' is: 'To'

2020-08-03 15:13:18 - [TEST_STEP][PASSED] - verifyElementExist(findTestObject("Maya/KLIA/android.widget.TextView0 - To (1)"), 0): Element 'Object Repository/Maya/KLIA/android.widget.TextView0 - To (1)' is exist

2020-08-03 15:13:18 - [MESSAGE][WARNING] - Timeout '0' is invalid. Using default page load timeout: '10'

2020-08-03 15:13:18 - [MESSAGE][PASSED] - Element 'Object Repository/Maya/KLIA/android.widget.TextView0 - To (1)' is exist

2020-08-03 15:13:18 - [TEST_STEP][PASSED] - getText(findTestObject("Maya/KLIA/android.widget.TextView0 - Date"), 0): Text of element 'Object Repository/Maya/KLIA/android.widget.TextView0 - Date' is: 'Date'

2020-08-03 15:13:18 - [MESSAGE][WARNING] - Timeout '0' is invalid. Using default page load timeout: '10'

2020-08-03 15:13:18 - [MESSAGE][PASSED] - Text of element 'Object Repository/Maya/KLIA/android.widget.TextView0 - Date' is: 'Date'

2020-08-03 15:13:18 - [TEST_STEP][PASSED] - verifyElementExist(findTestObject("Maya/KLIA/android.widget.TextView0 - Date"), 0): Element 'Object Repository/Maya/KLIA/android.widget.TextView0 - Date' is exist

2020-08-03 15:13:19 - [MESSAGE][WARNING] - Timeout '0' is invalid. Using default page load timeout: '10'

2020-08-03 15:13:19 - [MESSAGE][PASSED] - Element 'Object Repository/Maya/KLIA/android.widget.TextView0 - Date' is exist

2020-08-03 15:13:19 - [TEST_STEP][PASSED] - getText(findTestObject("Maya/KLIA/android.widget.TextView0 - TICKETS"), 0): Text of element 'Object Repository/Maya/KLIA/android.widget.TextView0 - TICKETS' is: 'TICKETS'

2020-08-03 15:13:19 - [MESSAGE][WARNING] - Timeout '0' is invalid. Using default page load timeout: '10'

2020-08-03 15:13:20 - [MESSAGE][PASSED] - Text of element 'Object Repository/Maya/KLIA/android.widget.TextView0 - TICKETS' is: 'TICKETS'

2020-08-03 15:13:20 - [TEST_STEP][PASSED] - verifyElementExist(findTestObject("Maya/KLIA/android.widget.TextView0 - TICKETS"), 0): Element 'Object Repository/Maya/KLIA/android.widget.TextView0 - TICKETS' is exist

2020-08-03 15:13:20 - [MESSAGE][WARNING] - Timeout '0' is invalid. Using default page load timeout: '10'

2020-08-03 15:13:20 - [MESSAGE][PASSED] - Element 'Object Repository/Maya/KLIA/android.widget.TextView0 - TICKETS' is exist

2020-08-03 15:13:20 - [TEST_STEP][PASSED] - getText(findTestObject("Maya/KLIA/android.widget.TextView0 - Trip"), 0): Text of element 'Object Repository/Maya/KLIA/android.widget.TextView0 - Trip' is: 'Trip'

2020-08-03 15:13:21 - [MESSAGE][WARNING] - Timeout '0' is invalid. Using default page load timeout: '10'

2020-08-03 15:13:21 - [MESSAGE][PASSED] - Text of element 'Object Repository/Maya/KLIA/android.widget.TextView0 - Trip' is: 'Trip'

2020-08-03 15:13:21 - [TEST_STEP][PASSED] - verifyElementExist(findTestObject("Maya/KLIA/android.widget.TextView0 - Trip"), 0): Element 'Object Repository/Maya/KLIA/android.widget.TextView0 - Trip' is exist

2020-08-03 15:13:21 - [MESSAGE][WARNING] - Timeout '0' is invalid. Using default page load timeout: '10'

2020-08-03 15:13:22 - [MESSAGE][PASSED] - Element 'Object Repository/Maya/KLIA/android.widget.TextView0 - Trip' is exist

2020-08-03 15:13:22 - [TEST_STEP][PASSED] - getText(findTestObject("Maya/KLIA/android.widget.TextView0 - Total amount"), 0): Text of element 'Object Repository/Maya/KLIA/android.widget.TextView0 - Total amount' is: 'Total amount'

2020-08-03 15:13:22 - [MESSAGE][WARNING] - Timeout '0' is invalid. Using default page load timeout: '10'

2020-08-03 15:13:22 - [MESSAGE][PASSED] - Text of element 'Object Repository/Maya/KLIA/android.widget.TextView0 - Total amount' is: 'Total amount'

2020-08-03 15:13:22 - [TEST_STEP][PASSED] - verifyElementExist(findTestObject("Maya/KLIA/android.widget.TextView0 - Total amount"), 0): Element 'Object Repository/Maya/KLIA/android.widget.TextView0 - Total amount' is exist

2020-08-03 15:13:22 - [MESSAGE][WARNING] - Timeout '0' is invalid. Using default page load timeout: '10'

2020-08-03 15:13:22 - [MESSAGE][PASSED] - Element 'Object Repository/Maya/KLIA/android.widget.TextView0 - Total amount' is exist

2020-08-03 15:13:22 - [TEST_STEP][PASSED] - delay(2, STOP_ON_FAILURE): Delayed 2 second(s)

2020-08-03 15:13:24 - [MESSAGE][PASSED] - Delayed 2 second(s)

2020-08-03 15:13:24 - [TEST_STEP][PASSED] - takeScreenshot("C:\Users\LENOVO\Screenshot\KLIATicket\Ticket6.png", STOP_ON_FAILURE): Screenshot is taken

2020-08-03 15:13:25 - [MESSAGE][PASSED] - Screenshot is taken
[[ATTACHMENT|C:\\Users\\LENOVO\\Screenshot\\KLIATicket\\Ticket6.png]]

2020-08-03 15:13:25 - [TEST_STEP][PASSED] - tap(findTestObject("Maya/KLIA/android.widget.TextView0 - Continue (2)"), 0): Tapped on element 'Object Repository/Maya/KLIA/android.widget.TextView0 - Continue (2)'

2020-08-03 15:13:25 - [MESSAGE][WARNING] - Timeout '0' is invalid. Using default page load timeout: '10'

2020-08-03 15:13:26 - [MESSAGE][PASSED] - Tapped on element 'Object Repository/Maya/KLIA/android.widget.TextView0 - Continue (2)'

2020-08-03 15:13:26 - [TEST_STEP][PASSED] - setText(findTestObject("Maya/Bus Ticket/android.widget.EditText0 (10)"), "pass1234", 0): Text 'pass1234' has been set to element 'Object Repository/Maya/Bus Ticket/android.widget.EditText0 (10)'

2020-08-03 15:13:27 - [MESSAGE][WARNING] - Timeout '0' is invalid. Using default page load timeout: '10'

2020-08-03 15:13:30 - [MESSAGE][PASSED] - Text 'pass1234' has been set to element 'Object Repository/Maya/Bus Ticket/android.widget.EditText0 (10)'

2020-08-03 15:13:30 - [TEST_STEP][PASSED] - delay(2, STOP_ON_FAILURE): Delayed 2 second(s)

2020-08-03 15:13:32 - [MESSAGE][PASSED] - Delayed 2 second(s)

2020-08-03 15:13:32 - [TEST_STEP][PASSED] - takeScreenshot("C:\Users\LENOVO\Screenshot\KLIATicket\Ticket7.png", STOP_ON_FAILURE): Screenshot is taken

2020-08-03 15:13:33 - [MESSAGE][PASSED] - Screenshot is taken
[[ATTACHMENT|C:\\Users\\LENOVO\\Screenshot\\KLIATicket\\Ticket7.png]]

2020-08-03 15:13:33 - [TEST_STEP][PASSED] - driver = getDriver(): null

2020-08-03 15:13:33 - [TEST_STEP][PASSED] - driver.pressKeyCode(ENTER): null

2020-08-03 15:13:34 - [TEST_STEP][PASSED] - getText(findTestObject("Maya/KLIA/android.widget.TextView0 - RM 60.75"), 0): Text of element 'Object Repository/Maya/KLIA/android.widget.TextView0 - RM 60.75' is: 'RM 60.75'

2020-08-03 15:13:34 - [MESSAGE][WARNING] - Timeout '0' is invalid. Using default page load timeout: '10'

2020-08-03 15:13:39 - [MESSAGE][PASSED] - Text of element 'Object Repository/Maya/KLIA/android.widget.TextView0 - RM 60.75' is: 'RM 60.75'

2020-08-03 15:13:39 - [TEST_STEP][PASSED] - trx5 = 75"), 0).substring(3): Text of element 'Object Repository/Maya/KLIA/android.widget.TextView0 - RM 60.75' is: 'RM 60.75'

2020-08-03 15:13:39 - [MESSAGE][WARNING] - Timeout '0' is invalid. Using default page load timeout: '10'

2020-08-03 15:13:40 - [MESSAGE][PASSED] - Text of element 'Object Repository/Maya/KLIA/android.widget.TextView0 - RM 60.75' is: 'RM 60.75'

2020-08-03 15:13:40 - [TEST_STEP][PASSED] - trx51 = trx5.replaceAll("[^a-zA-Z0-9]+", ""): null

2020-08-03 15:13:40 - [TEST_STEP][PASSED] - out.println(trx51): null

2020-08-03 15:13:40 - [TEST_STEP][PASSED] - trx511 = trx51: null

2020-08-03 15:13:40 - [TEST_STEP][PASSED] - out.println(trx511): null

2020-08-03 15:13:40 - [TEST_STEP][NOT_RUN] - getText(findTestObject("Maya/KLIA/android.widget.TextView0 - Summary"), 0): NOT_RUN: getText(findTestObject("Maya/KLIA/android.widget.TextView0 - Summary"), 0)

2020-08-03 15:13:40 - [MESSAGE][NOT_RUN] - NOT_RUN: getText(findTestObject("Maya/KLIA/android.widget.TextView0 - Summary"), 0)

2020-08-03 15:13:40 - [TEST_STEP][PASSED] - getText(findTestObject("Maya/KLIA/android.widget.TextView0 - Confirmation"), 0): Text of element 'Object Repository/Maya/KLIA/android.widget.TextView0 - Confirmation' is: 'Confirmation'

2020-08-03 15:13:40 - [MESSAGE][WARNING] - Timeout '0' is invalid. Using default page load timeout: '10'

2020-08-03 15:13:41 - [MESSAGE][PASSED] - Text of element 'Object Repository/Maya/KLIA/android.widget.TextView0 - Confirmation' is: 'Confirmation'

2020-08-03 15:13:41 - [TEST_STEP][PASSED] - verifyElementVisible(findTestObject("Maya/KLIA/android.widget.TextView0 - Confirmation"), 0): Element 'Object Repository/Maya/KLIA/android.widget.TextView0 - Confirmation' is visible

2020-08-03 15:13:41 - [MESSAGE][WARNING] - Timeout '0' is invalid. Using default page load timeout: '10'

2020-08-03 15:13:41 - [MESSAGE][PASSED] - Element 'Object Repository/Maya/KLIA/android.widget.TextView0 - Confirmation' is visible

2020-08-03 15:13:41 - [TEST_STEP][PASSED] - getText(findTestObject("Maya/KLIA/android.widget.TextView0 - KLIA Ekspres (1)"), 0): Text of element 'Object Repository/Maya/KLIA/android.widget.TextView0 - KLIA Ekspres (1)' is: 'KLIA Ekspres'

2020-08-03 15:13:41 - [MESSAGE][WARNING] - Timeout '0' is invalid. Using default page load timeout: '10'

2020-08-03 15:13:41 - [MESSAGE][PASSED] - Text of element 'Object Repository/Maya/KLIA/android.widget.TextView0 - KLIA Ekspres (1)' is: 'KLIA Ekspres'

2020-08-03 15:13:41 - [TEST_STEP][PASSED] - verifyElementVisible(findTestObject("Maya/KLIA/android.widget.TextView0 - KLIA Ekspres (1)"), 0): Element 'Object Repository/Maya/KLIA/android.widget.TextView0 - KLIA Ekspres (1)' is visible

2020-08-03 15:13:41 - [MESSAGE][WARNING] - Timeout '0' is invalid. Using default page load timeout: '10'

2020-08-03 15:13:41 - [MESSAGE][PASSED] - Element 'Object Repository/Maya/KLIA/android.widget.TextView0 - KLIA Ekspres (1)' is visible

2020-08-03 15:13:41 - [TEST_STEP][PASSED] - getText(findTestObject("Maya/KLIA/android.widget.TextView0 - 20 Jul 2020"), 0): Text of element 'Object Repository/Maya/KLIA/android.widget.TextView0 - 20 Jul 2020' is: '01 Sep 2020'

2020-08-03 15:13:42 - [MESSAGE][WARNING] - Timeout '0' is invalid. Using default page load timeout: '10'

2020-08-03 15:13:42 - [MESSAGE][PASSED] - Text of element 'Object Repository/Maya/KLIA/android.widget.TextView0 - 20 Jul 2020' is: '01 Sep 2020'

2020-08-03 15:13:42 - [TEST_STEP][PASSED] - verifyElementExist(findTestObject("Maya/KLIA/android.widget.TextView0 - 20 Jul 2020"), 0): Element 'Object Repository/Maya/KLIA/android.widget.TextView0 - 20 Jul 2020' is exist

2020-08-03 15:13:42 - [MESSAGE][WARNING] - Timeout '0' is invalid. Using default page load timeout: '10'

2020-08-03 15:13:42 - [MESSAGE][PASSED] - Element 'Object Repository/Maya/KLIA/android.widget.TextView0 - 20 Jul 2020' is exist

2020-08-03 15:13:42 - [TEST_STEP][PASSED] - getText(findTestObject("Maya/KLIA/android.widget.TextView0 - Pay from"), 0): Text of element 'Object Repository/Maya/KLIA/android.widget.TextView0 - Pay from' is: 'Pay from'

2020-08-03 15:13:42 - [MESSAGE][WARNING] - Timeout '0' is invalid. Using default page load timeout: '10'

2020-08-03 15:13:43 - [MESSAGE][PASSED] - Text of element 'Object Repository/Maya/KLIA/android.widget.TextView0 - Pay from' is: 'Pay from'

2020-08-03 15:13:43 - [TEST_STEP][PASSED] - verifyElementVisible(findTestObject("Maya/KLIA/android.widget.TextView0 - Pay from"), 0): Element 'Object Repository/Maya/KLIA/android.widget.TextView0 - Pay from' is visible

2020-08-03 15:13:43 - [MESSAGE][WARNING] - Timeout '0' is invalid. Using default page load timeout: '10'

2020-08-03 15:13:44 - [MESSAGE][PASSED] - Element 'Object Repository/Maya/KLIA/android.widget.TextView0 - Pay from' is visible

2020-08-03 15:13:44 - [TEST_STEP][PASSED] - getText(findTestObject("Maya/KLIA/android.widget.TextView0 - Date (1)"), 0): Text of element 'Object Repository/Maya/KLIA/android.widget.TextView0 - Date (1)' is: 'Date'

2020-08-03 15:13:45 - [MESSAGE][WARNING] - Timeout '0' is invalid. Using default page load timeout: '10'

2020-08-03 15:13:45 - [MESSAGE][PASSED] - Text of element 'Object Repository/Maya/KLIA/android.widget.TextView0 - Date (1)' is: 'Date'

2020-08-03 15:13:45 - [TEST_STEP][PASSED] - verifyElementVisible(findTestObject("Maya/KLIA/android.widget.TextView0 - Date (1)"), 0): Element 'Object Repository/Maya/KLIA/android.widget.TextView0 - Date (1)' is visible

2020-08-03 15:13:45 - [MESSAGE][WARNING] - Timeout '0' is invalid. Using default page load timeout: '10'

2020-08-03 15:13:46 - [MESSAGE][PASSED] - Element 'Object Repository/Maya/KLIA/android.widget.TextView0 - Date (1)' is visible

2020-08-03 15:13:46 - [TEST_STEP][PASSED] - delay(2, STOP_ON_FAILURE): Delayed 2 second(s)

2020-08-03 15:13:48 - [MESSAGE][PASSED] - Delayed 2 second(s)

2020-08-03 15:13:48 - [TEST_STEP][PASSED] - takeScreenshot("C:\Users\LENOVO\Screenshot\KLIATicket\Ticket8.png", STOP_ON_FAILURE): Screenshot is taken

2020-08-03 15:13:49 - [MESSAGE][PASSED] - Screenshot is taken
[[ATTACHMENT|C:\\Users\\LENOVO\\Screenshot\\KLIATicket\\Ticket8.png]]

2020-08-03 15:13:49 - [TEST_STEP][PASSED] - verifyElementExist(findTestObject("Maya/KLIA/android.widget.TextView0 - Date (1)"), 0): Element 'Object Repository/Maya/KLIA/android.widget.TextView0 - Date (1)' is exist

2020-08-03 15:13:49 - [MESSAGE][WARNING] - Timeout '0' is invalid. Using default page load timeout: '10'

2020-08-03 15:13:50 - [MESSAGE][PASSED] - Element 'Object Repository/Maya/KLIA/android.widget.TextView0 - Date (1)' is exist

2020-08-03 15:13:50 - [TEST_STEP][PASSED] - tap(findTestObject("Maya/Movie Ticket/android.widget.TextView0 - Pay Now"), 0): Tapped on element 'Object Repository/Maya/Movie Ticket/android.widget.TextView0 - Pay Now'

2020-08-03 15:13:50 - [MESSAGE][WARNING] - Timeout '0' is invalid. Using default page load timeout: '10'

2020-08-03 15:13:52 - [MESSAGE][PASSED] - Tapped on element 'Object Repository/Maya/Movie Ticket/android.widget.TextView0 - Pay Now'

2020-08-03 15:13:52 - [TEST_STEP][PASSED] - if (verifyElementExist(findTestObject("Maya/spy/android.widget.TextView0 - Your TAC no. is 822872v3"), 3)): null

2020-08-03 15:13:54 - [MESSAGE][PASSED] - Element 'Object Repository/Maya/spy/android.widget.TextView0 - Your TAC no. is 822872v3' is exist

2020-08-03 15:13:54 - [TEST_STEP][PASSED] - otpM = getText(findTestObject("Maya/spy/android.widget.TextView0 - Your TAC no. is 822872v3"), 0): Text of element 'Object Repository/Maya/spy/android.widget.TextView0 - Your TAC no. is 822872v3' is: 'Your TAC no. is 660528'

2020-08-03 15:13:54 - [MESSAGE][WARNING] - Timeout '0' is invalid. Using default page load timeout: '10'

2020-08-03 15:13:55 - [MESSAGE][PASSED] - Text of element 'Object Repository/Maya/spy/android.widget.TextView0 - Your TAC no. is 822872v3' is: 'Your TAC no. is 660528'

2020-08-03 15:13:55 - [TEST_STEP][PASSED] - delay(2): Delayed 2 second(s)

2020-08-03 15:13:57 - [MESSAGE][PASSED] - Delayed 2 second(s)

2020-08-03 15:13:57 - [TEST_STEP][PASSED] - for ([i = 16, i <= 21, (i++)]): null

2020-08-03 15:13:57 - [TEST_STEP][PASSED] - delay(3, STOP_ON_FAILURE): Delayed 3 second(s)

2020-08-03 15:14:00 - [MESSAGE][PASSED] - Delayed 3 second(s)

2020-08-03 15:14:00 - [TEST_STEP][PASSED] - if (otpM[i] == "0"): null

2020-08-03 15:14:00 - [TEST_STEP][PASSED] - if (otpM[i] == "1"): null

2020-08-03 15:14:00 - [TEST_STEP][PASSED] - if (otpM[i] == "2"): null

2020-08-03 15:14:00 - [TEST_STEP][PASSED] - if (otpM[i] == "3"): null

2020-08-03 15:14:00 - [TEST_STEP][PASSED] - if (otpM[i] == "4"): null

2020-08-03 15:14:00 - [TEST_STEP][PASSED] - if (otpM[i] == "5"): null

2020-08-03 15:14:00 - [TEST_STEP][PASSED] - if (otpM[i] == "6"): Tapped on element 'Object Repository/Maya/login again/Spy- 6'

2020-08-03 15:14:00 - [TEST_STEP][PASSED] - delay(1, STOP_ON_FAILURE): Delayed 1 second(s)

2020-08-03 15:14:01 - [MESSAGE][PASSED] - Delayed 1 second(s)

2020-08-03 15:14:01 - [TEST_STEP][PASSED] - tap(findTestObject("Maya/login again/Spy- 6"), 0): Tapped on element 'Object Repository/Maya/login again/Spy- 6'

2020-08-03 15:14:01 - [MESSAGE][WARNING] - Timeout '0' is invalid. Using default page load timeout: '10'

2020-08-03 15:14:03 - [MESSAGE][PASSED] - Tapped on element 'Object Repository/Maya/login again/Spy- 6'

2020-08-03 15:14:03 - [TEST_STEP][PASSED] - if (otpM[i] == "7"): null

2020-08-03 15:14:03 - [TEST_STEP][PASSED] - if (otpM[i] == "8"): null

2020-08-03 15:14:03 - [TEST_STEP][PASSED] - if (otpM[i] == "9"): null

2020-08-03 15:14:03 - [TEST_STEP][PASSED] - delay(3, STOP_ON_FAILURE): Delayed 3 second(s)

2020-08-03 15:14:06 - [MESSAGE][PASSED] - Delayed 3 second(s)

2020-08-03 15:14:06 - [TEST_STEP][PASSED] - if (otpM[i] == "0"): null

2020-08-03 15:14:06 - [TEST_STEP][PASSED] - if (otpM[i] == "1"): null

2020-08-03 15:14:06 - [TEST_STEP][PASSED] - if (otpM[i] == "2"): null

2020-08-03 15:14:06 - [TEST_STEP][PASSED] - if (otpM[i] == "3"): null

2020-08-03 15:14:06 - [TEST_STEP][PASSED] - if (otpM[i] == "4"): null

2020-08-03 15:14:06 - [TEST_STEP][PASSED] - if (otpM[i] == "5"): null

2020-08-03 15:14:06 - [TEST_STEP][PASSED] - if (otpM[i] == "6"): Tapped on element 'Object Repository/Maya/login again/Spy- 6'

2020-08-03 15:14:06 - [TEST_STEP][PASSED] - delay(1, STOP_ON_FAILURE): Delayed 1 second(s)

2020-08-03 15:14:07 - [MESSAGE][PASSED] - Delayed 1 second(s)

2020-08-03 15:14:07 - [TEST_STEP][PASSED] - tap(findTestObject("Maya/login again/Spy- 6"), 0): Tapped on element 'Object Repository/Maya/login again/Spy- 6'

2020-08-03 15:14:07 - [MESSAGE][WARNING] - Timeout '0' is invalid. Using default page load timeout: '10'

2020-08-03 15:14:09 - [MESSAGE][PASSED] - Tapped on element 'Object Repository/Maya/login again/Spy- 6'

2020-08-03 15:14:09 - [TEST_STEP][PASSED] - if (otpM[i] == "7"): null

2020-08-03 15:14:09 - [TEST_STEP][PASSED] - if (otpM[i] == "8"): null

2020-08-03 15:14:09 - [TEST_STEP][PASSED] - if (otpM[i] == "9"): null

2020-08-03 15:14:09 - [TEST_STEP][PASSED] - delay(3, STOP_ON_FAILURE): Delayed 3 second(s)

2020-08-03 15:14:12 - [MESSAGE][PASSED] - Delayed 3 second(s)

2020-08-03 15:14:12 - [TEST_STEP][PASSED] - if (otpM[i] == "0"): Tapped on element 'Object Repository/Maya/login again/Spy-0'

2020-08-03 15:14:12 - [TEST_STEP][PASSED] - delay(1, STOP_ON_FAILURE): Delayed 1 second(s)

2020-08-03 15:14:13 - [MESSAGE][PASSED] - Delayed 1 second(s)

2020-08-03 15:14:13 - [TEST_STEP][PASSED] - tap(findTestObject("Maya/login again/Spy-0"), 0): Tapped on element 'Object Repository/Maya/login again/Spy-0'

2020-08-03 15:14:13 - [MESSAGE][WARNING] - Timeout '0' is invalid. Using default page load timeout: '10'

2020-08-03 15:14:17 - [MESSAGE][PASSED] - Tapped on element 'Object Repository/Maya/login again/Spy-0'

2020-08-03 15:14:17 - [TEST_STEP][PASSED] - if (otpM[i] == "1"): null

2020-08-03 15:14:17 - [TEST_STEP][PASSED] - if (otpM[i] == "2"): null

2020-08-03 15:14:17 - [TEST_STEP][PASSED] - if (otpM[i] == "3"): null

2020-08-03 15:14:17 - [TEST_STEP][PASSED] - if (otpM[i] == "4"): null

2020-08-03 15:14:17 - [TEST_STEP][PASSED] - if (otpM[i] == "5"): null

2020-08-03 15:14:17 - [TEST_STEP][PASSED] - if (otpM[i] == "6"): null

2020-08-03 15:14:17 - [TEST_STEP][PASSED] - if (otpM[i] == "7"): null

2020-08-03 15:14:17 - [TEST_STEP][PASSED] - if (otpM[i] == "8"): null

2020-08-03 15:14:17 - [TEST_STEP][PASSED] - if (otpM[i] == "9"): null

2020-08-03 15:14:17 - [TEST_STEP][PASSED] - delay(3, STOP_ON_FAILURE): Delayed 3 second(s)

2020-08-03 15:14:20 - [MESSAGE][PASSED] - Delayed 3 second(s)

2020-08-03 15:14:20 - [TEST_STEP][PASSED] - if (otpM[i] == "0"): null

2020-08-03 15:14:20 - [TEST_STEP][PASSED] - if (otpM[i] == "1"): null

2020-08-03 15:14:20 - [TEST_STEP][PASSED] - if (otpM[i] == "2"): null

2020-08-03 15:14:20 - [TEST_STEP][PASSED] - if (otpM[i] == "3"): null

2020-08-03 15:14:20 - [TEST_STEP][PASSED] - if (otpM[i] == "4"): null

2020-08-03 15:14:20 - [TEST_STEP][PASSED] - if (otpM[i] == "5"): Tapped on element 'Object Repository/Maya/login again/Spy- 5'

2020-08-03 15:14:20 - [TEST_STEP][PASSED] - delay(1, STOP_ON_FAILURE): Delayed 1 second(s)

2020-08-03 15:14:21 - [MESSAGE][PASSED] - Delayed 1 second(s)

2020-08-03 15:14:21 - [TEST_STEP][PASSED] - tap(findTestObject("Maya/login again/Spy- 5"), 0): Tapped on element 'Object Repository/Maya/login again/Spy- 5'

2020-08-03 15:14:21 - [MESSAGE][WARNING] - Timeout '0' is invalid. Using default page load timeout: '10'

2020-08-03 15:14:25 - [MESSAGE][PASSED] - Tapped on element 'Object Repository/Maya/login again/Spy- 5'

2020-08-03 15:14:25 - [TEST_STEP][PASSED] - if (otpM[i] == "6"): null

2020-08-03 15:14:25 - [TEST_STEP][PASSED] - if (otpM[i] == "7"): null

2020-08-03 15:14:25 - [TEST_STEP][PASSED] - if (otpM[i] == "8"): null

2020-08-03 15:14:25 - [TEST_STEP][PASSED] - if (otpM[i] == "9"): null

2020-08-03 15:14:25 - [TEST_STEP][PASSED] - delay(3, STOP_ON_FAILURE): Delayed 3 second(s)

2020-08-03 15:14:28 - [MESSAGE][PASSED] - Delayed 3 second(s)

2020-08-03 15:14:28 - [TEST_STEP][PASSED] - if (otpM[i] == "0"): null

2020-08-03 15:14:28 - [TEST_STEP][PASSED] - if (otpM[i] == "1"): null

2020-08-03 15:14:28 - [TEST_STEP][PASSED] - if (otpM[i] == "2"): Tapped on element 'Object Repository/Maya/login again/Spy- 2'

2020-08-03 15:14:28 - [TEST_STEP][PASSED] - delay(1, STOP_ON_FAILURE): Delayed 1 second(s)

2020-08-03 15:14:29 - [MESSAGE][PASSED] - Delayed 1 second(s)

2020-08-03 15:14:29 - [TEST_STEP][PASSED] - tap(findTestObject("Maya/login again/Spy- 2"), 0): Tapped on element 'Object Repository/Maya/login again/Spy- 2'

2020-08-03 15:14:29 - [MESSAGE][WARNING] - Timeout '0' is invalid. Using default page load timeout: '10'

2020-08-03 15:14:31 - [MESSAGE][PASSED] - Tapped on element 'Object Repository/Maya/login again/Spy- 2'

2020-08-03 15:14:31 - [TEST_STEP][PASSED] - if (otpM[i] == "3"): null

2020-08-03 15:14:31 - [TEST_STEP][PASSED] - if (otpM[i] == "4"): null

2020-08-03 15:14:31 - [TEST_STEP][PASSED] - if (otpM[i] == "5"): null

2020-08-03 15:14:31 - [TEST_STEP][PASSED] - if (otpM[i] == "6"): null

2020-08-03 15:14:31 - [TEST_STEP][PASSED] - if (otpM[i] == "7"): null

2020-08-03 15:14:31 - [TEST_STEP][PASSED] - if (otpM[i] == "8"): null

2020-08-03 15:14:31 - [TEST_STEP][PASSED] - if (otpM[i] == "9"): null

2020-08-03 15:14:31 - [TEST_STEP][PASSED] - delay(3, STOP_ON_FAILURE): Delayed 3 second(s)

2020-08-03 15:14:34 - [MESSAGE][PASSED] - Delayed 3 second(s)

2020-08-03 15:14:34 - [TEST_STEP][PASSED] - if (otpM[i] == "0"): null

2020-08-03 15:14:34 - [TEST_STEP][PASSED] - if (otpM[i] == "1"): null

2020-08-03 15:14:34 - [TEST_STEP][PASSED] - if (otpM[i] == "2"): null

2020-08-03 15:14:34 - [TEST_STEP][PASSED] - if (otpM[i] == "3"): null

2020-08-03 15:14:34 - [TEST_STEP][PASSED] - if (otpM[i] == "4"): null

2020-08-03 15:14:34 - [TEST_STEP][PASSED] - if (otpM[i] == "5"): null

2020-08-03 15:14:34 - [TEST_STEP][PASSED] - if (otpM[i] == "6"): null

2020-08-03 15:14:34 - [TEST_STEP][PASSED] - if (otpM[i] == "7"): null

2020-08-03 15:14:34 - [TEST_STEP][PASSED] - if (otpM[i] == "8"): Tapped on element 'Object Repository/Maya/login again/Spy - 8'

2020-08-03 15:14:34 - [TEST_STEP][PASSED] - delay(1, STOP_ON_FAILURE): Delayed 1 second(s)

2020-08-03 15:14:35 - [MESSAGE][PASSED] - Delayed 1 second(s)

2020-08-03 15:14:35 - [TEST_STEP][PASSED] - tap(findTestObject("Maya/login again/Spy - 8"), 0): Tapped on element 'Object Repository/Maya/login again/Spy - 8'

2020-08-03 15:14:35 - [MESSAGE][WARNING] - Timeout '0' is invalid. Using default page load timeout: '10'

2020-08-03 15:14:36 - [MESSAGE][PASSED] - Tapped on element 'Object Repository/Maya/login again/Spy - 8'

2020-08-03 15:14:36 - [TEST_STEP][PASSED] - if (otpM[i] == "9"): null

2020-08-03 15:14:36 - [TEST_STEP][PASSED] - delay(8, STOP_ON_FAILURE): Delayed 8 second(s)

2020-08-03 15:14:44 - [MESSAGE][PASSED] - Delayed 8 second(s)

2020-08-03 15:14:44 - [TEST_STEP][PASSED] - tapAtPosition(826, 2048): Tapped at [826, 2,048]

2020-08-03 15:14:45 - [MESSAGE][PASSED] - Tapped at [826, 2,048]

2020-08-03 15:14:45 - [TEST_STEP][FAILED] - if (verifyElementExist(findTestObject("Maya/KLIA/android.widget.TextView0 - Approve"), 0)): Element 'Object Repository/Maya/KLIA/android.widget.TextView0 - Approve' not found

2020-08-03 15:14:45 - [MESSAGE][WARNING] - Timeout '0' is invalid. Using default page load timeout: '10'

2020-08-03 15:14:57 - [MESSAGE][FAILED] - Element 'Object Repository/Maya/KLIA/android.widget.TextView0 - Approve' not found
[[ATTACHMENT|C:\\Users\\LENOVO\\Git_new\\Maya\\Reports\\20200803_151102\\Maya UAT\\UAT Test Suite\\20200803_151102\\1596438896105.png]]

2020-08-03 15:14:57 - [TEST_STEP][PASSED] - delay(3, STOP_ON_FAILURE): Delayed 3 second(s)

2020-08-03 15:15:00 - [MESSAGE][PASSED] - Delayed 3 second(s)

2020-08-03 15:15:00 - [TEST_STEP][PASSED] - getText(findTestObject("Maya/Bus Ticket/android.widget.TextView0 - Payment successful"), 0): Text of element 'Object Repository/Maya/Bus Ticket/android.widget.TextView0 - Payment successful' is: 'Payment successful'

2020-08-03 15:15:00 - [MESSAGE][WARNING] - Timeout '0' is invalid. Using default page load timeout: '10'

2020-08-03 15:15:02 - [MESSAGE][PASSED] - Text of element 'Object Repository/Maya/Bus Ticket/android.widget.TextView0 - Payment successful' is: 'Payment successful'

2020-08-03 15:15:02 - [TEST_STEP][PASSED] - delay(2, STOP_ON_FAILURE): Delayed 2 second(s)

2020-08-03 15:15:04 - [MESSAGE][PASSED] - Delayed 2 second(s)

2020-08-03 15:15:04 - [TEST_STEP][PASSED] - takeScreenshot("C:\Users\LENOVO\Screenshot\KLIATicket\Ticket10.png", STOP_ON_FAILURE): Screenshot is taken

2020-08-03 15:15:05 - [MESSAGE][PASSED] - Screenshot is taken
[[ATTACHMENT|C:\\Users\\LENOVO\\Screenshot\\KLIATicket\\Ticket10.png]]

2020-08-03 15:15:05 - [TEST_STEP][PASSED] - verifyElementExist(findTestObject("Maya/Bus Ticket/android.widget.TextView0 - Payment successful"), 0): Element 'Object Repository/Maya/Bus Ticket/android.widget.TextView0 - Payment successful' is exist

2020-08-03 15:15:05 - [MESSAGE][WARNING] - Timeout '0' is invalid. Using default page load timeout: '10'

2020-08-03 15:15:06 - [MESSAGE][PASSED] - Element 'Object Repository/Maya/Bus Ticket/android.widget.TextView0 - Payment successful' is exist

2020-08-03 15:15:06 - [TEST_STEP][PASSED] - getText(findTestObject("Maya/KLIA/android.widget.TextView0 - Payment successful"), 0): Text of element 'Object Repository/Maya/KLIA/android.widget.TextView0 - Payment successful' is: 'Payment successful'

2020-08-03 15:15:07 - [MESSAGE][WARNING] - Timeout '0' is invalid. Using default page load timeout: '10'

2020-08-03 15:15:07 - [MESSAGE][PASSED] - Text of element 'Object Repository/Maya/KLIA/android.widget.TextView0 - Payment successful' is: 'Payment successful'

2020-08-03 15:15:07 - [TEST_STEP][PASSED] - verifyElementExist(findTestObject("Maya/KLIA/android.widget.TextView0 - Payment successful"), 0): Element 'Object Repository/Maya/KLIA/android.widget.TextView0 - Payment successful' is exist

2020-08-03 15:15:07 - [MESSAGE][WARNING] - Timeout '0' is invalid. Using default page load timeout: '10'

2020-08-03 15:15:08 - [MESSAGE][PASSED] - Element 'Object Repository/Maya/KLIA/android.widget.TextView0 - Payment successful' is exist

2020-08-03 15:15:08 - [TEST_STEP][PASSED] - getText(findTestObject("Maya/KLIA/android.widget.TextView0 - Reference ID"), 0): Text of element 'Object Repository/Maya/KLIA/android.widget.TextView0 - Reference ID' is: 'Reference ID'

2020-08-03 15:15:08 - [MESSAGE][WARNING] - Timeout '0' is invalid. Using default page load timeout: '10'

2020-08-03 15:15:08 - [MESSAGE][PASSED] - Text of element 'Object Repository/Maya/KLIA/android.widget.TextView0 - Reference ID' is: 'Reference ID'

2020-08-03 15:15:08 - [TEST_STEP][PASSED] - verifyElementExist(findTestObject("Maya/KLIA/android.widget.TextView0 - Reference ID"), 0): Element 'Object Repository/Maya/KLIA/android.widget.TextView0 - Reference ID' is exist

2020-08-03 15:15:08 - [MESSAGE][WARNING] - Timeout '0' is invalid. Using default page load timeout: '10'

2020-08-03 15:15:08 - [MESSAGE][PASSED] - Element 'Object Repository/Maya/KLIA/android.widget.TextView0 - Reference ID' is exist

2020-08-03 15:15:08 - [TEST_STEP][PASSED] - getText(findTestObject("Maya/KLIA/android.widget.TextView0 - Date  time"), 0): Text of element 'Object Repository/Maya/KLIA/android.widget.TextView0 - Date  time' is: 'Date & time'

2020-08-03 15:15:08 - [MESSAGE][WARNING] - Timeout '0' is invalid. Using default page load timeout: '10'

2020-08-03 15:15:08 - [MESSAGE][PASSED] - Text of element 'Object Repository/Maya/KLIA/android.widget.TextView0 - Date  time' is: 'Date & time'

2020-08-03 15:15:08 - [TEST_STEP][PASSED] - verifyElementExist(findTestObject("Maya/KLIA/android.widget.TextView0 - Date  time"), 0): Element 'Object Repository/Maya/KLIA/android.widget.TextView0 - Date  time' is exist

2020-08-03 15:15:08 - [MESSAGE][WARNING] - Timeout '0' is invalid. Using default page load timeout: '10'

2020-08-03 15:15:09 - [MESSAGE][PASSED] - Element 'Object Repository/Maya/KLIA/android.widget.TextView0 - Date  time' is exist

2020-08-03 15:15:09 - [TEST_STEP][PASSED] - tap(findTestObject("Maya/KLIA/android.widget.TextView0 - Share Receipt"), 0): Tapped on element 'Object Repository/Maya/KLIA/android.widget.TextView0 - Share Receipt'

2020-08-03 15:15:09 - [MESSAGE][WARNING] - Timeout '0' is invalid. Using default page load timeout: '10'

2020-08-03 15:15:10 - [MESSAGE][PASSED] - Tapped on element 'Object Repository/Maya/KLIA/android.widget.TextView0 - Share Receipt'

2020-08-03 15:15:10 - [TEST_STEP][PASSED] - tap(findTestObject("Maya/KLIA/android.widget.ImageView0 (3)"), 0): Tapped on element 'Object Repository/Maya/KLIA/android.widget.ImageView0 (3)'

2020-08-03 15:15:10 - [MESSAGE][WARNING] - Timeout '0' is invalid. Using default page load timeout: '10'

2020-08-03 15:15:14 - [MESSAGE][PASSED] - Tapped on element 'Object Repository/Maya/KLIA/android.widget.ImageView0 (3)'

2020-08-03 15:15:14 - [TEST_STEP][PASSED] - tap(findTestObject("Maya/KLIA/android.widget.Button0 - Cancel"), 0): Tapped on element 'Object Repository/Maya/KLIA/android.widget.Button0 - Cancel'

2020-08-03 15:15:14 - [MESSAGE][WARNING] - Timeout '0' is invalid. Using default page load timeout: '10'

2020-08-03 15:15:19 - [MESSAGE][PASSED] - Tapped on element 'Object Repository/Maya/KLIA/android.widget.Button0 - Cancel'

2020-08-03 15:15:19 - [TEST_STEP][PASSED] - getText(findTestObject("Maya/KLIA/android.view.View0 - Reference ID"), 0): Text of element 'Object Repository/Maya/KLIA/android.view.View0 - Reference ID' is: 'Reference ID'

2020-08-03 15:15:20 - [MESSAGE][WARNING] - Timeout '0' is invalid. Using default page load timeout: '10'

2020-08-03 15:15:20 - [MESSAGE][PASSED] - Text of element 'Object Repository/Maya/KLIA/android.view.View0 - Reference ID' is: 'Reference ID'

2020-08-03 15:15:20 - [TEST_STEP][PASSED] - verifyElementExist(findTestObject("Maya/KLIA/android.view.View0 - Reference ID"), 0): Element 'Object Repository/Maya/KLIA/android.view.View0 - Reference ID' is exist

2020-08-03 15:15:20 - [MESSAGE][WARNING] - Timeout '0' is invalid. Using default page load timeout: '10'

2020-08-03 15:15:22 - [MESSAGE][PASSED] - Element 'Object Repository/Maya/KLIA/android.view.View0 - Reference ID' is exist

2020-08-03 15:15:22 - [TEST_STEP][PASSED] - delay(2, STOP_ON_FAILURE): Delayed 2 second(s)

2020-08-03 15:15:24 - [MESSAGE][PASSED] - Delayed 2 second(s)

2020-08-03 15:15:24 - [TEST_STEP][PASSED] - takeScreenshot("C:\Users\LENOVO\Screenshot\KLIATicket\Ticket11.png", STOP_ON_FAILURE): Screenshot is taken

2020-08-03 15:15:25 - [MESSAGE][PASSED] - Screenshot is taken
[[ATTACHMENT|C:\\Users\\LENOVO\\Screenshot\\KLIATicket\\Ticket11.png]]

2020-08-03 15:15:25 - [TEST_STEP][FAILED] - getText(findTestObject("Maya/Movie Ticket/android.widget.TextView0 - Share Receipt"), 0): Object Object Repository/Maya/Movie Ticket/android.widget.TextView0 - Share Receipt not found

2020-08-03 15:15:25 - [MESSAGE][WARNING] - Timeout '0' is invalid. Using default page load timeout: '10'

2020-08-03 15:15:36 - [MESSAGE][FAILED] - Object Object Repository/Maya/Movie Ticket/android.widget.TextView0 - Share Receipt not found
[[ATTACHMENT|C:\\Users\\LENOVO\\Git_new\\Maya\\Reports\\20200803_151102\\Maya UAT\\UAT Test Suite\\20200803_151102\\1596438935756.png]]

2020-08-03 15:15:36 - [TEST_STEP][FAILED] - verifyElementExist(findTestObject("Maya/Movie Ticket/android.widget.TextView0 - Share Receipt"), 0): Element 'Object Repository/Maya/Movie Ticket/android.widget.TextView0 - Share Receipt' not found

2020-08-03 15:15:36 - [MESSAGE][WARNING] - Timeout '0' is invalid. Using default page load timeout: '10'

2020-08-03 15:15:49 - [MESSAGE][FAILED] - Element 'Object Repository/Maya/Movie Ticket/android.widget.TextView0 - Share Receipt' not found
[[ATTACHMENT|C:\\Users\\LENOVO\\Git_new\\Maya\\Reports\\20200803_151102\\Maya UAT\\UAT Test Suite\\20200803_151102\\1596438948125.png]]

2020-08-03 15:15:49 - [TEST_STEP][PASSED] - getText(findTestObject("Maya/KLIA/android.view.View0 - Corporate Name"), 0): Text of element 'Object Repository/Maya/KLIA/android.view.View0 - Corporate Name' is: 'Corporate Name'

2020-08-03 15:15:49 - [MESSAGE][WARNING] - Timeout '0' is invalid. Using default page load timeout: '10'

2020-08-03 15:15:51 - [MESSAGE][PASSED] - Text of element 'Object Repository/Maya/KLIA/android.view.View0 - Corporate Name' is: 'Corporate Name'

2020-08-03 15:15:51 - [TEST_STEP][PASSED] - verifyElementExist(findTestObject("Maya/KLIA/android.view.View0 - Corporate Name"), 0): Element 'Object Repository/Maya/KLIA/android.view.View0 - Corporate Name' is exist

2020-08-03 15:15:51 - [MESSAGE][WARNING] - Timeout '0' is invalid. Using default page load timeout: '10'

2020-08-03 15:15:51 - [MESSAGE][PASSED] - Element 'Object Repository/Maya/KLIA/android.view.View0 - Corporate Name' is exist

2020-08-03 15:15:51 - [TEST_STEP][PASSED] - getText(findTestObject("Maya/KLIA/android.view.View0 - Booking number"), 0): Text of element 'Object Repository/Maya/KLIA/android.view.View0 - Booking number' is: 'Booking number'

2020-08-03 15:15:52 - [MESSAGE][WARNING] - Timeout '0' is invalid. Using default page load timeout: '10'

2020-08-03 15:15:52 - [MESSAGE][PASSED] - Text of element 'Object Repository/Maya/KLIA/android.view.View0 - Booking number' is: 'Booking number'

2020-08-03 15:15:52 - [TEST_STEP][PASSED] - verifyElementExist(findTestObject("Maya/KLIA/android.view.View0 - Booking number"), 0): Element 'Object Repository/Maya/KLIA/android.view.View0 - Booking number' is exist

2020-08-03 15:15:52 - [MESSAGE][WARNING] - Timeout '0' is invalid. Using default page load timeout: '10'

2020-08-03 15:15:52 - [MESSAGE][PASSED] - Element 'Object Repository/Maya/KLIA/android.view.View0 - Booking number' is exist

2020-08-03 15:15:52 - [TEST_STEP][PASSED] - getText(findTestObject("Maya/KLIA/android.view.View0 - Amount"), 0): Text of element 'Object Repository/Maya/KLIA/android.view.View0 - Amount' is: 'Amount'

2020-08-03 15:15:52 - [MESSAGE][WARNING] - Timeout '0' is invalid. Using default page load timeout: '10'

2020-08-03 15:15:52 - [MESSAGE][PASSED] - Text of element 'Object Repository/Maya/KLIA/android.view.View0 - Amount' is: 'Amount'

2020-08-03 15:15:52 - [TEST_STEP][PASSED] - verifyElementExist(findTestObject("Maya/KLIA/android.view.View0 - Amount"), 0): Element 'Object Repository/Maya/KLIA/android.view.View0 - Amount' is exist

2020-08-03 15:15:52 - [MESSAGE][WARNING] - Timeout '0' is invalid. Using default page load timeout: '10'

2020-08-03 15:15:53 - [MESSAGE][PASSED] - Element 'Object Repository/Maya/KLIA/android.view.View0 - Amount' is exist

2020-08-03 15:15:53 - [TEST_STEP][PASSED] - getText(findTestObject("Maya/KLIA/android.view.View0 - Train Tickets"), 0): Text of element 'Object Repository/Maya/KLIA/android.view.View0 - Train Tickets' is: 'Train Tickets'

2020-08-03 15:15:53 - [MESSAGE][WARNING] - Timeout '0' is invalid. Using default page load timeout: '10'

2020-08-03 15:15:54 - [MESSAGE][PASSED] - Text of element 'Object Repository/Maya/KLIA/android.view.View0 - Train Tickets' is: 'Train Tickets'

2020-08-03 15:15:54 - [TEST_STEP][PASSED] - getText(findTestObject("Maya/KLIA/android.view.View0 - Successful"), 0): Text of element 'Object Repository/Maya/KLIA/android.view.View0 - Successful' is: 'Successful'

2020-08-03 15:15:54 - [MESSAGE][WARNING] - Timeout '0' is invalid. Using default page load timeout: '10'

2020-08-03 15:15:54 - [MESSAGE][PASSED] - Text of element 'Object Repository/Maya/KLIA/android.view.View0 - Successful' is: 'Successful'

2020-08-03 15:15:54 - [TEST_STEP][PASSED] - verifyElementVisible(findTestObject("Maya/KLIA/android.view.View0 - 17180447831M"), 0): Element 'Object Repository/Maya/KLIA/android.view.View0 - 17180447831M' is visible

2020-08-03 15:15:54 - [MESSAGE][WARNING] - Timeout '0' is invalid. Using default page load timeout: '10'

2020-08-03 15:15:54 - [MESSAGE][PASSED] - Element 'Object Repository/Maya/KLIA/android.view.View0 - 17180447831M' is visible

2020-08-03 15:15:54 - [TEST_STEP][PASSED] - getText(findTestObject("Maya/KLIA/android.view.View0 - KLIA Ekspres"), 0): Text of element 'Object Repository/Maya/KLIA/android.view.View0 - KLIA Ekspres' is: 'KLIA Ekspres'

2020-08-03 15:15:54 - [MESSAGE][WARNING] - Timeout '0' is invalid. Using default page load timeout: '10'

2020-08-03 15:15:55 - [MESSAGE][PASSED] - Text of element 'Object Repository/Maya/KLIA/android.view.View0 - KLIA Ekspres' is: 'KLIA Ekspres'

2020-08-03 15:15:55 - [TEST_STEP][NOT_RUN] - verifyElementVisible(findTestObject("Maya/KLIA/android.view.View0 - 17180447831M (1)"), 0): NOT_RUN: verifyElementVisible(findTestObject("Maya/KLIA/android.view.View0 - 17180447831M (1)"), 0)

2020-08-03 15:15:55 - [MESSAGE][NOT_RUN] - NOT_RUN: verifyElementVisible(findTestObject("Maya/KLIA/android.view.View0 - 17180447831M (1)"), 0)

2020-08-03 15:15:55 - [TEST_STEP][PASSED] - verifyElementVisible(findTestObject("Maya/KLIA/android.view.View0 - RM 60.75"), 0): Element 'Object Repository/Maya/KLIA/android.view.View0 - RM 60.75' is visible

2020-08-03 15:15:55 - [MESSAGE][WARNING] - Timeout '0' is invalid. Using default page load timeout: '10'

2020-08-03 15:15:56 - [MESSAGE][PASSED] - Element 'Object Repository/Maya/KLIA/android.view.View0 - RM 60.75' is visible

2020-08-03 15:15:56 - [TEST_STEP][PASSED] - getText(findTestObject("Maya/KLIA/android.widget.TextView0 - Note This receipt is computer generated and no signature is required."), 0): Text of element 'Object Repository/Maya/KLIA/android.widget.TextView0 - Note This receipt is computer generated and no signature is required.' is: 'Note: This receipt is computer generated and no signature is required.'

2020-08-03 15:15:56 - [MESSAGE][WARNING] - Timeout '0' is invalid. Using default page load timeout: '10'

2020-08-03 15:15:56 - [MESSAGE][PASSED] - Text of element 'Object Repository/Maya/KLIA/android.widget.TextView0 - Note This receipt is computer generated and no signature is required.' is: 'Note: This receipt is computer generated and no signature is required.'

2020-08-03 15:15:56 - [TEST_STEP][PASSED] - tap(findTestObject("Maya/KLIA/android.widget.ImageView0 (4)"), 0): Tapped on element 'Object Repository/Maya/KLIA/android.widget.ImageView0 (4)'

2020-08-03 15:15:56 - [MESSAGE][WARNING] - Timeout '0' is invalid. Using default page load timeout: '10'

2020-08-03 15:15:57 - [MESSAGE][PASSED] - Tapped on element 'Object Repository/Maya/KLIA/android.widget.ImageView0 (4)'

2020-08-03 15:15:57 - [TEST_STEP][PASSED] - tap(findTestObject("Maya/KLIA/android.widget.TextView0 - Done (2)"), 0): Tapped on element 'Object Repository/Maya/KLIA/android.widget.TextView0 - Done (2)'

2020-08-03 15:15:58 - [MESSAGE][WARNING] - Timeout '0' is invalid. Using default page load timeout: '10'

2020-08-03 15:16:02 - [MESSAGE][PASSED] - Tapped on element 'Object Repository/Maya/KLIA/android.widget.TextView0 - Done (2)'

2020-08-03 15:16:02 - [TEST_STEP][PASSED] - tap(findTestObject("Maya/New_Transfer/android.widget.TextView0 - Wallet"), 0): Tapped on element 'Object Repository/Maya/New_Transfer/android.widget.TextView0 - Wallet'

2020-08-03 15:16:02 - [MESSAGE][WARNING] - Timeout '0' is invalid. Using default page load timeout: '10'

2020-08-03 15:16:05 - [MESSAGE][PASSED] - Tapped on element 'Object Repository/Maya/New_Transfer/android.widget.TextView0 - Wallet'

2020-08-03 15:16:05 - [TEST_STEP][PASSED] - getText(findTestObject("Maya/KLIA/android.widget.TextView0 - RM 981.40"), 0): Text of element 'Object Repository/Maya/KLIA/android.widget.TextView0 - RM 981.40' is: 'RM 302.90'

2020-08-03 15:16:06 - [MESSAGE][WARNING] - Timeout '0' is invalid. Using default page load timeout: '10'

2020-08-03 15:16:06 - [MESSAGE][PASSED] - Text of element 'Object Repository/Maya/KLIA/android.widget.TextView0 - RM 981.40' is: 'RM 302.90'

2020-08-03 15:16:06 - [TEST_STEP][PASSED] - trx4 = 40"), 0).substring(3): Text of element 'Object Repository/Maya/KLIA/android.widget.TextView0 - RM 981.40' is: 'RM 302.90'

2020-08-03 15:16:06 - [MESSAGE][WARNING] - Timeout '0' is invalid. Using default page load timeout: '10'

2020-08-03 15:16:07 - [MESSAGE][PASSED] - Text of element 'Object Repository/Maya/KLIA/android.widget.TextView0 - RM 981.40' is: 'RM 302.90'

2020-08-03 15:16:07 - [TEST_STEP][PASSED] - trx41 = trx4.replaceAll("[^a-zA-Z0-9]+", ""): null

2020-08-03 15:16:07 - [TEST_STEP][PASSED] - out.println(trx41): null

2020-08-03 15:16:07 - [TEST_STEP][PASSED] - trx411 = trx41: null

2020-08-03 15:16:07 - [TEST_STEP][PASSED] - out.println(trx411): null

2020-08-03 15:16:07 - [TEST_STEP][PASSED] - trx311 = trx611 - trx511: null

2020-08-03 15:16:07 - [TEST_STEP][PASSED] - if (trx311 == trx411): null

2020-08-03 15:16:07 - [TEST_STEP][PASSED] - out.println("Balance match"): null

2020-08-03 15:16:07 - [TEST_STEP][PASSED] - tap(findTestObject("Maya/New_Transfer/android.widget.TextView0 - View Transactions"), 0): Tapped on element 'Object Repository/Maya/New_Transfer/android.widget.TextView0 - View Transactions'

2020-08-03 15:16:07 - [MESSAGE][WARNING] - Timeout '0' is invalid. Using default page load timeout: '10'

2020-08-03 15:16:09 - [MESSAGE][PASSED] - Tapped on element 'Object Repository/Maya/New_Transfer/android.widget.TextView0 - View Transactions'

2020-08-03 15:16:09 - [TEST_STEP][PASSED] - getText(findTestObject("Maya/KLIA/android.widget.TextView0 - Today"), 0): Text of element 'Object Repository/Maya/KLIA/android.widget.TextView0 - Today' is: 'Today'

2020-08-03 15:16:09 - [MESSAGE][WARNING] - Timeout '0' is invalid. Using default page load timeout: '10'

2020-08-03 15:16:11 - [MESSAGE][PASSED] - Text of element 'Object Repository/Maya/KLIA/android.widget.TextView0 - Today' is: 'Today'

2020-08-03 15:16:11 - [TEST_STEP][PASSED] - verifyElementExist(findTestObject("Maya/KLIA/android.widget.TextView0 - Today"), 0): Element 'Object Repository/Maya/KLIA/android.widget.TextView0 - Today' is exist

2020-08-03 15:16:11 - [MESSAGE][WARNING] - Timeout '0' is invalid. Using default page load timeout: '10'

2020-08-03 15:16:11 - [MESSAGE][PASSED] - Element 'Object Repository/Maya/KLIA/android.widget.TextView0 - Today' is exist

2020-08-03 15:16:11 - [TEST_STEP][PASSED] - delay(2, STOP_ON_FAILURE): Delayed 2 second(s)

2020-08-03 15:16:13 - [MESSAGE][PASSED] - Delayed 2 second(s)

2020-08-03 15:16:13 - [TEST_STEP][PASSED] - takeScreenshot("C:\Users\LENOVO\Screenshot\KLIATicket\Ticket13.png", STOP_ON_FAILURE): Screenshot is taken

2020-08-03 15:16:14 - [MESSAGE][PASSED] - Screenshot is taken
[[ATTACHMENT|C:\\Users\\LENOVO\\Screenshot\\KLIATicket\\Ticket13.png]]

2020-08-03 15:16:14 - [TEST_STEP][PASSED] - tap(findTestObject("Maya/KLIA/android.widget.TextView0 - Home"), 0): Tapped on element 'Object Repository/Maya/KLIA/android.widget.TextView0 - Home'

2020-08-03 15:16:14 - [MESSAGE][WARNING] - Timeout '0' is invalid. Using default page load timeout: '10'

2020-08-03 15:16:27 - [MESSAGE][PASSED] - Tapped on element 'Object Repository/Maya/KLIA/android.widget.TextView0 - Home'

2020-08-03 15:16:27 - [TEST_STEP][PASSED] - tap(findTestObject("Maya/KLIA/android.widget.TextView0 - More (1)"), 0): Tapped on element 'Object Repository/Maya/KLIA/android.widget.TextView0 - More (1)'

2020-08-03 15:16:27 - [MESSAGE][WARNING] - Timeout '0' is invalid. Using default page load timeout: '10'

2020-08-03 15:16:40 - [MESSAGE][PASSED] - Tapped on element 'Object Repository/Maya/KLIA/android.widget.TextView0 - More (1)'

2020-08-03 15:16:40 - [TEST_STEP][PASSED] - tap(findTestObject("Maya/KLIA/android.widget.TextView0 - Notifications"), 0): Tapped on element 'Object Repository/Maya/KLIA/android.widget.TextView0 - Notifications'

2020-08-03 15:16:40 - [MESSAGE][WARNING] - Timeout '0' is invalid. Using default page load timeout: '10'

2020-08-03 15:16:43 - [MESSAGE][PASSED] - Tapped on element 'Object Repository/Maya/KLIA/android.widget.TextView0 - Notifications'

2020-08-03 15:16:43 - [TEST_STEP][NOT_RUN] - tap(findTestObject("Maya/KLIA/android.widget.TextView0 - Got It"), 0): NOT_RUN: tap(findTestObject("Maya/KLIA/android.widget.TextView0 - Got It"), 0)

2020-08-03 15:16:43 - [MESSAGE][NOT_RUN] - NOT_RUN: tap(findTestObject("Maya/KLIA/android.widget.TextView0 - Got It"), 0)

2020-08-03 15:16:43 - [TEST_STEP][PASSED] - getText(findTestObject("Maya/KLIA/android.widget.TextView0 - Maybank2u Payments"), 0): Text of element 'Object Repository/Maya/KLIA/android.widget.TextView0 - Maybank2u Payments' is: 'Maybank2u: Payments'

2020-08-03 15:16:43 - [MESSAGE][WARNING] - Timeout '0' is invalid. Using default page load timeout: '10'

2020-08-03 15:16:44 - [MESSAGE][PASSED] - Text of element 'Object Repository/Maya/KLIA/android.widget.TextView0 - Maybank2u Payments' is: 'Maybank2u: Payments'

2020-08-03 15:16:44 - [TEST_STEP][PASSED] - getText(findTestObject("Maya/KLIA/android.widget.TextView0 - Today (1)"), 0): Text of element 'Object Repository/Maya/KLIA/android.widget.TextView0 - Today (1)' is: 'Today'

2020-08-03 15:16:44 - [MESSAGE][WARNING] - Timeout '0' is invalid. Using default page load timeout: '10'

2020-08-03 15:16:45 - [MESSAGE][PASSED] - Text of element 'Object Repository/Maya/KLIA/android.widget.TextView0 - Today (1)' is: 'Today'

2020-08-03 15:16:45 - [TEST_STEP][PASSED] - takeScreenshot("C:\Users\LENOVO\Screenshot\KLIATicket\Ticket53.png", STOP_ON_FAILURE): Screenshot is taken

2020-08-03 15:16:46 - [MESSAGE][PASSED] - Screenshot is taken
[[ATTACHMENT|C:\\Users\\LENOVO\\Screenshot\\KLIATicket\\Ticket53.png]]

2020-08-03 15:16:46 - [TEST_STEP][PASSED] - verifyElementVisible(findTestObject("Maya/KLIA/android.widget.TextView0 - Successful payment of RM 182.25 to KLIA. REF180446966M"), 0): Element 'Object Repository/Maya/KLIA/android.widget.TextView0 - Successful payment of RM 182.25 to KLIA. REF180446966M' is visible

2020-08-03 15:16:46 - [MESSAGE][WARNING] - Timeout '0' is invalid. Using default page load timeout: '10'

2020-08-03 15:16:48 - [MESSAGE][PASSED] - Element 'Object Repository/Maya/KLIA/android.widget.TextView0 - Successful payment of RM 182.25 to KLIA. REF180446966M' is visible

2020-08-03 15:16:48 - [TEST_STEP][PASSED] - verifyElementVisible(findTestObject("Maya/KLIA/android.widget.TextView0 - Successful payment of RM 182.25 to KLIA. REF180446966M - Copy"), 0): Element 'Object Repository/Maya/KLIA/android.widget.TextView0 - Successful payment of RM 182.25 to KLIA. REF180446966M - Copy' is visible

2020-08-03 15:16:48 - [MESSAGE][WARNING] - Timeout '0' is invalid. Using default page load timeout: '10'

2020-08-03 15:16:48 - [MESSAGE][PASSED] - Element 'Object Repository/Maya/KLIA/android.widget.TextView0 - Successful payment of RM 182.25 to KLIA. REF180446966M - Copy' is visible

2020-08-03 15:16:48 - [TEST_STEP][PASSED] - verifyElementVisible(findTestObject("Maya/KLIA/android.widget.TextView0 - Successful payment of RM 182.25 to KLIA. REF180446966M - Copy (1)"), 0): Element 'Object Repository/Maya/KLIA/android.widget.TextView0 - Successful payment of RM 182.25 to KLIA. REF180446966M - Copy (1)' is visible

2020-08-03 15:16:48 - [MESSAGE][WARNING] - Timeout '0' is invalid. Using default page load timeout: '10'

2020-08-03 15:16:49 - [MESSAGE][PASSED] - Element 'Object Repository/Maya/KLIA/android.widget.TextView0 - Successful payment of RM 182.25 to KLIA. REF180446966M - Copy (1)' is visible

2020-08-03 15:16:49 - [TEST_STEP][PASSED] - tap(findTestObject("Maya/KLIA/android.widget.TextView0 - Home"), 0): Tapped on element 'Object Repository/Maya/KLIA/android.widget.TextView0 - Home'

2020-08-03 15:16:49 - [MESSAGE][WARNING] - Timeout '0' is invalid. Using default page load timeout: '10'

2020-08-03 15:17:02 - [MESSAGE][PASSED] - Tapped on element 'Object Repository/Maya/KLIA/android.widget.TextView0 - Home'

2020-08-03 15:17:02 - [TEST_STEP][PASSED] - if (verifyElementExist(findTestObject("Maya/KLIA/android.widget.TextView0 - ERL Tickets (1)"), 0)): null

2020-08-03 15:17:02 - [MESSAGE][WARNING] - Timeout '0' is invalid. Using default page load timeout: '10'

2020-08-03 15:17:02 - [MESSAGE][PASSED] - Element 'Object Repository/Maya/KLIA/android.widget.TextView0 - ERL Tickets (1)' is exist

2020-08-03 15:17:02 - [TEST_STEP][PASSED] - delay(2, STOP_ON_FAILURE): Delayed 2 second(s)

2020-08-03 15:17:04 - [MESSAGE][PASSED] - Delayed 2 second(s)

2020-08-03 15:17:04 - [TEST_STEP][PASSED] - takeScreenshot("C:\Users\LENOVO\Screenshot\KLIATicket\Ticket9.png", STOP_ON_FAILURE): Screenshot is taken

2020-08-03 15:17:05 - [MESSAGE][PASSED] - Screenshot is taken
[[ATTACHMENT|C:\\Users\\LENOVO\\Screenshot\\KLIATicket\\Ticket9.png]]

2020-08-03 15:17:05 - [TEST_STEP][PASSED] - tap(findTestObject("Maya/KLIA/android.widget.TextView0 - ERL Tickets (1)"), 0): Tapped on element 'Object Repository/Maya/KLIA/android.widget.TextView0 - ERL Tickets (1)'

2020-08-03 15:17:05 - [MESSAGE][WARNING] - Timeout '0' is invalid. Using default page load timeout: '10'

2020-08-03 15:17:08 - [MESSAGE][PASSED] - Tapped on element 'Object Repository/Maya/KLIA/android.widget.TextView0 - ERL Tickets (1)'

2020-08-03 15:17:08 - [TEST_STEP][PASSED] - tap(findTestObject("Maya/KLIA/android.widget.TextView0 - PAST"), 0): Tapped on element 'Object Repository/Maya/KLIA/android.widget.TextView0 - PAST'

2020-08-03 15:17:08 - [MESSAGE][WARNING] - Timeout '0' is invalid. Using default page load timeout: '10'

2020-08-03 15:17:09 - [MESSAGE][PASSED] - Tapped on element 'Object Repository/Maya/KLIA/android.widget.TextView0 - PAST'

2020-08-03 15:17:09 - [TEST_STEP][PASSED] - delay(2, STOP_ON_FAILURE): Delayed 2 second(s)

2020-08-03 15:17:11 - [MESSAGE][PASSED] - Delayed 2 second(s)

2020-08-03 15:17:11 - [TEST_STEP][PASSED] - swipe(895, 1046, 800, 50): Swiped from 895,1,046 to 800,50

2020-08-03 15:17:12 - [MESSAGE][PASSED] - Swiped from 895,1,046 to 800,50

2020-08-03 15:17:12 - [TEST_STEP][PASSED] - swipe(895, 1046, 800, 50): Swiped from 895,1,046 to 800,50

2020-08-03 15:17:13 - [MESSAGE][PASSED] - Swiped from 895,1,046 to 800,50

2020-08-03 15:17:13 - [TEST_STEP][PASSED] - swipe(895, 1046, 800, 50): Swiped from 895,1,046 to 800,50

2020-08-03 15:17:14 - [MESSAGE][PASSED] - Swiped from 895,1,046 to 800,50

2020-08-03 15:17:14 - [TEST_STEP][PASSED] - swipe(895, 1046, 800, 50): Swiped from 895,1,046 to 800,50

2020-08-03 15:17:15 - [MESSAGE][PASSED] - Swiped from 895,1,046 to 800,50

2020-08-03 15:17:15 - [TEST_STEP][PASSED] - swipe(895, 1046, 800, 50): Swiped from 895,1,046 to 800,50

2020-08-03 15:17:17 - [MESSAGE][PASSED] - Swiped from 895,1,046 to 800,50

2020-08-03 15:17:17 - [TEST_STEP][PASSED] - swipe(895, 1046, 800, 50): Swiped from 895,1,046 to 800,50

2020-08-03 15:17:18 - [MESSAGE][PASSED] - Swiped from 895,1,046 to 800,50

2020-08-03 15:17:18 - [TEST_STEP][PASSED] - swipe(895, 1046, 800, 50): Swiped from 895,1,046 to 800,50

2020-08-03 15:17:19 - [MESSAGE][PASSED] - Swiped from 895,1,046 to 800,50

2020-08-03 15:17:19 - [TEST_STEP][PASSED] - tap(findTestObject("Maya/KLIA/android.view.ViewGroup0 (1)"), 0): Tapped on element 'Object Repository/Maya/KLIA/android.view.ViewGroup0 (1)'

2020-08-03 15:17:19 - [MESSAGE][WARNING] - Timeout '0' is invalid. Using default page load timeout: '10'

2020-08-03 15:17:20 - [MESSAGE][PASSED] - Tapped on element 'Object Repository/Maya/KLIA/android.view.ViewGroup0 (1)'

2020-08-03 15:17:20 - [TEST_STEP][PASSED] - tap(findTestObject("Maya/KLIA/android.widget.ImageView0 (5)"), 0): Tapped on element 'Object Repository/Maya/KLIA/android.widget.ImageView0 (5)'

[...]
Session ID: 6f53f5b4-83a3-4f4a-86eb-3189e862f329
	at org.openqa.selenium.remote.http.W3CHttpResponseCodec.createException(W3CHttpResponseCodec.java:187)
	at org.openqa.selenium.remote.http.W3CHttpResponseCodec.decode(W3CHttpResponseCodec.java:122)
	at org.openqa.selenium.remote.http.W3CHttpResponseCodec.decode(W3CHttpResponseCodec.java:49)
	at org.openqa.selenium.remote.HttpCommandExecutor.execute(HttpCommandExecutor.java:158)
	at io.appium.java_client.remote.AppiumCommandExecutor.execute(AppiumCommandExecutor.java:239)
	at org.openqa.selenium.remote.RemoteWebDriver.execute(RemoteWebDriver.java:552)
	at io.appium.java_client.DefaultGenericMobileDriver.execute(DefaultGenericMobileDriver.java:42)
	at io.appium.java_client.AppiumDriver.execute(AppiumDriver.java:1)
	at io.appium.java_client.android.AndroidDriver.execute(AndroidDriver.java:1)
	at com.kms.katalon.core.appium.driver.SwipeableAndroidDriver.execute(SwipeableAndroidDriver.java:1)
	at org.openqa.selenium.remote.RemoteWebElement.execute(RemoteWebElement.java:285)
	at io.appium.java_client.DefaultGenericMobileElement.execute(DefaultGenericMobileElement.java:45)
	at io.appium.java_client.MobileElement.execute(MobileElement.java:1)
	at io.appium.java_client.android.AndroidElement.execute(AndroidElement.java:1)
	at org.openqa.selenium.remote.RemoteWebElement.getLocation(RemoteWebElement.java:337)
	at org.openqa.selenium.WebElement$getLocation.call(Unknown Source)
	at com.kms.katalon.core.mobile.keyword.internal.MobileAbstractKeyword.findElement(MobileAbstractKeyword.groovy:86)
	at com.kms.katalon.core.mobile.keyword.builtin.TapKeyword$_tap_closure1.doCall(TapKeyword.groovy:76)
	at com.kms.katalon.core.mobile.keyword.builtin.TapKeyword$_tap_closure1.call(TapKeyword.groovy)
	at com.kms.katalon.core.mobile.keyword.internal.MobileKeywordMain.runKeyword(MobileKeywordMain.groovy:21)
	at com.kms.katalon.core.mobile.keyword.builtin.TapKeyword.tap(TapKeyword.groovy:86)
	at com.kms.katalon.core.mobile.keyword.builtin.TapKeyword.execute(TapKeyword.groovy:68)
	at com.kms.katalon.core.keyword.internal.KeywordExecutor.executeKeywordForPlatform(KeywordExecutor.groovy:72)
	at com.kms.katalon.core.mobile.keyword.MobileBuiltInKeywords.tap(MobileBuiltInKeywords.groovy:577)
	at com.kms.katalon.core.mobile.keyword.MobileBuiltInKeywords$tap$0.call(Unknown Source)
	at KLIA.run(KLIA:515)
	at com.kms.katalon.core.main.ScriptEngine.run(ScriptEngine.java:194)
	at com.kms.katalon.core.main.ScriptEngine.runScriptAsRawText(ScriptEngine.java:119)
	at com.kms.katalon.core.main.TestCaseExecutor.runScript(TestCaseExecutor.java:337)
	at com.kms.katalon.core.main.TestCaseExecutor.doExecute(TestCaseExecutor.java:328)
	at com.kms.katalon.core.main.TestCaseExecutor.processExecutionPhase(TestCaseExecutor.java:307)
	at com.kms.katalon.core.main.TestCaseExecutor.accessMainPhase(TestCaseExecutor.java:299)
	at com.kms.katalon.core.main.TestCaseExecutor.execute(TestCaseExecutor.java:233)
	at com.kms.katalon.core.main.TestSuiteExecutor.accessTestCaseMainPhase(TestSuiteExecutor.java:169)
	at com.kms.katalon.core.main.TestSuiteExecutor.accessTestSuiteMainPhase(TestSuiteExecutor.java:142)
	at com.kms.katalon.core.main.TestSuiteExecutor.execute(TestSuiteExecutor.java:91)
	at com.kms.katalon.core.main.TestCaseMain.startTestSuite(TestCaseMain.java:157)
	at com.kms.katalon.core.main.TestCaseMain$startTestSuite$0.call(Unknown Source)
	at TempTestSuite1596438662363.run(TempTestSuite1596438662363.groovy:36)
)

2020-08-03 15:17:34 - [MESSAGE][WARNING] - Timeout '0' is invalid. Using default page load timeout: '10'

2020-08-03 15:17:36 - [MESSAGE][FAILED] - Failed to tap on element 'Object Repository/Maya/KLIA/android.widget.ImageView0 (9)' (Root cause: org.openqa.selenium.StaleElementReferenceException: Cached elements 'By.xpath: //hierarchy/android.widget.FrameLayout[1]/android.widget.LinearLayout[1]/android.widget.FrameLayout[1]/android.widget.LinearLayout[1]/android.widget.FrameLayout[1]/android.widget.FrameLayout[1]/android.view.ViewGroup[1]/android.view.ViewGroup[1]/android.view.ViewGroup[1]/android.view.ViewGroup[1]/android.view.ViewGroup[1]/android.view.ViewGroup[2]/android.view.ViewGroup[1]/android.view.ViewGroup[1]/android.view.ViewGroup[1]/android.view.ViewGroup[1]/android.view.ViewGroup[1]/android.view.ViewGroup[2]/android.view.ViewGroup[1]/android.view.ViewGroup[1]/android.view.ViewGroup[1]/android.view.ViewGroup[1]/android.view.ViewGroup[1]/android.view.ViewGroup[2]/android.widget.ImageView[1]' do not exist in DOM anymore
For documentation on this error, please visit: https://www.seleniumhq.org/exceptions/stale_element_reference.html
Build info: version: '3.141.59', revision: 'e82be7d358', time: '2018-11-14T08:25:53'
System info: host: 'DESKTOP-CP3TV4N', ip: '192.168.43.112', os.name: 'Windows 10', os.arch: 'amd64', os.version: '10.0', java.version: '1.8.0_181'
Driver info: com.kms.katalon.core.appium.driver.SwipeableAndroidDriver
Capabilities {app: C:\Users\LENOVO\Katalon Stu..., appPackage: com.maybank2u.life.uat, appWaitActivity: *, appWaitDuration: 50000, appWaitPackage: com.maybank2u.life.uat, autoGrantPermissions: true, automationName: uiautomator2, databaseEnabled: false, desired: {app: C:\Users\LENOVO\Katalon Stu..., appWaitActivity: *, appWaitDuration: 50000, appWaitPackage: com.maybank2u.life.uat, autoGrantPermissions: true, automationName: uiautomator2, deviceId: 11cb9864, deviceName: Xiaomi Redmi Note 7S (Andro..., fullReset: false, newCommandTimeout: 1800, noReset: true, platform: ANDROID, platformName: android, platformVersion: 9, systemPort: 65327, udid: 11cb9864}, deviceApiLevel: 28, deviceId: 11cb9864, deviceManufacturer: Xiaomi, deviceModel: Redmi Note 7S, deviceName: 11cb9864, deviceScreenDensity: 440, deviceScreenSize: 1080x2340, deviceUDID: 11cb9864, fullReset: false, javascriptEnabled: true, locationContextEnabled: false, networkConnectionEnabled: true, newCommandTimeout: 1800, noReset: true, pixelRatio: 2.75, platform: ANDROID, platformName: Android, platformVersion: 9, statBarHeight: 80, systemPort: 65327, takesScreenshot: true, udid: 11cb9864, viewportRect: {height: 2051, left: 0, top: 80, width: 1080}, warnings: {}, webStorageEnabled: false}
Session ID: 6f53f5b4-83a3-4f4a-86eb-3189e862f329
	at org.openqa.selenium.remote.http.W3CHttpResponseCodec.createException(W3CHttpResponseCodec.java:187)
	at org.openqa.selenium.remote.http.W3CHttpResponseCodec.decode(W3CHttpResponseCodec.java:122)
	at org.openqa.selenium.remote.http.W3CHttpResponseCodec.decode(W3CHttpResponseCodec.java:49)
	at org.openqa.selenium.remote.HttpCommandExecutor.execute(HttpCommandExecutor.java:158)
	at io.appium.java_client.remote.AppiumCommandExecutor.execute(AppiumCommandExecutor.java:239)
	at org.openqa.selenium.remote.RemoteWebDriver.execute(RemoteWebDriver.java:552)
	at io.appium.java_client.DefaultGenericMobileDriver.execute(DefaultGenericMobileDriver.java:42)
	at io.appium.java_client.AppiumDriver.execute(AppiumDriver.java:1)
	at io.appium.java_client.android.AndroidDriver.execute(AndroidDriver.java:1)
	at com.kms.katalon.core.appium.driver.SwipeableAndroidDriver.execute(SwipeableAndroidDriver.java:1)
	at org.openqa.selenium.remote.RemoteWebElement.execute(RemoteWebElement.java:285)
	at io.appium.java_client.DefaultGenericMobileElement.execute(DefaultGenericMobileElement.java:45)
	at io.appium.java_client.MobileElement.execute(MobileElement.java:1)
	at io.appium.java_client.android.AndroidElement.execute(AndroidElement.java:1)
	at org.openqa.selenium.remote.RemoteWebElement.getLocation(RemoteWebElement.java:337)
	at org.openqa.selenium.WebElement$getLocation.call(Unknown Source)
	at com.kms.katalon.core.mobile.keyword.internal.MobileAbstractKeyword.findElement(MobileAbstractKeyword.groovy:86)
	at com.kms.katalon.core.mobile.keyword.builtin.TapKeyword$_tap_closure1.doCall(TapKeyword.groovy:76)
	at com.kms.katalon.core.mobile.keyword.builtin.TapKeyword$_tap_closure1.call(TapKeyword.groovy)
	at com.kms.katalon.core.mobile.keyword.internal.MobileKeywordMain.runKeyword(MobileKeywordMain.groovy:21)
	at com.kms.katalon.core.mobile.keyword.builtin.TapKeyword.tap(TapKeyword.groovy:86)
	at com.kms.katalon.core.mobile.keyword.builtin.TapKeyword.execute(TapKeyword.groovy:68)
	at com.kms.katalon.core.keyword.internal.KeywordExecutor.executeKeywordForPlatform(KeywordExecutor.groovy:72)
	at com.kms.katalon.core.mobile.keyword.MobileBuiltInKeywords.tap(MobileBuiltInKeywords.groovy:577)
	at com.kms.katalon.core.mobile.keyword.MobileBuiltInKeywords$tap$0.call(Unknown Source)
	at KLIA.run(KLIA:515)
	at com.kms.katalon.core.main.ScriptEngine.run(ScriptEngine.java:194)
	at com.kms.katalon.core.main.ScriptEngine.runScriptAsRawText(ScriptEngine.java:119)
	at com.kms.katalon.core.main.TestCaseExecutor.runScript(TestCaseExecutor.java:337)
	at com.kms.katalon.core.main.TestCaseExecutor.doExecute(TestCaseExecutor.java:328)
	at com.kms.katalon.core.main.TestCaseExecutor.processExecutionPhase(TestCaseExecutor.java:307)
	at com.kms.katalon.core.main.TestCaseExecutor.accessMainPhase(TestCaseExecutor.java:299)
	at com.kms.katalon.core.main.TestCaseExecutor.execute(TestCaseExecutor.java:233)
	at com.kms.katalon.core.main.TestSuiteExecutor.accessTestCaseMainPhase(TestSuiteExecutor.java:169)
	at com.kms.katalon.core.main.TestSuiteExecutor.accessTestSuiteMainPhase(TestSuiteExecutor.java:142)
	at com.kms.katalon.core.main.TestSuiteExecutor.execute(TestSuiteExecutor.java:91)
	at com.kms.katalon.core.main.TestCaseMain.startTestSuite(TestCaseMain.java:157)
	at com.kms.katalon.core.main.TestCaseMain$startTestSuite$0.call(Unknown Source)
	at TempTestSuite1596438662363.run(TempTestSuite1596438662363.groovy:36)
)
[[ATTACHMENT|C:\\Users\\LENOVO\\Git_new\\Maya\\Reports\\20200803_151102\\Maya UAT\\UAT Test Suite\\20200803_151102\\1596439055599.png]]

2020-08-03 15:17:36 - [TEST_STEP][FAILED] - tap(findTestObject("Maya/KLIA/android.widget.TextView0 - PAST (1)"), 0): Object Object Repository/Maya/KLIA/android.widget.TextView0 - PAST (1) not found

2020-08-03 15:17:36 - [MESSAGE][WARNING] - Timeout '0' is invalid. Using default page load timeout: '10'

2020-08-03 15:17:47 - [MESSAGE][FAILED] - Object Object Repository/Maya/KLIA/android.widget.TextView0 - PAST (1) not found
[[ATTACHMENT|C:\\Users\\LENOVO\\Git_new\\Maya\\Reports\\20200803_151102\\Maya UAT\\UAT Test Suite\\20200803_151102\\1596439066936.png]]

2020-08-03 15:17:47 - [TEST_STEP][PASSED] - delay(2, STOP_ON_FAILURE): Delayed 2 second(s)

2020-08-03 15:17:49 - [MESSAGE][PASSED] - Delayed 2 second(s)

2020-08-03 15:17:49 - [TEST_STEP][PASSED] - takeScreenshot("C:\Users\LENOVO\Screenshot\KLIATicket\Ticket16.png", STOP_ON_FAILURE): Screenshot is taken

2020-08-03 15:17:50 - [MESSAGE][PASSED] - Screenshot is taken
[[ATTACHMENT|C:\\Users\\LENOVO\\Screenshot\\KLIATicket\\Ticket16.png]]

2020-08-03 15:17:50 - [TEST_STEP][NOT_RUN] - closeApplication(): NOT_RUN: closeApplication()

2020-08-03 15:17:50 - [MESSAGE][NOT_RUN] - NOT_RUN: closeApplication()]]></system-out>
         <system-err><![CDATA[2020-08-03 15:11:05 - [TEST_CASE][FAILED] - Test Cases/JINU/KLIA Express/KLIA: Test Cases/JINU/KLIA Express/KLIA FAILED.
Reason:
com.kms.katalon.core.exception.StepFailedException: Element 'Object Repository/Maya/KLIA/android.widget.TextView0 - Approve' not found
	at com.kms.katalon.core.keyword.internal.KeywordMain.stepFailed(KeywordMain.groovy:39)
	at com.kms.katalon.core.mobile.keyword.internal.MobileKeywordMain.stepFailed(MobileKeywordMain.groovy:40)
	at com.kms.katalon.core.mobile.keyword.builtin.VerifyElementExistKeyword$_verifyElementExist_closure1.doCall(VerifyElementExistKeyword.groovy:77)
	at com.kms.katalon.core.mobile.keyword.builtin.VerifyElementExistKeyword$_verifyElementExist_closure1.call(VerifyElementExistKeyword.groovy)
	at com.kms.katalon.core.mobile.keyword.internal.MobileKeywordMain.runKeyword(MobileKeywordMain.groovy:21)
	at com.kms.katalon.core.mobile.keyword.builtin.VerifyElementExistKeyword.verifyElementExist(VerifyElementExistKeyword.groovy:80)
	at com.kms.katalon.core.mobile.keyword.builtin.VerifyElementExistKeyword.execute(VerifyElementExistKeyword.groovy:64)
	at com.kms.katalon.core.keyword.internal.KeywordExecutor.executeKeywordForPlatform(KeywordExecutor.groovy:72)
	at com.kms.katalon.core.mobile.keyword.MobileBuiltInKeywords.verifyElementExist(MobileBuiltInKeywords.groovy:809)
	at com.kms.katalon.core.mobile.keyword.MobileBuiltInKeywords$verifyElementExist$3.call(Unknown Source)
	at KLIA.run(KLIA:290)
	at com.kms.katalon.core.main.ScriptEngine.run(ScriptEngine.java:194)
	at com.kms.katalon.core.main.ScriptEngine.runScriptAsRawText(ScriptEngine.java:119)
	at com.kms.katalon.core.main.TestCaseExecutor.runScript(TestCaseExecutor.java:337)
	at com.kms.katalon.core.main.TestCaseExecutor.doExecute(TestCaseExecutor.java:328)
	at com.kms.katalon.core.main.TestCaseExecutor.processExecutionPhase(TestCaseExecutor.java:307)
	at com.kms.katalon.core.main.TestCaseExecutor.accessMainPhase(TestCaseExecutor.java:299)
	at com.kms.katalon.core.main.TestCaseExecutor.execute(TestCaseExecutor.java:233)
	at com.kms.katalon.core.main.TestSuiteExecutor.accessTestCaseMainPhase(TestSuiteExecutor.java:169)
	at com.kms.katalon.core.main.TestSuiteExecutor.accessTestSuiteMainPhase(TestSuiteExecutor.java:142)
	at com.kms.katalon.core.main.TestSuiteExecutor.execute(TestSuiteExecutor.java:91)
	at com.kms.katalon.core.main.TestCaseMain.startTestSuite(TestCaseMain.java:157)
	at com.kms.katalon.core.main.TestCaseMain$startTestSuite$0.call(Unknown Source)
	at TempTestSuite1596438662363.run(TempTestSuite1596438662363.groovy:36)]]></system-err>
      </testcase>
      <system-out><![CDATA[2020-08-03 15:11:05 - [TEST_SUITE][FAILED] - UAT Test Suite: Test Cases/JINU/KLIA Express/KLIA FAILED.
Reason:
com.kms.katalon.core.exception.StepFailedException: Element 'Object Repository/Maya/KLIA/android.widget.TextView0 - Approve' not found
	at com.kms.katalon.core.keyword.internal.KeywordMain.stepFailed(KeywordMain.groovy:39)
	at com.kms.katalon.core.mobile.keyword.internal.MobileKeywordMain.stepFailed(MobileKeywordMain.groovy:40)
	at com.kms.katalon.core.mobile.keyword.builtin.VerifyElementExistKeyword$_verifyElementExist_closure1.doCall(VerifyElementExistKeyword.groovy:77)
	at com.kms.katalon.core.mobile.keyword.builtin.VerifyElementExistKeyword$_verifyElementExist_closure1.call(VerifyElementExistKeyword.groovy)
	at com.kms.katalon.core.mobile.keyword.internal.MobileKeywordMain.runKeyword(MobileKeywordMain.groovy:21)
	at com.kms.katalon.core.mobile.keyword.builtin.VerifyElementExistKeyword.verifyElementExist(VerifyElementExistKeyword.groovy:80)
	at com.kms.katalon.core.mobile.keyword.builtin.VerifyElementExistKeyword.execute(VerifyElementExistKeyword.groovy:64)
	at com.kms.katalon.core.keyword.internal.KeywordExecutor.executeKeywordForPlatform(KeywordExecutor.groovy:72)
	at com.kms.katalon.core.mobile.keyword.MobileBuiltInKeywords.verifyElementExist(MobileBuiltInKeywords.groovy:809)
	at com.kms.katalon.core.mobile.keyword.MobileBuiltInKeywords$verifyElementExist$3.call(Unknown Source)
	at KLIA.run(KLIA:290)
	at com.kms.katalon.core.main.ScriptEngine.run(ScriptEngine.java:194)
	at com.kms.katalon.core.main.ScriptEngine.runScriptAsRawText(ScriptEngine.java:119)
	at com.kms.katalon.core.main.TestCaseExecutor.runScript(TestCaseExecutor.java:337)
	at com.kms.katalon.core.main.TestCaseExecutor.doExecute(TestCaseExecutor.java:328)
	at com.kms.katalon.core.main.TestCaseExecutor.processExecutionPhase(TestCaseExecutor.java:307)
	at com.kms.katalon.core.main.TestCaseExecutor.accessMainPhase(TestCaseExecutor.java:299)
	at com.kms.katalon.core.main.TestCaseExecutor.execute(TestCaseExecutor.java:233)
	at com.kms.katalon.core.main.TestSuiteExecutor.accessTestCaseMainPhase(TestSuiteExecutor.java:169)
	at com.kms.katalon.core.main.TestSuiteExecutor.accessTestSuiteMainPhase(TestSuiteExecutor.java:142)
	at com.kms.katalon.core.main.TestSuiteExecutor.execute(TestSuiteExecutor.java:91)
	at com.kms.katalon.core.main.TestCaseMain.startTestSuite(TestCaseMain.java:157)
	at com.kms.katalon.core.main.TestCaseMain$startTestSuite$0.call(Unknown Source)
	at TempTestSuite1596438662363.run(TempTestSuite1596438662363.groovy:36)]]></system-out>
      <system-err><![CDATA[2020-08-03 15:11:05 - [TEST_SUITE][FAILED] - UAT Test Suite: Test Cases/JINU/KLIA Express/KLIA FAILED.
Reason:
com.kms.katalon.core.exception.StepFailedException: Element 'Object Repository/Maya/KLIA/android.widget.TextView0 - Approve' not found
	at com.kms.katalon.core.keyword.internal.KeywordMain.stepFailed(KeywordMain.groovy:39)
	at com.kms.katalon.core.mobile.keyword.internal.MobileKeywordMain.stepFailed(MobileKeywordMain.groovy:40)
	at com.kms.katalon.core.mobile.keyword.builtin.VerifyElementExistKeyword$_verifyElementExist_closure1.doCall(VerifyElementExistKeyword.groovy:77)
	at com.kms.katalon.core.mobile.keyword.builtin.VerifyElementExistKeyword$_verifyElementExist_closure1.call(VerifyElementExistKeyword.groovy)
	at com.kms.katalon.core.mobile.keyword.internal.MobileKeywordMain.runKeyword(MobileKeywordMain.groovy:21)
	at com.kms.katalon.core.mobile.keyword.builtin.VerifyElementExistKeyword.verifyElementExist(VerifyElementExistKeyword.groovy:80)
	at com.kms.katalon.core.mobile.keyword.builtin.VerifyElementExistKeyword.execute(VerifyElementExistKeyword.groovy:64)
	at com.kms.katalon.core.keyword.internal.KeywordExecutor.executeKeywordForPlatform(KeywordExecutor.groovy:72)
	at com.kms.katalon.core.mobile.keyword.MobileBuiltInKeywords.verifyElementExist(MobileBuiltInKeywords.groovy:809)
	at com.kms.katalon.core.mobile.keyword.MobileBuiltInKeywords$verifyElementExist$3.call(Unknown Source)
	at KLIA.run(KLIA:290)
	at com.kms.katalon.core.main.ScriptEngine.run(ScriptEngine.java:194)
	at com.kms.katalon.core.main.ScriptEngine.runScriptAsRawText(ScriptEngine.java:119)
	at com.kms.katalon.core.main.TestCaseExecutor.runScript(TestCaseExecutor.java:337)
	at com.kms.katalon.core.main.TestCaseExecutor.doExecute(TestCaseExecutor.java:328)
	at com.kms.katalon.core.main.TestCaseExecutor.processExecutionPhase(TestCaseExecutor.java:307)
	at com.kms.katalon.core.main.TestCaseExecutor.accessMainPhase(TestCaseExecutor.java:299)
	at com.kms.katalon.core.main.TestCaseExecutor.execute(TestCaseExecutor.java:233)
	at com.kms.katalon.core.main.TestSuiteExecutor.accessTestCaseMainPhase(TestSuiteExecutor.java:169)
	at com.kms.katalon.core.main.TestSuiteExecutor.accessTestSuiteMainPhase(TestSuiteExecutor.java:142)
	at com.kms.katalon.core.main.TestSuiteExecutor.execute(TestSuiteExecutor.java:91)
	at com.kms.katalon.core.main.TestCaseMain.startTestSuite(TestCaseMain.java:157)
	at com.kms.katalon.core.main.TestCaseMain$startTestSuite$0.call(Unknown Source)
	at TempTestSuite1596438662363.run(TempTestSuite1596438662363.groovy:36)]]></system-err>
   </testsuite>
</testsuites>
