<?xml version="1.0" encoding="UTF-8"?>
<testsuites name="UAT Test Suite" time="509.337" tests="1" failures="1" errors="0">
   <testsuite name="UAT Test Suite" tests="1" failures="1" errors="0" time="509.337" timestamp="2020-08-04 21:41:20" hostname="LENOVO - DESKTOP-CP3TV4N" id="Test Suites/Maya UAT/UAT Test Suite">
      <properties>
[...]
</properties>
      <testcase name="Test Cases/JINU/DuItNow/Transfer DuITNow NRIC" time="506.3" classname="Test Cases/JINU/DuItNow/Transfer DuITNow NRIC" status="FAILED">
         <failure type="FAILED" message="Test Cases/JINU/DuItNow/Transfer DuITNow NRIC FAILED.
Reason:
com.kms.katalon.core.exception.StepFailedException: Element 'Object Repository/Maya/KLIA/android.widget.TextView0 - Approve' not found
	at com.kms.katalon.core.keyword.internal.KeywordMain.stepFailed(KeywordMain.groovy:39)
	at com.kms.katalon.core.mobile.keyword.internal.MobileKeywordMain.stepFailed(MobileKeywordMain.groovy:40)
	at com.kms.katalon.core.mobile.keyword.builtin.VerifyElementExistKeyword$_verifyElementExist_closure1.doCall(VerifyElementExistKeyword.groovy:77)
	at com.kms.katalon.core.mobile.keyword.builtin.VerifyElementExistKeyword$_verifyElementExist_closure1.call(VerifyElementExistKeyword.groovy)
	at com.kms.katalon.core.mobile.keyword.internal.MobileKeywordMain.runKeyword(MobileKeywordMain.groovy:21)
	at com.kms.katalon.core.mobile.keyword.builtin.VerifyElementExistKeyword.verifyElementExist(VerifyElementExistKeyword.groovy:80)
	at com.kms.katalon.core.mobile.keyword.builtin.VerifyElementExistKeyword.execute(VerifyElementExistKeyword.groovy:64)
	at com.kms.katalon.core.keyword.internal.KeywordExecutor.executeKeywordForPlatform(KeywordExecutor.groovy:72)
	at com.kms.katalon.core.mobile.keyword.MobileBuiltInKeywords.verifyElementExist(MobileBuiltInKeywords.groovy:809)
	at com.kms.katalon.core.mobile.keyword.MobileBuiltInKeywords$verifyElementExist$5.call(Unknown Source)
	at Transfer DuITNow NRIC.run(Transfer DuITNow NRIC:327)
	at com.kms.katalon.core.main.ScriptEngine.run(ScriptEngine.java:194)
	at com.kms.katalon.core.main.ScriptEngine.runScriptAsRawText(ScriptEngine.java:119)
	at com.kms.katalon.core.main.TestCaseExecutor.runScript(TestCaseExecutor.java:337)
	at com.kms.katalon.core.main.TestCaseExecutor.doExecute(TestCaseExecutor.java:328)
	at com.kms.katalon.core.main.TestCaseExecutor.processExecutionPhase(TestCaseExecutor.java:307)
	at com.kms.katalon.core.main.TestCaseExecutor.accessMainPhase(TestCaseExecutor.java:299)
	at com.kms.katalon.core.main.TestCaseExecutor.execute(TestCaseExecutor.java:233)
	at com.kms.katalon.core.main.TestSuiteExecutor.accessTestCaseMainPhase(TestSuiteExecutor.java:169)
	at com.kms.katalon.core.main.TestSuiteExecutor.accessTestSuiteMainPhase(TestSuiteExecutor.java:142)
	at com.kms.katalon.core.main.TestSuiteExecutor.execute(TestSuiteExecutor.java:91)
	at com.kms.katalon.core.main.TestCaseMain.startTestSuite(TestCaseMain.java:157)
	at com.kms.katalon.core.main.TestCaseMain$startTestSuite$0.call(Unknown Source)
	at TempTestSuite1596548476818.run(TempTestSuite1596548476818.groovy:36)
"/>
         <system-out><![CDATA[2020-08-04 21:41:20 - [TEST_CASE][FAILED] - Test Cases/JINU/DuItNow/Transfer DuITNow NRIC: Test Cases/JINU/DuItNow/Transfer DuITNow NRIC FAILED.
Reason:
com.kms.katalon.core.exception.StepFailedException: Element 'Object Repository/Maya/KLIA/android.widget.TextView0 - Approve' not found
	at com.kms.katalon.core.keyword.internal.KeywordMain.stepFailed(KeywordMain.groovy:39)
	at com.kms.katalon.core.mobile.keyword.internal.MobileKeywordMain.stepFailed(MobileKeywordMain.groovy:40)
	at com.kms.katalon.core.mobile.keyword.builtin.VerifyElementExistKeyword$_verifyElementExist_closure1.doCall(VerifyElementExistKeyword.groovy:77)
	at com.kms.katalon.core.mobile.keyword.builtin.VerifyElementExistKeyword$_verifyElementExist_closure1.call(VerifyElementExistKeyword.groovy)
	at com.kms.katalon.core.mobile.keyword.internal.MobileKeywordMain.runKeyword(MobileKeywordMain.groovy:21)
	at com.kms.katalon.core.mobile.keyword.builtin.VerifyElementExistKeyword.verifyElementExist(VerifyElementExistKeyword.groovy:80)
	at com.kms.katalon.core.mobile.keyword.builtin.VerifyElementExistKeyword.execute(VerifyElementExistKeyword.groovy:64)
	at com.kms.katalon.core.keyword.internal.KeywordExecutor.executeKeywordForPlatform(KeywordExecutor.groovy:72)
	at com.kms.katalon.core.mobile.keyword.MobileBuiltInKeywords.verifyElementExist(MobileBuiltInKeywords.groovy:809)
	at com.kms.katalon.core.mobile.keyword.MobileBuiltInKeywords$verifyElementExist$5.call(Unknown Source)
	at Transfer DuITNow NRIC.run(Transfer DuITNow NRIC:327)
	at com.kms.katalon.core.main.ScriptEngine.run(ScriptEngine.java:194)
	at com.kms.katalon.core.main.ScriptEngine.runScriptAsRawText(ScriptEngine.java:119)
	at com.kms.katalon.core.main.TestCaseExecutor.runScript(TestCaseExecutor.java:337)
	at com.kms.katalon.core.main.TestCaseExecutor.doExecute(TestCaseExecutor.java:328)
	at com.kms.katalon.core.main.TestCaseExecutor.processExecutionPhase(TestCaseExecutor.java:307)
	at com.kms.katalon.core.main.TestCaseExecutor.accessMainPhase(TestCaseExecutor.java:299)
	at com.kms.katalon.core.main.TestCaseExecutor.execute(TestCaseExecutor.java:233)
	at com.kms.katalon.core.main.TestSuiteExecutor.accessTestCaseMainPhase(TestSuiteExecutor.java:169)
	at com.kms.katalon.core.main.TestSuiteExecutor.accessTestSuiteMainPhase(TestSuiteExecutor.java:142)
	at com.kms.katalon.core.main.TestSuiteExecutor.execute(TestSuiteExecutor.java:91)
	at com.kms.katalon.core.main.TestCaseMain.startTestSuite(TestCaseMain.java:157)
	at com.kms.katalon.core.main.TestCaseMain$startTestSuite$0.call(Unknown Source)
	at TempTestSuite1596548476818.run(TempTestSuite1596548476818.groovy:36)


2020-08-04 21:41:21 - [TEST_STEP][PASSED] - startApplication("C:\Users\LENOVO\Katalon Studio\app-uat-universal-release.apk", false): Started app at: 'C:\Users\LENOVO\Katalon Studio\app-uat-universal-release.apk'

2020-08-04 21:41:21 - [MESSAGE][INFO] - User set preference: ['appWaitActivity', '*']

2020-08-04 21:41:21 - [MESSAGE][INFO] - User set preference: ['appWaitPackage', 'com.maybank2u.life.uat']

2020-08-04 21:41:21 - [MESSAGE][INFO] - User set preference: ['appWaitDuration', '50,000']

2020-08-04 21:41:21 - [MESSAGE][INFO] - User set preference: ['deviceId', '11cb9864']

2020-08-04 21:41:24 - [MESSAGE][INFO] - Appium server started on port 53,084

2020-08-04 21:41:49 - [MESSAGE][PASSED] - Started app at: 'C:\Users\LENOVO\Katalon Studio\app-uat-universal-release.apk'

2020-08-04 21:41:49 - [TEST_STEP][PASSED] - tap(findTestObject("Maya/RegisterDuitNow/android.widget.TextView0 - Transfer (1)"), 0): Tapped on element 'Object Repository/Maya/RegisterDuitNow/android.widget.TextView0 - Transfer (1)'

2020-08-04 21:41:49 - [MESSAGE][WARNING] - Timeout '0' is invalid. Using default page load timeout: '10'

2020-08-04 21:42:00 - [MESSAGE][PASSED] - Tapped on element 'Object Repository/Maya/RegisterDuitNow/android.widget.TextView0 - Transfer (1)'

2020-08-04 21:42:00 - [TEST_STEP][PASSED] - delay(2, CONTINUE_ON_FAILURE): Delayed 2 second(s)

2020-08-04 21:42:02 - [MESSAGE][PASSED] - Delayed 2 second(s)

2020-08-04 21:42:02 - [TEST_STEP][PASSED] - takeScreenshot("C:\Users\LENOVO\Screenshot\Third Party\Screenshot1", STOP_ON_FAILURE): Screenshot is taken

2020-08-04 21:42:03 - [MESSAGE][PASSED] - Screenshot is taken
[[ATTACHMENT|C:\\Users\\LENOVO\\Screenshot\\Third Party\\Screenshot1]]

2020-08-04 21:42:04 - [TEST_STEP][PASSED] - setText(findTestObject("Maya/RegisterDuitNow/android.widget.EditText0 (3)"), "pass1234", 0): Text 'pass1234' has been set to element 'Object Repository/Maya/RegisterDuitNow/android.widget.EditText0 (3)'

2020-08-04 21:42:04 - [MESSAGE][WARNING] - Timeout '0' is invalid. Using default page load timeout: '10'

2020-08-04 21:42:05 - [MESSAGE][PASSED] - Text 'pass1234' has been set to element 'Object Repository/Maya/RegisterDuitNow/android.widget.EditText0 (3)'

2020-08-04 21:42:05 - [TEST_STEP][PASSED] - driver = getDriver(): null

2020-08-04 21:42:05 - [TEST_STEP][PASSED] - driver.pressKeyCode(ENTER): null

2020-08-04 21:42:06 - [TEST_STEP][PASSED] - delay(5, STOP_ON_FAILURE): Delayed 5 second(s)

2020-08-04 21:42:11 - [MESSAGE][PASSED] - Delayed 5 second(s)

2020-08-04 21:42:11 - [TEST_STEP][PASSED] - tapAndHoldAtPosition(627, 376, 2): Tapped and held at [627, 376] with duration 2

2020-08-04 21:42:14 - [MESSAGE][PASSED] - Tapped and held at [627, 376] with duration 2

2020-08-04 21:42:14 - [TEST_STEP][PASSED] - delay(2, CONTINUE_ON_FAILURE): Delayed 2 second(s)

2020-08-04 21:42:16 - [MESSAGE][PASSED] - Delayed 2 second(s)

2020-08-04 21:42:16 - [TEST_STEP][PASSED] - takeScreenshot("C:\Users\LENOVO\Screenshot\Third Party\Screenshot2", STOP_ON_FAILURE): Screenshot is taken

2020-08-04 21:42:17 - [MESSAGE][PASSED] - Screenshot is taken
[[ATTACHMENT|C:\\Users\\LENOVO\\Screenshot\\Third Party\\Screenshot2]]

2020-08-04 21:42:17 - [TEST_STEP][PASSED] - delay(2, STOP_ON_FAILURE): Delayed 2 second(s)

2020-08-04 21:42:19 - [MESSAGE][PASSED] - Delayed 2 second(s)

2020-08-04 21:42:19 - [TEST_STEP][PASSED] - tapAndHoldAtPosition(451, 727, 2): Tapped and held at [451, 727] with duration 2

2020-08-04 21:42:23 - [MESSAGE][PASSED] - Tapped and held at [451, 727] with duration 2

2020-08-04 21:42:23 - [TEST_STEP][PASSED] - getText(findTestObject("Maya/RegisterDuitNow/android.widget.TextView0 - DuitNow (2)"), 0): Text of element 'Object Repository/Maya/RegisterDuitNow/android.widget.TextView0 - DuitNow (2)' is: 'DuitNow'

2020-08-04 21:42:23 - [MESSAGE][WARNING] - Timeout '0' is invalid. Using default page load timeout: '10'

2020-08-04 21:42:24 - [MESSAGE][PASSED] - Text of element 'Object Repository/Maya/RegisterDuitNow/android.widget.TextView0 - DuitNow (2)' is: 'DuitNow'

2020-08-04 21:42:24 - [TEST_STEP][PASSED] - verifyElementExist(findTestObject("Maya/RegisterDuitNow/android.widget.TextView0 - DuitNow (2)"), 0): Element 'Object Repository/Maya/RegisterDuitNow/android.widget.TextView0 - DuitNow (2)' is exist

2020-08-04 21:42:24 - [MESSAGE][WARNING] - Timeout '0' is invalid. Using default page load timeout: '10'

2020-08-04 21:42:24 - [MESSAGE][PASSED] - Element 'Object Repository/Maya/RegisterDuitNow/android.widget.TextView0 - DuitNow (2)' is exist

2020-08-04 21:42:24 - [TEST_STEP][PASSED] - delay(2, CONTINUE_ON_FAILURE): Delayed 2 second(s)

2020-08-04 21:42:26 - [MESSAGE][PASSED] - Delayed 2 second(s)

2020-08-04 21:42:26 - [TEST_STEP][PASSED] - takeScreenshot("C:\Users\LENOVO\Screenshot\Third Party\Screenshot3", STOP_ON_FAILURE): Screenshot is taken

2020-08-04 21:42:27 - [MESSAGE][PASSED] - Screenshot is taken
[[ATTACHMENT|C:\\Users\\LENOVO\\Screenshot\\Third Party\\Screenshot3]]

2020-08-04 21:42:27 - [TEST_STEP][PASSED] - getText(findTestObject("Maya/RegisterDuitNow/android.widget.TextView0 - ID type"), 0): Text of element 'Object Repository/Maya/RegisterDuitNow/android.widget.TextView0 - ID type' is: 'ID type'

2020-08-04 21:42:27 - [MESSAGE][WARNING] - Timeout '0' is invalid. Using default page load timeout: '10'

2020-08-04 21:42:28 - [MESSAGE][PASSED] - Text of element 'Object Repository/Maya/RegisterDuitNow/android.widget.TextView0 - ID type' is: 'ID type'

2020-08-04 21:42:28 - [TEST_STEP][PASSED] - verifyElementExist(findTestObject("Maya/RegisterDuitNow/android.widget.TextView0 - ID type"), 0): Element 'Object Repository/Maya/RegisterDuitNow/android.widget.TextView0 - ID type' is exist

2020-08-04 21:42:28 - [MESSAGE][WARNING] - Timeout '0' is invalid. Using default page load timeout: '10'

2020-08-04 21:42:28 - [MESSAGE][PASSED] - Element 'Object Repository/Maya/RegisterDuitNow/android.widget.TextView0 - ID type' is exist

2020-08-04 21:42:28 - [TEST_STEP][PASSED] - tap(findTestObject("Maya/RegisterDuitNow/android.widget.ImageView0 (2)"), 0): Tapped on element 'Object Repository/Maya/RegisterDuitNow/android.widget.ImageView0 (2)'

2020-08-04 21:42:28 - [MESSAGE][WARNING] - Timeout '0' is invalid. Using default page load timeout: '10'

2020-08-04 21:42:30 - [MESSAGE][PASSED] - Tapped on element 'Object Repository/Maya/RegisterDuitNow/android.widget.ImageView0 (2)'

2020-08-04 21:42:30 - [TEST_STEP][PASSED] - delay(5): Delayed 5 second(s)

2020-08-04 21:42:35 - [MESSAGE][PASSED] - Delayed 5 second(s)

2020-08-04 21:42:35 - [TEST_STEP][PASSED] - swipe(592, 1887, 550, 1754): Swiped from 592,1,887 to 550,1,754

2020-08-04 21:42:36 - [MESSAGE][PASSED] - Swiped from 592,1,887 to 550,1,754

2020-08-04 21:42:36 - [TEST_STEP][PASSED] - delay(2, STOP_ON_FAILURE): Delayed 2 second(s)

2020-08-04 21:42:38 - [MESSAGE][PASSED] - Delayed 2 second(s)

2020-08-04 21:42:38 - [TEST_STEP][PASSED] - delay(2, CONTINUE_ON_FAILURE): Delayed 2 second(s)

2020-08-04 21:42:40 - [MESSAGE][PASSED] - Delayed 2 second(s)

2020-08-04 21:42:40 - [TEST_STEP][PASSED] - takeScreenshot("C:\Users\LENOVO\Screenshot\Third Party\Screenshot4", STOP_ON_FAILURE): Screenshot is taken

2020-08-04 21:42:41 - [MESSAGE][PASSED] - Screenshot is taken
[[ATTACHMENT|C:\\Users\\LENOVO\\Screenshot\\Third Party\\Screenshot4]]

2020-08-04 21:42:41 - [TEST_STEP][PASSED] - delay(3, CONTINUE_ON_FAILURE): Delayed 3 second(s)

2020-08-04 21:42:44 - [MESSAGE][PASSED] - Delayed 3 second(s)

2020-08-04 21:42:44 - [TEST_STEP][PASSED] - tap(findTestObject("Maya/RegisterDuitNow/android.widget.TextView0 - Done (1)"), 0): Tapped on element 'Object Repository/Maya/RegisterDuitNow/android.widget.TextView0 - Done (1)'

2020-08-04 21:42:44 - [MESSAGE][WARNING] - Timeout '0' is invalid. Using default page load timeout: '10'

2020-08-04 21:42:46 - [MESSAGE][PASSED] - Tapped on element 'Object Repository/Maya/RegisterDuitNow/android.widget.TextView0 - Done (1)'

2020-08-04 21:42:46 - [TEST_STEP][PASSED] - setText(findTestObject("Maya/RegisterDuitNow/android.widget.EditText0 - Enter NRIC number"), "@#$%%%", 0): Text '@#$%%%' has been set to element 'Object Repository/Maya/RegisterDuitNow/android.widget.EditText0 - Enter NRIC number'

2020-08-04 21:42:46 - [MESSAGE][WARNING] - Timeout '0' is invalid. Using default page load timeout: '10'

2020-08-04 21:42:47 - [MESSAGE][PASSED] - Text '@#$%%%' has been set to element 'Object Repository/Maya/RegisterDuitNow/android.widget.EditText0 - Enter NRIC number'

2020-08-04 21:42:47 - [TEST_STEP][PASSED] - setText(findTestObject("Maya/RegisterDuitNow/android.widget.EditText0 - Enter NRIC number"), "adsgsjd", 0): Text 'adsgsjd' has been set to element 'Object Repository/Maya/RegisterDuitNow/android.widget.EditText0 - Enter NRIC number'

2020-08-04 21:42:48 - [MESSAGE][WARNING] - Timeout '0' is invalid. Using default page load timeout: '10'

2020-08-04 21:42:50 - [MESSAGE][PASSED] - Text 'adsgsjd' has been set to element 'Object Repository/Maya/RegisterDuitNow/android.widget.EditText0 - Enter NRIC number'

2020-08-04 21:42:50 - [TEST_STEP][PASSED] - setText(findTestObject("Maya/RegisterDuitNow/android.widget.EditText0 - Enter NRIC number"), "123456", 0): Text '123456' has been set to element 'Object Repository/Maya/RegisterDuitNow/android.widget.EditText0 - Enter NRIC number'

2020-08-04 21:42:50 - [MESSAGE][WARNING] - Timeout '0' is invalid. Using default page load timeout: '10'

2020-08-04 21:42:52 - [MESSAGE][PASSED] - Text '123456' has been set to element 'Object Repository/Maya/RegisterDuitNow/android.widget.EditText0 - Enter NRIC number'

2020-08-04 21:42:52 - [TEST_STEP][PASSED] - tap(findTestObject("Maya/RegisterDuitNow/android.widget.TextView0 - Continue (3)"), 0): Tapped on element 'Object Repository/Maya/RegisterDuitNow/android.widget.TextView0 - Continue (3)'

2020-08-04 21:42:52 - [MESSAGE][WARNING] - Timeout '0' is invalid. Using default page load timeout: '10'

2020-08-04 21:42:53 - [MESSAGE][PASSED] - Tapped on element 'Object Repository/Maya/RegisterDuitNow/android.widget.TextView0 - Continue (3)'

2020-08-04 21:42:53 - [TEST_STEP][PASSED] - getText(findTestObject("Maya/RegisterDuitNow/android.widget.TextView0 - Please input valid transfer details. (1)"), 0): Text of element 'Object Repository/Maya/RegisterDuitNow/android.widget.TextView0 - Please input valid transfer details. (1)' is: 'Please input valid transfer details.'

2020-08-04 21:42:54 - [MESSAGE][WARNING] - Timeout '0' is invalid. Using default page load timeout: '10'

2020-08-04 21:42:54 - [MESSAGE][PASSED] - Text of element 'Object Repository/Maya/RegisterDuitNow/android.widget.TextView0 - Please input valid transfer details. (1)' is: 'Please input valid transfer details.'

2020-08-04 21:42:54 - [TEST_STEP][PASSED] - takeScreenshot("C:\Users\LENOVO\Screenshot\Third Party\Screenshot5", STOP_ON_FAILURE): Screenshot is taken

2020-08-04 21:42:55 - [MESSAGE][PASSED] - Screenshot is taken
[[ATTACHMENT|C:\\Users\\LENOVO\\Screenshot\\Third Party\\Screenshot5]]

2020-08-04 21:42:55 - [TEST_STEP][PASSED] - verifyElementExist(findTestObject("Maya/RegisterDuitNow/android.widget.TextView0 - Please input valid transfer details. (1)"), 0): Element 'Object Repository/Maya/RegisterDuitNow/android.widget.TextView0 - Please input valid transfer details. (1)' is exist

2020-08-04 21:42:55 - [MESSAGE][WARNING] - Timeout '0' is invalid. Using default page load timeout: '10'

2020-08-04 21:42:55 - [MESSAGE][PASSED] - Element 'Object Repository/Maya/RegisterDuitNow/android.widget.TextView0 - Please input valid transfer details. (1)' is exist

2020-08-04 21:42:55 - [TEST_STEP][PASSED] - clearText(findTestObject("Maya/RegisterDuitNow/android.widget.EditText0 - 123456"), 0): Element 'Object Repository/Maya/RegisterDuitNow/android.widget.EditText0 - 123456' text is cleared

2020-08-04 21:42:55 - [MESSAGE][WARNING] - Timeout '0' is invalid. Using default page load timeout: '10'

2020-08-04 21:42:56 - [MESSAGE][PASSED] - Element 'Object Repository/Maya/RegisterDuitNow/android.widget.EditText0 - 123456' text is cleared

2020-08-04 21:42:56 - [TEST_STEP][PASSED] - getText(findTestObject("Maya/RegisterDuitNow/android.widget.TextView0 - ID type (1)"), 0): Text of element 'Object Repository/Maya/RegisterDuitNow/android.widget.TextView0 - ID type (1)' is: 'ID type'

2020-08-04 21:42:56 - [MESSAGE][WARNING] - Timeout '0' is invalid. Using default page load timeout: '10'

2020-08-04 21:42:57 - [MESSAGE][PASSED] - Text of element 'Object Repository/Maya/RegisterDuitNow/android.widget.TextView0 - ID type (1)' is: 'ID type'

2020-08-04 21:42:57 - [TEST_STEP][PASSED] - verifyElementExist(findTestObject("Maya/RegisterDuitNow/android.widget.TextView0 - ID type (1)"), 0): Element 'Object Repository/Maya/RegisterDuitNow/android.widget.TextView0 - ID type (1)' is exist

2020-08-04 21:42:57 - [MESSAGE][WARNING] - Timeout '0' is invalid. Using default page load timeout: '10'

2020-08-04 21:42:57 - [MESSAGE][PASSED] - Element 'Object Repository/Maya/RegisterDuitNow/android.widget.TextView0 - ID type (1)' is exist

2020-08-04 21:42:57 - [TEST_STEP][PASSED] - takeScreenshot("C:\Users\LENOVO\Screenshot\Third Party\Screenshot6", STOP_ON_FAILURE): Screenshot is taken

2020-08-04 21:42:58 - [MESSAGE][PASSED] - Screenshot is taken
[[ATTACHMENT|C:\\Users\\LENOVO\\Screenshot\\Third Party\\Screenshot6]]

2020-08-04 21:42:58 - [TEST_STEP][PASSED] - getText(findTestObject("Maya/RegisterDuitNow/android.widget.TextView0 - NRIC Number"), 0): Text of element 'Object Repository/Maya/RegisterDuitNow/android.widget.TextView0 - NRIC Number' is: 'NRIC Number'

2020-08-04 21:42:58 - [MESSAGE][WARNING] - Timeout '0' is invalid. Using default page load timeout: '10'

2020-08-04 21:42:59 - [MESSAGE][PASSED] - Text of element 'Object Repository/Maya/RegisterDuitNow/android.widget.TextView0 - NRIC Number' is: 'NRIC Number'

2020-08-04 21:42:59 - [TEST_STEP][PASSED] - verifyElementExist(findTestObject("Maya/RegisterDuitNow/android.widget.TextView0 - NRIC Number"), 0): Element 'Object Repository/Maya/RegisterDuitNow/android.widget.TextView0 - NRIC Number' is exist

2020-08-04 21:42:59 - [MESSAGE][WARNING] - Timeout '0' is invalid. Using default page load timeout: '10'

2020-08-04 21:42:59 - [MESSAGE][PASSED] - Element 'Object Repository/Maya/RegisterDuitNow/android.widget.TextView0 - NRIC Number' is exist

2020-08-04 21:42:59 - [TEST_STEP][PASSED] - getText(findTestObject("Maya/RegisterDuitNow/android.widget.TextView0 - DuitNow (3)"), 0): Text of element 'Object Repository/Maya/RegisterDuitNow/android.widget.TextView0 - DuitNow (3)' is: 'DuitNow'

2020-08-04 21:42:59 - [MESSAGE][WARNING] - Timeout '0' is invalid. Using default page load timeout: '10'

2020-08-04 21:43:00 - [MESSAGE][PASSED] - Text of element 'Object Repository/Maya/RegisterDuitNow/android.widget.TextView0 - DuitNow (3)' is: 'DuitNow'

2020-08-04 21:43:00 - [TEST_STEP][PASSED] - verifyElementExist(findTestObject("Maya/RegisterDuitNow/android.widget.TextView0 - DuitNow (3)"), 0): Element 'Object Repository/Maya/RegisterDuitNow/android.widget.TextView0 - DuitNow (3)' is exist

2020-08-04 21:43:00 - [MESSAGE][WARNING] - Timeout '0' is invalid. Using default page load timeout: '10'

2020-08-04 21:43:00 - [MESSAGE][PASSED] - Element 'Object Repository/Maya/RegisterDuitNow/android.widget.TextView0 - DuitNow (3)' is exist

2020-08-04 21:43:00 - [TEST_STEP][PASSED] - setText(findTestObject("Maya/RegisterDuitNow/android.widget.EditText0 - Enter NRIC number"), "940812115156", 0): Text '940812115156' has been set to element 'Object Repository/Maya/RegisterDuitNow/android.widget.EditText0 - Enter NRIC number'

2020-08-04 21:43:00 - [MESSAGE][WARNING] - Timeout '0' is invalid. Using default page load timeout: '10'

2020-08-04 21:43:02 - [MESSAGE][PASSED] - Text '940812115156' has been set to element 'Object Repository/Maya/RegisterDuitNow/android.widget.EditText0 - Enter NRIC number'

2020-08-04 21:43:02 - [TEST_STEP][PASSED] - tap(findTestObject("Maya/RegisterDuitNow/android.widget.TextView0 - Continue (3)"), 0): Tapped on element 'Object Repository/Maya/RegisterDuitNow/android.widget.TextView0 - Continue (3)'

2020-08-04 21:43:02 - [MESSAGE][WARNING] - Timeout '0' is invalid. Using default page load timeout: '10'

2020-08-04 21:43:04 - [MESSAGE][PASSED] - Tapped on element 'Object Repository/Maya/RegisterDuitNow/android.widget.TextView0 - Continue (3)'

2020-08-04 21:43:04 - [TEST_STEP][PASSED] - getText(findTestObject("Maya/RegisterDuitNow/android.widget.TextView0 - The DuitNow ID entered is inactive."), 0): Text of element 'Object Repository/Maya/RegisterDuitNow/android.widget.TextView0 - The DuitNow ID entered is inactive.' is: 'The DuitNow ID entered is inactive.'

2020-08-04 21:43:04 - [MESSAGE][WARNING] - Timeout '0' is invalid. Using default page load timeout: '10'

2020-08-04 21:43:05 - [MESSAGE][PASSED] - Text of element 'Object Repository/Maya/RegisterDuitNow/android.widget.TextView0 - The DuitNow ID entered is inactive.' is: 'The DuitNow ID entered is inactive.'

2020-08-04 21:43:05 - [TEST_STEP][PASSED] - takeScreenshot("C:\Users\LENOVO\Screenshot\Third Party\Screenshot7", STOP_ON_FAILURE): Screenshot is taken

2020-08-04 21:43:06 - [MESSAGE][PASSED] - Screenshot is taken
[[ATTACHMENT|C:\\Users\\LENOVO\\Screenshot\\Third Party\\Screenshot7]]

2020-08-04 21:43:06 - [TEST_STEP][PASSED] - verifyElementExist(findTestObject("Maya/RegisterDuitNow/android.widget.TextView0 - The DuitNow ID entered is inactive."), 0): Element 'Object Repository/Maya/RegisterDuitNow/android.widget.TextView0 - The DuitNow ID entered is inactive.' is exist

2020-08-04 21:43:06 - [MESSAGE][WARNING] - Timeout '0' is invalid. Using default page load timeout: '10'

2020-08-04 21:43:07 - [MESSAGE][PASSED] - Element 'Object Repository/Maya/RegisterDuitNow/android.widget.TextView0 - The DuitNow ID entered is inactive.' is exist

2020-08-04 21:43:07 - [TEST_STEP][PASSED] - delay(4, STOP_ON_FAILURE): Delayed 4 second(s)

2020-08-04 21:43:11 - [MESSAGE][PASSED] - Delayed 4 second(s)

2020-08-04 21:43:11 - [TEST_STEP][PASSED] - clearText(findTestObject("Maya/RegisterDuitNow/android.widget.EditText0 - 940812 11 5156"), 0): Element 'Object Repository/Maya/RegisterDuitNow/android.widget.EditText0 - 940812 11 5156' text is cleared

2020-08-04 21:43:11 - [MESSAGE][WARNING] - Timeout '0' is invalid. Using default page load timeout: '10'

2020-08-04 21:43:11 - [MESSAGE][PASSED] - Element 'Object Repository/Maya/RegisterDuitNow/android.widget.EditText0 - 940812 11 5156' text is cleared

2020-08-04 21:43:11 - [TEST_STEP][PASSED] - setText(findTestObject("Maya/RegisterDuitNow/android.widget.EditText0 - Enter NRIC number"), "910224010663", 0): Text '910224010663' has been set to element 'Object Repository/Maya/RegisterDuitNow/android.widget.EditText0 - Enter NRIC number'

2020-08-04 21:43:12 - [MESSAGE][WARNING] - Timeout '0' is invalid. Using default page load timeout: '10'

2020-08-04 21:43:14 - [MESSAGE][PASSED] - Text '910224010663' has been set to element 'Object Repository/Maya/RegisterDuitNow/android.widget.EditText0 - Enter NRIC number'

2020-08-04 21:43:14 - [TEST_STEP][PASSED] - tap(findTestObject("Maya/RegisterDuitNow/android.widget.TextView0 - Continue (3)"), 0): Tapped on element 'Object Repository/Maya/RegisterDuitNow/android.widget.TextView0 - Continue (3)'

2020-08-04 21:43:14 - [MESSAGE][WARNING] - Timeout '0' is invalid. Using default page load timeout: '10'

2020-08-04 21:43:16 - [MESSAGE][PASSED] - Tapped on element 'Object Repository/Maya/RegisterDuitNow/android.widget.TextView0 - Continue (3)'

2020-08-04 21:43:16 - [TEST_STEP][PASSED] - getText(findTestObject("Maya/RegisterDuitNow/android.widget.TextView0 - 910224 01 0663"), 0): Text of element 'Object Repository/Maya/RegisterDuitNow/android.widget.TextView0 - 910224 01 0663' is: '910224 01 0663'

2020-08-04 21:43:16 - [MESSAGE][WARNING] - Timeout '0' is invalid. Using default page load timeout: '10'

2020-08-04 21:43:17 - [MESSAGE][PASSED] - Text of element 'Object Repository/Maya/RegisterDuitNow/android.widget.TextView0 - 910224 01 0663' is: '910224 01 0663'

2020-08-04 21:43:17 - [TEST_STEP][PASSED] - delay(2, CONTINUE_ON_FAILURE): Delayed 2 second(s)

2020-08-04 21:43:19 - [MESSAGE][PASSED] - Delayed 2 second(s)

2020-08-04 21:43:19 - [TEST_STEP][PASSED] - takeScreenshot("C:\Users\LENOVO\Screenshot\Third Party\Screenshot8", STOP_ON_FAILURE): Screenshot is taken

2020-08-04 21:43:20 - [MESSAGE][PASSED] - Screenshot is taken
[[ATTACHMENT|C:\\Users\\LENOVO\\Screenshot\\Third Party\\Screenshot8]]

2020-08-04 21:43:20 - [TEST_STEP][PASSED] - verifyElementExist(findTestObject("Maya/RegisterDuitNow/android.widget.TextView0 - 910224 01 0663"), 0): Element 'Object Repository/Maya/RegisterDuitNow/android.widget.TextView0 - 910224 01 0663' is exist

2020-08-04 21:43:20 - [MESSAGE][WARNING] - Timeout '0' is invalid. Using default page load timeout: '10'

2020-08-04 21:43:21 - [MESSAGE][PASSED] - Element 'Object Repository/Maya/RegisterDuitNow/android.widget.TextView0 - 910224 01 0663' is exist

2020-08-04 21:43:21 - [TEST_STEP][PASSED] - getText(findTestObject("Maya/RegisterDuitNow/android.widget.TextView0 - NRIC Number (1)"), 0): Text of element 'Object Repository/Maya/RegisterDuitNow/android.widget.TextView0 - NRIC Number (1)' is: 'NRIC Number'

2020-08-04 21:43:21 - [MESSAGE][WARNING] - Timeout '0' is invalid. Using default page load timeout: '10'

2020-08-04 21:43:22 - [MESSAGE][PASSED] - Text of element 'Object Repository/Maya/RegisterDuitNow/android.widget.TextView0 - NRIC Number (1)' is: 'NRIC Number'

2020-08-04 21:43:22 - [TEST_STEP][PASSED] - verifyElementExist(findTestObject("Maya/RegisterDuitNow/android.widget.TextView0 - NRIC Number (1)"), 0): Element 'Object Repository/Maya/RegisterDuitNow/android.widget.TextView0 - NRIC Number (1)' is exist

2020-08-04 21:43:22 - [MESSAGE][WARNING] - Timeout '0' is invalid. Using default page load timeout: '10'

2020-08-04 21:43:23 - [MESSAGE][PASSED] - Element 'Object Repository/Maya/RegisterDuitNow/android.widget.TextView0 - NRIC Number (1)' is exist

2020-08-04 21:43:23 - [TEST_STEP][PASSED] - getText(findTestObject("Maya/RegisterDuitNow/android.widget.TextView0 - Enter amount (1)"), 0): Text of element 'Object Repository/Maya/RegisterDuitNow/android.widget.TextView0 - Enter amount (1)' is: 'Enter amount'

2020-08-04 21:43:23 - [MESSAGE][WARNING] - Timeout '0' is invalid. Using default page load timeout: '10'

2020-08-04 21:43:24 - [MESSAGE][PASSED] - Text of element 'Object Repository/Maya/RegisterDuitNow/android.widget.TextView0 - Enter amount (1)' is: 'Enter amount'

2020-08-04 21:43:24 - [TEST_STEP][PASSED] - verifyElementExist(findTestObject("Maya/RegisterDuitNow/android.widget.TextView0 - Enter amount (1)"), 0): Element 'Object Repository/Maya/RegisterDuitNow/android.widget.TextView0 - Enter amount (1)' is exist

2020-08-04 21:43:24 - [MESSAGE][WARNING] - Timeout '0' is invalid. Using default page load timeout: '10'

2020-08-04 21:43:24 - [MESSAGE][PASSED] - Element 'Object Repository/Maya/RegisterDuitNow/android.widget.TextView0 - Enter amount (1)' is exist

2020-08-04 21:43:24 - [TEST_STEP][PASSED] - tap(findTestObject("Maya/RegisterDuitNow/android.widget.ImageView0 (5)"), 0): Tapped on element 'Object Repository/Maya/RegisterDuitNow/android.widget.ImageView0 (5)'

2020-08-04 21:43:24 - [MESSAGE][WARNING] - Timeout '0' is invalid. Using default page load timeout: '10'

2020-08-04 21:43:25 - [MESSAGE][PASSED] - Tapped on element 'Object Repository/Maya/RegisterDuitNow/android.widget.ImageView0 (5)'

2020-08-04 21:43:25 - [TEST_STEP][PASSED] - getText(findTestObject("Maya/RegisterDuitNow/android.widget.TextView0 - Amount needs to be at least RM 0.01. (1)"), 0): Text of element 'Object Repository/Maya/RegisterDuitNow/android.widget.TextView0 - Amount needs to be at least RM 0.01. (1)' is: 'Amount needs to be at least RM 0.01.'

2020-08-04 21:43:25 - [MESSAGE][WARNING] - Timeout '0' is invalid. Using default page load timeout: '10'

2020-08-04 21:43:26 - [MESSAGE][PASSED] - Text of element 'Object Repository/Maya/RegisterDuitNow/android.widget.TextView0 - Amount needs to be at least RM 0.01. (1)' is: 'Amount needs to be at least RM 0.01.'

2020-08-04 21:43:26 - [TEST_STEP][PASSED] - takeScreenshot("C:\Users\LENOVO\Screenshot\Third Party\Screenshot9", STOP_ON_FAILURE): Screenshot is taken

2020-08-04 21:43:27 - [MESSAGE][PASSED] - Screenshot is taken
[[ATTACHMENT|C:\\Users\\LENOVO\\Screenshot\\Third Party\\Screenshot9]]

2020-08-04 21:43:27 - [TEST_STEP][PASSED] - verifyElementExist(findTestObject("Maya/RegisterDuitNow/android.widget.TextView0 - Amount needs to be at least RM 0.01. (1)"), 0): Element 'Object Repository/Maya/RegisterDuitNow/android.widget.TextView0 - Amount needs to be at least RM 0.01. (1)' is exist

2020-08-04 21:43:27 - [MESSAGE][WARNING] - Timeout '0' is invalid. Using default page load timeout: '10'

2020-08-04 21:43:28 - [MESSAGE][PASSED] - Element 'Object Repository/Maya/RegisterDuitNow/android.widget.TextView0 - Amount needs to be at least RM 0.01. (1)' is exist

2020-08-04 21:43:28 - [TEST_STEP][PASSED] - tap(findTestObject("Maya/RegisterDuitNow/android.widget.TextView0 - 2 (2)"), 0): Tapped on element 'Object Repository/Maya/RegisterDuitNow/android.widget.TextView0 - 2 (2)'

2020-08-04 21:43:28 - [MESSAGE][WARNING] - Timeout '0' is invalid. Using default page load timeout: '10'

2020-08-04 21:43:31 - [MESSAGE][PASSED] - Tapped on element 'Object Repository/Maya/RegisterDuitNow/android.widget.TextView0 - 2 (2)'

2020-08-04 21:43:31 - [TEST_STEP][PASSED] - tap(findTestObject("Maya/RegisterDuitNow/android.widget.TextView0 - 0 (2)"), 0): Tapped on element 'Object Repository/Maya/RegisterDuitNow/android.widget.TextView0 - 0 (2)'

2020-08-04 21:43:31 - [MESSAGE][WARNING] - Timeout '0' is invalid. Using default page load timeout: '10'

2020-08-04 21:43:33 - [MESSAGE][PASSED] - Tapped on element 'Object Repository/Maya/RegisterDuitNow/android.widget.TextView0 - 0 (2)'

2020-08-04 21:43:33 - [TEST_STEP][PASSED] - tap(findTestObject("Maya/RegisterDuitNow/android.widget.TextView0 - 0 (2)"), 0): Tapped on element 'Object Repository/Maya/RegisterDuitNow/android.widget.TextView0 - 0 (2)'

2020-08-04 21:43:33 - [MESSAGE][WARNING] - Timeout '0' is invalid. Using default page load timeout: '10'

2020-08-04 21:43:37 - [MESSAGE][PASSED] - Tapped on element 'Object Repository/Maya/RegisterDuitNow/android.widget.TextView0 - 0 (2)'

2020-08-04 21:43:37 - [TEST_STEP][PASSED] - tap(findTestObject("Maya/RegisterDuitNow/android.widget.TextView0 - 0 (2)"), 0): Tapped on element 'Object Repository/Maya/RegisterDuitNow/android.widget.TextView0 - 0 (2)'

2020-08-04 21:43:37 - [MESSAGE][WARNING] - Timeout '0' is invalid. Using default page load timeout: '10'

2020-08-04 21:43:40 - [MESSAGE][PASSED] - Tapped on element 'Object Repository/Maya/RegisterDuitNow/android.widget.TextView0 - 0 (2)'

2020-08-04 21:43:40 - [TEST_STEP][PASSED] - tap(findTestObject("Maya/RegisterDuitNow/android.widget.TextView0 - 0 (2)"), 0): Tapped on element 'Object Repository/Maya/RegisterDuitNow/android.widget.TextView0 - 0 (2)'

2020-08-04 21:43:41 - [MESSAGE][WARNING] - Timeout '0' is invalid. Using default page load timeout: '10'

2020-08-04 21:43:42 - [MESSAGE][PASSED] - Tapped on element 'Object Repository/Maya/RegisterDuitNow/android.widget.TextView0 - 0 (2)'

2020-08-04 21:43:42 - [TEST_STEP][PASSED] - tap(findTestObject("Maya/RegisterDuitNow/android.widget.TextView0 - 0 (2)"), 0): Tapped on element 'Object Repository/Maya/RegisterDuitNow/android.widget.TextView0 - 0 (2)'

2020-08-04 21:43:42 - [MESSAGE][WARNING] - Timeout '0' is invalid. Using default page load timeout: '10'

2020-08-04 21:43:46 - [MESSAGE][PASSED] - Tapped on element 'Object Repository/Maya/RegisterDuitNow/android.widget.TextView0 - 0 (2)'

2020-08-04 21:43:46 - [TEST_STEP][PASSED] - tap(findTestObject("Maya/RegisterDuitNow/android.widget.TextView0 - 0 (2)"), 0): Tapped on element 'Object Repository/Maya/RegisterDuitNow/android.widget.TextView0 - 0 (2)'

2020-08-04 21:43:46 - [MESSAGE][WARNING] - Timeout '0' is invalid. Using default page load timeout: '10'

2020-08-04 21:43:50 - [MESSAGE][PASSED] - Tapped on element 'Object Repository/Maya/RegisterDuitNow/android.widget.TextView0 - 0 (2)'

2020-08-04 21:43:50 - [TEST_STEP][PASSED] - tap(findTestObject("Maya/RegisterDuitNow/android.widget.ImageView0 (5)"), 0): Tapped on element 'Object Repository/Maya/RegisterDuitNow/android.widget.ImageView0 (5)'

2020-08-04 21:43:50 - [MESSAGE][WARNING] - Timeout '0' is invalid. Using default page load timeout: '10'

2020-08-04 21:43:51 - [MESSAGE][PASSED] - Tapped on element 'Object Repository/Maya/RegisterDuitNow/android.widget.ImageView0 (5)'

2020-08-04 21:43:51 - [TEST_STEP][PASSED] - getText(findTestObject("Maya/RegisterDuitNow/android.widget.TextView0 - 910224 01 0663 (1)"), 0): Text of element 'Object Repository/Maya/RegisterDuitNow/android.widget.TextView0 - 910224 01 0663 (1)' is: '910224 01 0663'

2020-08-04 21:43:51 - [MESSAGE][WARNING] - Timeout '0' is invalid. Using default page load timeout: '10'

2020-08-04 21:43:52 - [MESSAGE][PASSED] - Text of element 'Object Repository/Maya/RegisterDuitNow/android.widget.TextView0 - 910224 01 0663 (1)' is: '910224 01 0663'

2020-08-04 21:43:52 - [TEST_STEP][PASSED] - delay(2, CONTINUE_ON_FAILURE): Delayed 2 second(s)

2020-08-04 21:43:54 - [MESSAGE][PASSED] - Delayed 2 second(s)

2020-08-04 21:43:54 - [TEST_STEP][PASSED] - takeScreenshot("C:\Users\LENOVO\Screenshot\Third Party\Screenshot10", STOP_ON_FAILURE): Screenshot is taken

2020-08-04 21:43:55 - [MESSAGE][PASSED] - Screenshot is taken
[[ATTACHMENT|C:\\Users\\LENOVO\\Screenshot\\Third Party\\Screenshot10]]

2020-08-04 21:43:55 - [TEST_STEP][PASSED] - verifyElementExist(findTestObject("Maya/RegisterDuitNow/android.widget.TextView0 - 910224 01 0663 (1)"), 0): Element 'Object Repository/Maya/RegisterDuitNow/android.widget.TextView0 - 910224 01 0663 (1)' is exist

2020-08-04 21:43:55 - [MESSAGE][WARNING] - Timeout '0' is invalid. Using default page load timeout: '10'

2020-08-04 21:43:56 - [MESSAGE][PASSED] - Element 'Object Repository/Maya/RegisterDuitNow/android.widget.TextView0 - 910224 01 0663 (1)' is exist

2020-08-04 21:43:56 - [TEST_STEP][PASSED] - getText(findTestObject("Maya/RegisterDuitNow/android.widget.TextView0 - NRIC Number (2)"), 0): Text of element 'Object Repository/Maya/RegisterDuitNow/android.widget.TextView0 - NRIC Number (2)' is: 'NRIC Number'

2020-08-04 21:43:56 - [MESSAGE][WARNING] - Timeout '0' is invalid. Using default page load timeout: '10'

2020-08-04 21:43:56 - [MESSAGE][PASSED] - Text of element 'Object Repository/Maya/RegisterDuitNow/android.widget.TextView0 - NRIC Number (2)' is: 'NRIC Number'

2020-08-04 21:43:56 - [TEST_STEP][PASSED] - verifyElementExist(findTestObject("Maya/RegisterDuitNow/android.widget.TextView0 - NRIC Number (2)"), 0): Element 'Object Repository/Maya/RegisterDuitNow/android.widget.TextView0 - NRIC Number (2)' is exist

2020-08-04 21:43:56 - [MESSAGE][WARNING] - Timeout '0' is invalid. Using default page load timeout: '10'

2020-08-04 21:43:56 - [MESSAGE][PASSED] - Element 'Object Repository/Maya/RegisterDuitNow/android.widget.TextView0 - NRIC Number (2)' is exist

2020-08-04 21:43:56 - [TEST_STEP][PASSED] - getText(findTestObject("Maya/RegisterDuitNow/android.widget.TextView0 - XXXXX XXXX XXXXXXX XX"), 0): Text of element 'Object Repository/Maya/RegisterDuitNow/android.widget.TextView0 - XXXXX XXXX XXXXXXX XX' is: 'XXXXX XXXX XXXXXXX XX'

2020-08-04 21:43:57 - [MESSAGE][WARNING] - Timeout '0' is invalid. Using default page load timeout: '10'

2020-08-04 21:43:57 - [MESSAGE][PASSED] - Text of element 'Object Repository/Maya/RegisterDuitNow/android.widget.TextView0 - XXXXX XXXX XXXXXXX XX' is: 'XXXXX XXXX XXXXXXX XX'

2020-08-04 21:43:57 - [TEST_STEP][PASSED] - verifyElementExist(findTestObject("Maya/RegisterDuitNow/android.widget.TextView0 - XXXXX XXXX XXXXXXX XX"), 0): Element 'Object Repository/Maya/RegisterDuitNow/android.widget.TextView0 - XXXXX XXXX XXXXXXX XX' is exist

2020-08-04 21:43:57 - [MESSAGE][WARNING] - Timeout '0' is invalid. Using default page load timeout: '10'

2020-08-04 21:43:58 - [MESSAGE][PASSED] - Element 'Object Repository/Maya/RegisterDuitNow/android.widget.TextView0 - XXXXX XXXX XXXXXXX XX' is exist

2020-08-04 21:43:58 - [TEST_STEP][PASSED] - tap(findTestObject("Maya/RegisterDuitNow/android.widget.ImageView0 (6)"), 0): Tapped on element 'Object Repository/Maya/RegisterDuitNow/android.widget.ImageView0 (6)'

2020-08-04 21:43:58 - [MESSAGE][WARNING] - Timeout '0' is invalid. Using default page load timeout: '10'

2020-08-04 21:43:59 - [MESSAGE][PASSED] - Tapped on element 'Object Repository/Maya/RegisterDuitNow/android.widget.ImageView0 (6)'

2020-08-04 21:43:59 - [TEST_STEP][PASSED] - getText(findTestObject("Maya/RegisterDuitNow/android.widget.TextView0 - Enter amount (1)"), 0): Text of element 'Object Repository/Maya/RegisterDuitNow/android.widget.TextView0 - Enter amount (1)' is: 'Enter amount'

2020-08-04 21:43:59 - [MESSAGE][WARNING] - Timeout '0' is invalid. Using default page load timeout: '10'

2020-08-04 21:44:00 - [MESSAGE][PASSED] - Text of element 'Object Repository/Maya/RegisterDuitNow/android.widget.TextView0 - Enter amount (1)' is: 'Enter amount'

2020-08-04 21:44:00 - [TEST_STEP][PASSED] - verifyElementExist(findTestObject("Maya/RegisterDuitNow/android.widget.TextView0 - Enter amount (1)"), 0): Element 'Object Repository/Maya/RegisterDuitNow/android.widget.TextView0 - Enter amount (1)' is exist

2020-08-04 21:44:01 - [MESSAGE][WARNING] - Timeout '0' is invalid. Using default page load timeout: '10'

2020-08-04 21:44:01 - [MESSAGE][PASSED] - Element 'Object Repository/Maya/RegisterDuitNow/android.widget.TextView0 - Enter amount (1)' is exist

2020-08-04 21:44:01 - [TEST_STEP][PASSED] - delay(2, CONTINUE_ON_FAILURE): Delayed 2 second(s)

2020-08-04 21:44:03 - [MESSAGE][PASSED] - Delayed 2 second(s)

2020-08-04 21:44:03 - [TEST_STEP][PASSED] - takeScreenshot("C:\Users\LENOVO\Screenshot\Third Party\Screenshot11", STOP_ON_FAILURE): Screenshot is taken

2020-08-04 21:44:04 - [MESSAGE][PASSED] - Screenshot is taken
[[ATTACHMENT|C:\\Users\\LENOVO\\Screenshot\\Third Party\\Screenshot11]]

2020-08-04 21:44:04 - [TEST_STEP][PASSED] - getText(findTestObject("Maya/RegisterDuitNow/android.widget.TextView0 - XXXXX XXXX XXXXXXX XX (1)"), 0): Text of element 'Object Repository/Maya/RegisterDuitNow/android.widget.TextView0 - XXXXX XXXX XXXXXXX XX (1)' is: 'XXXXX XXXX XXXXXXX XX'

2020-08-04 21:44:04 - [MESSAGE][WARNING] - Timeout '0' is invalid. Using default page load timeout: '10'

2020-08-04 21:44:06 - [MESSAGE][PASSED] - Text of element 'Object Repository/Maya/RegisterDuitNow/android.widget.TextView0 - XXXXX XXXX XXXXXXX XX (1)' is: 'XXXXX XXXX XXXXXXX XX'

2020-08-04 21:44:06 - [TEST_STEP][PASSED] - verifyElementExist(findTestObject("Maya/RegisterDuitNow/android.widget.TextView0 - XXXXX XXXX XXXXXXX XX (1)"), 0): Element 'Object Repository/Maya/RegisterDuitNow/android.widget.TextView0 - XXXXX XXXX XXXXXXX XX (1)' is exist

2020-08-04 21:44:06 - [MESSAGE][WARNING] - Timeout '0' is invalid. Using default page load timeout: '10'

2020-08-04 21:44:07 - [MESSAGE][PASSED] - Element 'Object Repository/Maya/RegisterDuitNow/android.widget.TextView0 - XXXXX XXXX XXXXXXX XX (1)' is exist

2020-08-04 21:44:07 - [TEST_STEP][PASSED] - tap(findTestObject("Maya/RegisterDuitNow/android.widget.ImageView0 (5)"), 0): Tapped on element 'Object Repository/Maya/RegisterDuitNow/android.widget.ImageView0 (5)'

2020-08-04 21:44:07 - [MESSAGE][WARNING] - Timeout '0' is invalid. Using default page load timeout: '10'

2020-08-04 21:44:08 - [MESSAGE][PASSED] - Tapped on element 'Object Repository/Maya/RegisterDuitNow/android.widget.ImageView0 (5)'

2020-08-04 21:44:08 - [TEST_STEP][PASSED] - getText(findTestObject("Maya/RegisterDuitNow/android.widget.TextView0 - Enter recipient reference (1)"), 0): Text of element 'Object Repository/Maya/RegisterDuitNow/android.widget.TextView0 - Enter recipient reference (1)' is: 'Enter recipient reference'

2020-08-04 21:44:08 - [MESSAGE][WARNING] - Timeout '0' is invalid. Using default page load timeout: '10'

2020-08-04 21:44:10 - [MESSAGE][PASSED] - Text of element 'Object Repository/Maya/RegisterDuitNow/android.widget.TextView0 - Enter recipient reference (1)' is: 'Enter recipient reference'

2020-08-04 21:44:10 - [TEST_STEP][PASSED] - verifyElementExist(findTestObject("Maya/RegisterDuitNow/android.widget.TextView0 - Enter recipient reference (1)"), 0): Element 'Object Repository/Maya/RegisterDuitNow/android.widget.TextView0 - Enter recipient reference (1)' is exist

2020-08-04 21:44:10 - [MESSAGE][WARNING] - Timeout '0' is invalid. Using default page load timeout: '10'

2020-08-04 21:44:10 - [MESSAGE][PASSED] - Element 'Object Repository/Maya/RegisterDuitNow/android.widget.TextView0 - Enter recipient reference (1)' is exist

2020-08-04 21:44:10 - [TEST_STEP][PASSED] - delay(2, CONTINUE_ON_FAILURE): Delayed 2 second(s)

2020-08-04 21:44:12 - [MESSAGE][PASSED] - Delayed 2 second(s)

2020-08-04 21:44:12 - [TEST_STEP][PASSED] - takeScreenshot("C:\Users\LENOVO\Screenshot\Third Party\Screenshot12", STOP_ON_FAILURE): Screenshot is taken

2020-08-04 21:44:13 - [MESSAGE][PASSED] - Screenshot is taken
[[ATTACHMENT|C:\\Users\\LENOVO\\Screenshot\\Third Party\\Screenshot12]]

2020-08-04 21:44:13 - [TEST_STEP][PASSED] - setText(findTestObject("Maya/RegisterDuitNow/android.widget.EditText0 (4)"), "chk", 0): Text 'chk' has been set to element 'Object Repository/Maya/RegisterDuitNow/android.widget.EditText0 (4)'

2020-08-04 21:44:13 - [MESSAGE][WARNING] - Timeout '0' is invalid. Using default page load timeout: '10'

2020-08-04 21:44:15 - [MESSAGE][PASSED] - Text 'chk' has been set to element 'Object Repository/Maya/RegisterDuitNow/android.widget.EditText0 (4)'

2020-08-04 21:44:15 - [TEST_STEP][PASSED] - hideKeyboard(): Keyboard is hidden

2020-08-04 21:44:19 - [MESSAGE][PASSED] - Keyboard is hidden

2020-08-04 21:44:19 - [TEST_STEP][PASSED] - delay(4, STOP_ON_FAILURE): Delayed 4 second(s)

2020-08-04 21:44:23 - [MESSAGE][PASSED] - Delayed 4 second(s)

2020-08-04 21:44:23 - [TEST_STEP][PASSED] - tap(findTestObject("Maya/RegisterDuitNow/android.widget.TextView0 - Continue (4)"), 0): Tapped on element 'Object Repository/Maya/RegisterDuitNow/android.widget.TextView0 - Continue (4)'

2020-08-04 21:44:23 - [MESSAGE][WARNING] - Timeout '0' is invalid. Using default page load timeout: '10'

2020-08-04 21:44:25 - [MESSAGE][PASSED] - Tapped on element 'Object Repository/Maya/RegisterDuitNow/android.widget.TextView0 - Continue (4)'

2020-08-04 21:44:25 - [TEST_STEP][NOT_RUN] - getText(findTestObject("Maya/RegisterDuitNow/android.widget.TextView0 - DuitNow (3)"), 0): NOT_RUN: getText(findTestObject("Maya/RegisterDuitNow/android.widget.TextView0 - DuitNow (3)"), 0)

2020-08-04 21:44:25 - [MESSAGE][NOT_RUN] - NOT_RUN: getText(findTestObject("Maya/RegisterDuitNow/android.widget.TextView0 - DuitNow (3)"), 0)

2020-08-04 21:44:25 - [TEST_STEP][PASSED] - tap(findTestObject("Maya/RegisterDuitNow/android.widget.TextView0 - Today"), 0): Tapped on element 'Object Repository/Maya/RegisterDuitNow/android.widget.TextView0 - Today'

2020-08-04 21:44:25 - [MESSAGE][WARNING] - Timeout '0' is invalid. Using default page load timeout: '10'

2020-08-04 21:44:29 - [MESSAGE][PASSED] - Tapped on element 'Object Repository/Maya/RegisterDuitNow/android.widget.TextView0 - Today'

2020-08-04 21:44:29 - [TEST_STEP][PASSED] - tap(findTestObject("Maya/RegisterDuitNow/android.widget.TextView0 - Done (4)"), 0): Tapped on element 'Object Repository/Maya/RegisterDuitNow/android.widget.TextView0 - Done (4)'

2020-08-04 21:44:29 - [MESSAGE][WARNING] - Timeout '0' is invalid. Using default page load timeout: '10'

2020-08-04 21:44:30 - [MESSAGE][PASSED] - Tapped on element 'Object Repository/Maya/RegisterDuitNow/android.widget.TextView0 - Done (4)'

2020-08-04 21:44:30 - [TEST_STEP][PASSED] - getText(findTestObject("Maya/RegisterDuitNow/android.widget.TextView0 - Date (1)"), 0): Text of element 'Object Repository/Maya/RegisterDuitNow/android.widget.TextView0 - Date (1)' is: 'Date'

2020-08-04 21:44:30 - [MESSAGE][WARNING] - Timeout '0' is invalid. Using default page load timeout: '10'

2020-08-04 21:44:31 - [MESSAGE][PASSED] - Text of element 'Object Repository/Maya/RegisterDuitNow/android.widget.TextView0 - Date (1)' is: 'Date'

2020-08-04 21:44:31 - [TEST_STEP][PASSED] - verifyElementExist(findTestObject("Maya/RegisterDuitNow/android.widget.TextView0 - Date (1)"), 0): Element 'Object Repository/Maya/RegisterDuitNow/android.widget.TextView0 - Date (1)' is exist

2020-08-04 21:44:31 - [MESSAGE][WARNING] - Timeout '0' is invalid. Using default page load timeout: '10'

2020-08-04 21:44:32 - [MESSAGE][PASSED] - Element 'Object Repository/Maya/RegisterDuitNow/android.widget.TextView0 - Date (1)' is exist

2020-08-04 21:44:32 - [TEST_STEP][PASSED] - getText(findTestObject("Maya/RegisterDuitNow/android.widget.TextView0 - Transfer type (1)"), 0): Text of element 'Object Repository/Maya/RegisterDuitNow/android.widget.TextView0 - Transfer type (1)' is: 'Transfer type'

2020-08-04 21:44:32 - [MESSAGE][WARNING] - Timeout '0' is invalid. Using default page load timeout: '10'

2020-08-04 21:44:32 - [MESSAGE][PASSED] - Text of element 'Object Repository/Maya/RegisterDuitNow/android.widget.TextView0 - Transfer type (1)' is: 'Transfer type'

2020-08-04 21:44:32 - [TEST_STEP][PASSED] - verifyElementExist(findTestObject("Maya/RegisterDuitNow/android.widget.TextView0 - Transfer type (1)"), 0): Element 'Object Repository/Maya/RegisterDuitNow/android.widget.TextView0 - Transfer type (1)' is exist

2020-08-04 21:44:32 - [MESSAGE][WARNING] - Timeout '0' is invalid. Using default page load timeout: '10'

2020-08-04 21:44:32 - [MESSAGE][PASSED] - Element 'Object Repository/Maya/RegisterDuitNow/android.widget.TextView0 - Transfer type (1)' is exist

2020-08-04 21:44:32 - [TEST_STEP][PASSED] - getText(findTestObject("Maya/RegisterDuitNow/android.widget.TextView0 - ID type (2)"), 0): Text of element 'Object Repository/Maya/RegisterDuitNow/android.widget.TextView0 - ID type (2)' is: 'ID type'

2020-08-04 21:44:33 - [MESSAGE][WARNING] - Timeout '0' is invalid. Using default page load timeout: '10'

2020-08-04 21:44:33 - [MESSAGE][PASSED] - Text of element 'Object Repository/Maya/RegisterDuitNow/android.widget.TextView0 - ID type (2)' is: 'ID type'

2020-08-04 21:44:33 - [TEST_STEP][PASSED] - verifyElementExist(findTestObject("Maya/RegisterDuitNow/android.widget.TextView0 - ID type (2)"), 0): Element 'Object Repository/Maya/RegisterDuitNow/android.widget.TextView0 - ID type (2)' is exist

2020-08-04 21:44:33 - [MESSAGE][WARNING] - Timeout '0' is invalid. Using default page load timeout: '10'

2020-08-04 21:44:34 - [MESSAGE][PASSED] - Element 'Object Repository/Maya/RegisterDuitNow/android.widget.TextView0 - ID type (2)' is exist

2020-08-04 21:44:34 - [TEST_STEP][PASSED] - getText(findTestObject("Maya/RegisterDuitNow/android.widget.TextView0 - NRIC Number (3)"), 0): Text of element 'Object Repository/Maya/RegisterDuitNow/android.widget.TextView0 - NRIC Number (3)' is: 'NRIC Number'

2020-08-04 21:44:34 - [MESSAGE][WARNING] - Timeout '0' is invalid. Using default page load timeout: '10'

2020-08-04 21:44:34 - [MESSAGE][PASSED] - Text of element 'Object Repository/Maya/RegisterDuitNow/android.widget.TextView0 - NRIC Number (3)' is: 'NRIC Number'

2020-08-04 21:44:34 - [TEST_STEP][PASSED] - verifyElementExist(findTestObject("Maya/RegisterDuitNow/android.widget.TextView0 - NRIC Number (3)"), 0): Element 'Object Repository/Maya/RegisterDuitNow/android.widget.TextView0 - NRIC Number (3)' is exist

2020-08-04 21:44:34 - [MESSAGE][WARNING] - Timeout '0' is invalid. Using default page load timeout: '10'

2020-08-04 21:44:35 - [MESSAGE][PASSED] - Element 'Object Repository/Maya/RegisterDuitNow/android.widget.TextView0 - NRIC Number (3)' is exist

2020-08-04 21:44:35 - [TEST_STEP][PASSED] - getText(findTestObject("Maya/RegisterDuitNow/android.widget.TextView0 - Recipient reference (1)"), 0): Text of element 'Object Repository/Maya/RegisterDuitNow/android.widget.TextView0 - Recipient reference (1)' is: 'Recipient reference'

2020-08-04 21:44:35 - [MESSAGE][WARNING] - Timeout '0' is invalid. Using default page load timeout: '10'

2020-08-04 21:44:35 - [MESSAGE][PASSED] - Text of element 'Object Repository/Maya/RegisterDuitNow/android.widget.TextView0 - Recipient reference (1)' is: 'Recipient reference'

2020-08-04 21:44:35 - [TEST_STEP][PASSED] - verifyElementExist(findTestObject("Maya/RegisterDuitNow/android.widget.TextView0 - Recipient reference (1)"), 0): Element 'Object Repository/Maya/RegisterDuitNow/android.widget.TextView0 - Recipient reference (1)' is exist

2020-08-04 21:44:36 - [MESSAGE][WARNING] - Timeout '0' is invalid. Using default page load timeout: '10'

2020-08-04 21:44:36 - [MESSAGE][PASSED] - Element 'Object Repository/Maya/RegisterDuitNow/android.widget.TextView0 - Recipient reference (1)' is exist

2020-08-04 21:44:36 - [TEST_STEP][PASSED] - delay(2, CONTINUE_ON_FAILURE): Delayed 2 second(s)

2020-08-04 21:44:38 - [MESSAGE][PASSED] - Delayed 2 second(s)

2020-08-04 21:44:38 - [TEST_STEP][PASSED] - takeScreenshot("C:\Users\LENOVO\Screenshot\Third Party\Screenshot13", STOP_ON_FAILURE): Screenshot is taken

2020-08-04 21:44:39 - [MESSAGE][PASSED] - Screenshot is taken
[[ATTACHMENT|C:\\Users\\LENOVO\\Screenshot\\Third Party\\Screenshot13]]

2020-08-04 21:44:39 - [TEST_STEP][PASSED] - tap(findTestObject("Maya/RegisterDuitNow/android.widget.TextView0 - Transfer Now (1)"), 0): Tapped on element 'Object Repository/Maya/RegisterDuitNow/android.widget.TextView0 - Transfer Now (1)'

2020-08-04 21:44:39 - [MESSAGE][WARNING] - Timeout '0' is invalid. Using default page load timeout: '10'

2020-08-04 21:44:41 - [MESSAGE][PASSED] - Tapped on element 'Object Repository/Maya/RegisterDuitNow/android.widget.TextView0 - Transfer Now (1)'

2020-08-04 21:44:41 - [TEST_STEP][PASSED] - takeScreenshot("C:\Users\LENOVO\Screenshot\Third Party\Screenshot19", STOP_ON_FAILURE): Screenshot is taken

2020-08-04 21:44:42 - [MESSAGE][PASSED] - Screenshot is taken
[[ATTACHMENT|C:\\Users\\LENOVO\\Screenshot\\Third Party\\Screenshot19]]

2020-08-04 21:44:42 - [TEST_STEP][PASSED] - if (verifyElementExist(findTestObject("Maya/spy/android.widget.TextView0 - Your TAC no. is 822872v3"), 3)): null

2020-08-04 21:44:44 - [MESSAGE][PASSED] - Element 'Object Repository/Maya/spy/android.widget.TextView0 - Your TAC no. is 822872v3' is exist

2020-08-04 21:44:44 - [TEST_STEP][PASSED] - otpM = getText(findTestObject("Maya/spy/android.widget.TextView0 - Your TAC no. is 822872v3"), 0): Text of element 'Object Repository/Maya/spy/android.widget.TextView0 - Your TAC no. is 822872v3' is: 'Your TAC no. is 783546'

2020-08-04 21:44:44 - [MESSAGE][WARNING] - Timeout '0' is invalid. Using default page load timeout: '10'

2020-08-04 21:44:45 - [MESSAGE][PASSED] - Text of element 'Object Repository/Maya/spy/android.widget.TextView0 - Your TAC no. is 822872v3' is: 'Your TAC no. is 783546'

2020-08-04 21:44:45 - [TEST_STEP][PASSED] - delay(2): Delayed 2 second(s)

2020-08-04 21:44:47 - [MESSAGE][PASSED] - Delayed 2 second(s)

2020-08-04 21:44:47 - [TEST_STEP][PASSED] - for ([i = 16, i <= 21, (i++)]): null

2020-08-04 21:44:47 - [TEST_STEP][PASSED] - delay(3, STOP_ON_FAILURE): Delayed 3 second(s)

2020-08-04 21:44:50 - [MESSAGE][PASSED] - Delayed 3 second(s)

2020-08-04 21:44:50 - [TEST_STEP][PASSED] - if (otpM[i] == "0"): null

2020-08-04 21:44:50 - [TEST_STEP][PASSED] - if (otpM[i] == "1"): null

2020-08-04 21:44:50 - [TEST_STEP][PASSED] - if (otpM[i] == "2"): null

2020-08-04 21:44:50 - [TEST_STEP][PASSED] - if (otpM[i] == "3"): null

2020-08-04 21:44:50 - [TEST_STEP][PASSED] - if (otpM[i] == "4"): null

2020-08-04 21:44:50 - [TEST_STEP][PASSED] - if (otpM[i] == "5"): null

2020-08-04 21:44:50 - [TEST_STEP][PASSED] - if (otpM[i] == "6"): null

2020-08-04 21:44:50 - [TEST_STEP][PASSED] - if (otpM[i] == "7"): Tapped on element 'Object Repository/Maya/login again/Spy - 7'

2020-08-04 21:44:50 - [TEST_STEP][PASSED] - delay(1, STOP_ON_FAILURE): Delayed 1 second(s)

2020-08-04 21:44:51 - [MESSAGE][PASSED] - Delayed 1 second(s)

2020-08-04 21:44:51 - [TEST_STEP][PASSED] - tap(findTestObject("Maya/login again/Spy - 7"), 0): Tapped on element 'Object Repository/Maya/login again/Spy - 7'

2020-08-04 21:44:51 - [MESSAGE][WARNING] - Timeout '0' is invalid. Using default page load timeout: '10'

2020-08-04 21:44:53 - [MESSAGE][PASSED] - Tapped on element 'Object Repository/Maya/login again/Spy - 7'

2020-08-04 21:44:53 - [TEST_STEP][PASSED] - if (otpM[i] == "8"): null

2020-08-04 21:44:53 - [TEST_STEP][PASSED] - if (otpM[i] == "9"): null

2020-08-04 21:44:53 - [TEST_STEP][PASSED] - delay(3, STOP_ON_FAILURE): Delayed 3 second(s)

2020-08-04 21:44:56 - [MESSAGE][PASSED] - Delayed 3 second(s)

2020-08-04 21:44:56 - [TEST_STEP][PASSED] - if (otpM[i] == "0"): null

2020-08-04 21:44:56 - [TEST_STEP][PASSED] - if (otpM[i] == "1"): null

2020-08-04 21:44:56 - [TEST_STEP][PASSED] - if (otpM[i] == "2"): null

2020-08-04 21:44:56 - [TEST_STEP][PASSED] - if (otpM[i] == "3"): null

2020-08-04 21:44:56 - [TEST_STEP][PASSED] - if (otpM[i] == "4"): null

2020-08-04 21:44:56 - [TEST_STEP][PASSED] - if (otpM[i] == "5"): null

2020-08-04 21:44:56 - [TEST_STEP][PASSED] - if (otpM[i] == "6"): null

2020-08-04 21:44:56 - [TEST_STEP][PASSED] - if (otpM[i] == "7"): null

2020-08-04 21:44:56 - [TEST_STEP][PASSED] - if (otpM[i] == "8"): Tapped on element 'Object Repository/Maya/login again/Spy - 8'

2020-08-04 21:44:56 - [TEST_STEP][PASSED] - delay(1, STOP_ON_FAILURE): Delayed 1 second(s)

2020-08-04 21:44:57 - [MESSAGE][PASSED] - Delayed 1 second(s)

2020-08-04 21:44:57 - [TEST_STEP][PASSED] - tap(findTestObject("Maya/login again/Spy - 8"), 0): Tapped on element 'Object Repository/Maya/login again/Spy - 8'

2020-08-04 21:44:58 - [MESSAGE][WARNING] - Timeout '0' is invalid. Using default page load timeout: '10'

2020-08-04 21:44:59 - [MESSAGE][PASSED] - Tapped on element 'Object Repository/Maya/login again/Spy - 8'

2020-08-04 21:44:59 - [TEST_STEP][PASSED] - if (otpM[i] == "9"): null

2020-08-04 21:44:59 - [TEST_STEP][PASSED] - delay(3, STOP_ON_FAILURE): Delayed 3 second(s)

2020-08-04 21:45:02 - [MESSAGE][PASSED] - Delayed 3 second(s)

2020-08-04 21:45:02 - [TEST_STEP][PASSED] - if (otpM[i] == "0"): null

2020-08-04 21:45:02 - [TEST_STEP][PASSED] - if (otpM[i] == "1"): null

2020-08-04 21:45:02 - [TEST_STEP][PASSED] - if (otpM[i] == "2"): null

2020-08-04 21:45:02 - [TEST_STEP][PASSED] - if (otpM[i] == "3"): Tapped on element 'Object Repository/Maya/login again/Spy- 3'

2020-08-04 21:45:02 - [TEST_STEP][PASSED] - delay(1, STOP_ON_FAILURE): Delayed 1 second(s)

2020-08-04 21:45:03 - [MESSAGE][PASSED] - Delayed 1 second(s)

2020-08-04 21:45:03 - [TEST_STEP][NOT_RUN] - tap(findTestObject("MAYA SIT v118/spy/TAC - keypad 3"), 0): NOT_RUN: tap(findTestObject("MAYA SIT v118/spy/TAC - keypad 3"), 0)

2020-08-04 21:45:03 - [MESSAGE][NOT_RUN] - NOT_RUN: tap(findTestObject("MAYA SIT v118/spy/TAC - keypad 3"), 0)

2020-08-04 21:45:03 - [TEST_STEP][PASSED] - tap(findTestObject("Maya/login again/Spy- 3"), 0): Tapped on element 'Object Repository/Maya/login again/Spy- 3'

2020-08-04 21:45:03 - [MESSAGE][WARNING] - Timeout '0' is invalid. Using default page load timeout: '10'

2020-08-04 21:45:04 - [MESSAGE][PASSED] - Tapped on element 'Object Repository/Maya/login again/Spy- 3'

2020-08-04 21:45:04 - [TEST_STEP][PASSED] - if (otpM[i] == "4"): null

2020-08-04 21:45:04 - [TEST_STEP][PASSED] - if (otpM[i] == "5"): null

2020-08-04 21:45:04 - [TEST_STEP][PASSED] - if (otpM[i] == "6"): null

2020-08-04 21:45:04 - [TEST_STEP][PASSED] - if (otpM[i] == "7"): null

2020-08-04 21:45:04 - [TEST_STEP][PASSED] - if (otpM[i] == "8"): null

2020-08-04 21:45:04 - [TEST_STEP][PASSED] - if (otpM[i] == "9"): null

2020-08-04 21:45:04 - [TEST_STEP][PASSED] - delay(3, STOP_ON_FAILURE): Delayed 3 second(s)

2020-08-04 21:45:07 - [MESSAGE][PASSED] - Delayed 3 second(s)

2020-08-04 21:45:07 - [TEST_STEP][PASSED] - if (otpM[i] == "0"): null

2020-08-04 21:45:07 - [TEST_STEP][PASSED] - if (otpM[i] == "1"): null

2020-08-04 21:45:07 - [TEST_STEP][PASSED] - if (otpM[i] == "2"): null

2020-08-04 21:45:07 - [TEST_STEP][PASSED] - if (otpM[i] == "3"): null

2020-08-04 21:45:07 - [TEST_STEP][PASSED] - if (otpM[i] == "4"): null

2020-08-04 21:45:07 - [TEST_STEP][PASSED] - if (otpM[i] == "5"): Tapped on element 'Object Repository/Maya/login again/Spy- 5'

2020-08-04 21:45:07 - [TEST_STEP][PASSED] - delay(1, STOP_ON_FAILURE): Delayed 1 second(s)

2020-08-04 21:45:08 - [MESSAGE][PASSED] - Delayed 1 second(s)

2020-08-04 21:45:08 - [TEST_STEP][PASSED] - tap(findTestObject("Maya/login again/Spy- 5"), 0): Tapped on element 'Object Repository/Maya/login again/Spy- 5'

2020-08-04 21:45:08 - [MESSAGE][WARNING] - Timeout '0' is invalid. Using default page load timeout: '10'

2020-08-04 21:45:09 - [MESSAGE][PASSED] - Tapped on element 'Object Repository/Maya/login again/Spy- 5'

2020-08-04 21:45:09 - [TEST_STEP][PASSED] - if (otpM[i] == "6"): null

2020-08-04 21:45:09 - [TEST_STEP][PASSED] - if (otpM[i] == "7"): null

2020-08-04 21:45:09 - [TEST_STEP][PASSED] - if (otpM[i] == "8"): null

2020-08-04 21:45:09 - [TEST_STEP][PASSED] - if (otpM[i] == "9"): null

2020-08-04 21:45:09 - [TEST_STEP][PASSED] - delay(3, STOP_ON_FAILURE): Delayed 3 second(s)

2020-08-04 21:45:12 - [MESSAGE][PASSED] - Delayed 3 second(s)

2020-08-04 21:45:12 - [TEST_STEP][PASSED] - if (otpM[i] == "0"): null

2020-08-04 21:45:12 - [TEST_STEP][PASSED] - if (otpM[i] == "1"): null

2020-08-04 21:45:12 - [TEST_STEP][PASSED] - if (otpM[i] == "2"): null

2020-08-04 21:45:12 - [TEST_STEP][PASSED] - if (otpM[i] == "3"): null

2020-08-04 21:45:12 - [TEST_STEP][PASSED] - if (otpM[i] == "4"): Tapped on element 'Object Repository/Maya/login again/Spy - 4'

2020-08-04 21:45:12 - [TEST_STEP][PASSED] - delay(1, STOP_ON_FAILURE): Delayed 1 second(s)

2020-08-04 21:45:13 - [MESSAGE][PASSED] - Delayed 1 second(s)

2020-08-04 21:45:13 - [TEST_STEP][PASSED] - tap(findTestObject("Maya/login again/Spy - 4"), 0): Tapped on element 'Object Repository/Maya/login again/Spy - 4'

2020-08-04 21:45:13 - [MESSAGE][WARNING] - Timeout '0' is invalid. Using default page load timeout: '10'

2020-08-04 21:45:14 - [MESSAGE][PASSED] - Tapped on element 'Object Repository/Maya/login again/Spy - 4'

2020-08-04 21:45:14 - [TEST_STEP][PASSED] - if (otpM[i] == "5"): null

2020-08-04 21:45:14 - [TEST_STEP][PASSED] - if (otpM[i] == "6"): null

2020-08-04 21:45:14 - [TEST_STEP][PASSED] - if (otpM[i] == "7"): null

2020-08-04 21:45:14 - [TEST_STEP][PASSED] - if (otpM[i] == "8"): null

2020-08-04 21:45:14 - [TEST_STEP][PASSED] - if (otpM[i] == "9"): null

2020-08-04 21:45:14 - [TEST_STEP][PASSED] - delay(3, STOP_ON_FAILURE): Delayed 3 second(s)

2020-08-04 21:45:17 - [MESSAGE][PASSED] - Delayed 3 second(s)

2020-08-04 21:45:17 - [TEST_STEP][PASSED] - if (otpM[i] == "0"): null

2020-08-04 21:45:17 - [TEST_STEP][PASSED] - if (otpM[i] == "1"): null

2020-08-04 21:45:17 - [TEST_STEP][PASSED] - if (otpM[i] == "2"): null

2020-08-04 21:45:17 - [TEST_STEP][PASSED] - if (otpM[i] == "3"): null

2020-08-04 21:45:17 - [TEST_STEP][PASSED] - if (otpM[i] == "4"): null

2020-08-04 21:45:17 - [TEST_STEP][PASSED] - if (otpM[i] == "5"): null

2020-08-04 21:45:17 - [TEST_STEP][PASSED] - if (otpM[i] == "6"): Tapped on element 'Object Repository/Maya/login again/Spy- 6'

2020-08-04 21:45:17 - [TEST_STEP][PASSED] - delay(1, STOP_ON_FAILURE): Delayed 1 second(s)

2020-08-04 21:45:18 - [MESSAGE][PASSED] - Delayed 1 second(s)

2020-08-04 21:45:18 - [TEST_STEP][PASSED] - tap(findTestObject("Maya/login again/Spy- 6"), 0): Tapped on element 'Object Repository/Maya/login again/Spy- 6'

2020-08-04 21:45:18 - [MESSAGE][WARNING] - Timeout '0' is invalid. Using default page load timeout: '10'

2020-08-04 21:45:19 - [MESSAGE][PASSED] - Tapped on element 'Object Repository/Maya/login again/Spy- 6'

2020-08-04 21:45:19 - [TEST_STEP][PASSED] - if (otpM[i] == "7"): null

2020-08-04 21:45:19 - [TEST_STEP][PASSED] - if (otpM[i] == "8"): null

2020-08-04 21:45:19 - [TEST_STEP][PASSED] - if (otpM[i] == "9"): null

2020-08-04 21:45:19 - [TEST_STEP][PASSED] - delay(8, STOP_ON_FAILURE): Delayed 8 second(s)

2020-08-04 21:45:27 - [MESSAGE][PASSED] - Delayed 8 second(s)

2020-08-04 21:45:27 - [TEST_STEP][PASSED] - tapAtPosition(826, 2048): Tapped at [826, 2,048]

2020-08-04 21:45:28 - [MESSAGE][PASSED] - Tapped at [826, 2,048]

2020-08-04 21:45:28 - [TEST_STEP][FAILED] - if (verifyElementExist(findTestObject("Maya/KLIA/android.widget.TextView0 - Approve"), 0)): Element 'Object Repository/Maya/KLIA/android.widget.TextView0 - Approve' not found

2020-08-04 21:45:28 - [MESSAGE][WARNING] - Timeout '0' is invalid. Using default page load timeout: '10'

2020-08-04 21:45:39 - [MESSAGE][FAILED] - Element 'Object Repository/Maya/KLIA/android.widget.TextView0 - Approve' not found
[[ATTACHMENT|C:\\Users\\LENOVO\\Git_new\\Maya\\Reports\\20200804_214116\\Maya UAT\\UAT Test Suite\\20200804_214116\\1596548738885.png]]

2020-08-04 21:45:39 - [TEST_STEP][PASSED] - getText(findTestObject("Maya/RegisterDuitNow/android.widget.TextView0 - Transfer failed"), 0): Text of element 'Object Repository/Maya/RegisterDuitNow/android.widget.TextView0 - Transfer failed' is: 'Transfer failed'

2020-08-04 21:45:40 - [MESSAGE][WARNING] - Timeout '0' is invalid. Using default page load timeout: '10'

2020-08-04 21:45:40 - [MESSAGE][PASSED] - Text of element 'Object Repository/Maya/RegisterDuitNow/android.widget.TextView0 - Transfer failed' is: 'Transfer failed'

2020-08-04 21:45:40 - [TEST_STEP][PASSED] - delay(2, CONTINUE_ON_FAILURE): Delayed 2 second(s)

2020-08-04 21:45:42 - [MESSAGE][PASSED] - Delayed 2 second(s)

2020-08-04 21:45:42 - [TEST_STEP][PASSED] - takeScreenshot("C:\Users\LENOVO\Screenshot\Third Party\Screenshot15", STOP_ON_FAILURE): Screenshot is taken

2020-08-04 21:45:43 - [MESSAGE][PASSED] - Screenshot is taken
[[ATTACHMENT|C:\\Users\\LENOVO\\Screenshot\\Third Party\\Screenshot15]]

2020-08-04 21:45:43 - [TEST_STEP][PASSED] - verifyElementExist(findTestObject("Maya/RegisterDuitNow/android.widget.TextView0 - Transfer failed"), 0): Element 'Object Repository/Maya/RegisterDuitNow/android.widget.TextView0 - Transfer failed' is exist

2020-08-04 21:45:43 - [MESSAGE][WARNING] - Timeout '0' is invalid. Using default page load timeout: '10'

2020-08-04 21:45:43 - [MESSAGE][PASSED] - Element 'Object Repository/Maya/RegisterDuitNow/android.widget.TextView0 - Transfer failed' is exist

2020-08-04 21:45:43 - [TEST_STEP][PASSED] - getText(findTestObject("Maya/RegisterDuitNow/android.widget.TextView0 - You have insufficient balance in your account."), 0): Text of element 'Object Repository/Maya/RegisterDuitNow/android.widget.TextView0 - You have insufficient balance in your account.' is: 'You have insufficient balance in your account.'

2020-08-04 21:45:43 - [MESSAGE][WARNING] - Timeout '0' is invalid. Using default page load timeout: '10'

2020-08-04 21:45:43 - [MESSAGE][PASSED] - Text of element 'Object Repository/Maya/RegisterDuitNow/android.widget.TextView0 - You have insufficient balance in your account.' is: 'You have insufficient balance in your account.'

2020-08-04 21:45:43 - [TEST_STEP][PASSED] - verifyElementExist(findTestObject("Maya/RegisterDuitNow/android.widget.TextView0 - You have insufficient balance in your account."), 0): Element 'Object Repository/Maya/RegisterDuitNow/android.widget.TextView0 - You have insufficient balance in your account.' is exist

2020-08-04 21:45:43 - [MESSAGE][WARNING] - Timeout '0' is invalid. Using default page load timeout: '10'

2020-08-04 21:45:44 - [MESSAGE][PASSED] - Element 'Object Repository/Maya/RegisterDuitNow/android.widget.TextView0 - You have insufficient balance in your account.' is exist

2020-08-04 21:45:44 - [TEST_STEP][PASSED] - getText(findTestObject("Maya/RegisterDuitNow/android.widget.TextView0 - Reference ID (1)"), 0): Text of element 'Object Repository/Maya/RegisterDuitNow/android.widget.TextView0 - Reference ID (1)' is: 'Reference ID'

2020-08-04 21:45:44 - [MESSAGE][WARNING] - Timeout '0' is invalid. Using default page load timeout: '10'

2020-08-04 21:45:44 - [MESSAGE][PASSED] - Text of element 'Object Repository/Maya/RegisterDuitNow/android.widget.TextView0 - Reference ID (1)' is: 'Reference ID'

2020-08-04 21:45:44 - [TEST_STEP][PASSED] - verifyElementExist(findTestObject("Maya/RegisterDuitNow/android.widget.TextView0 - Reference ID (1)"), 0): Element 'Object Repository/Maya/RegisterDuitNow/android.widget.TextView0 - Reference ID (1)' is exist

2020-08-04 21:45:44 - [MESSAGE][WARNING] - Timeout '0' is invalid. Using default page load timeout: '10'

2020-08-04 21:45:44 - [MESSAGE][PASSED] - Element 'Object Repository/Maya/RegisterDuitNow/android.widget.TextView0 - Reference ID (1)' is exist

2020-08-04 21:45:44 - [TEST_STEP][PASSED] - tap(findTestObject("Maya/RegisterDuitNow/android.widget.TextView0 - Done (5)"), 0): Tapped on element 'Object Repository/Maya/RegisterDuitNow/android.widget.TextView0 - Done (5)'

2020-08-04 21:45:45 - [MESSAGE][WARNING] - Timeout '0' is invalid. Using default page load timeout: '10'

2020-08-04 21:45:48 - [MESSAGE][PASSED] - Tapped on element 'Object Repository/Maya/RegisterDuitNow/android.widget.TextView0 - Done (5)'

2020-08-04 21:45:48 - [TEST_STEP][PASSED] - tap(findTestObject("Maya/RegisterDuitNow/android.widget.TextView0 - Transfer (1)"), 0): Tapped on element 'Object Repository/Maya/RegisterDuitNow/android.widget.TextView0 - Transfer (1)'

2020-08-04 21:45:48 - [MESSAGE][WARNING] - Timeout '0' is invalid. Using default page load timeout: '10'

2020-08-04 21:46:00 - [MESSAGE][PASSED] - Tapped on element 'Object Repository/Maya/RegisterDuitNow/android.widget.TextView0 - Transfer (1)'

2020-08-04 21:46:00 - [TEST_STEP][PASSED] - delay(5, STOP_ON_FAILURE): Delayed 5 second(s)

2020-08-04 21:46:05 - [MESSAGE][PASSED] - Delayed 5 second(s)

2020-08-04 21:46:05 - [TEST_STEP][PASSED] - tapAndHoldAtPosition(627, 376, 2): Tapped and held at [627, 376] with duration 2

2020-08-04 21:46:08 - [MESSAGE][PASSED] - Tapped and held at [627, 376] with duration 2

2020-08-04 21:46:08 - [TEST_STEP][PASSED] - delay(2, CONTINUE_ON_FAILURE): Delayed 2 second(s)

2020-08-04 21:46:10 - [MESSAGE][PASSED] - Delayed 2 second(s)

2020-08-04 21:46:10 - [TEST_STEP][PASSED] - takeScreenshot("C:\Users\LENOVO\Screenshot\Third Party\Screenshot2", STOP_ON_FAILURE): Screenshot is taken

2020-08-04 21:46:11 - [MESSAGE][PASSED] - Screenshot is taken
[[ATTACHMENT|C:\\Users\\LENOVO\\Screenshot\\Third Party\\Screenshot2]]

2020-08-04 21:46:11 - [TEST_STEP][PASSED] - delay(2, STOP_ON_FAILURE): Delayed 2 second(s)

2020-08-04 21:46:13 - [MESSAGE][PASSED] - Delayed 2 second(s)

2020-08-04 21:46:13 - [TEST_STEP][PASSED] - tapAndHoldAtPosition(451, 727, 2): Tapped and held at [451, 727] with duration 2

2020-08-04 21:46:17 - [MESSAGE][PASSED] - Tapped and held at [451, 727] with duration 2

2020-08-04 21:46:17 - [TEST_STEP][PASSED] - getText(findTestObject("Maya/RegisterDuitNow/android.widget.TextView0 - DuitNow (2)"), 0): Text of element 'Object Repository/Maya/RegisterDuitNow/android.widget.TextView0 - DuitNow (2)' is: 'DuitNow'

2020-08-04 21:46:17 - [MESSAGE][WARNING] - Timeout '0' is invalid. Using default page load timeout: '10'

2020-08-04 21:46:18 - [MESSAGE][PASSED] - Text of element 'Object Repository/Maya/RegisterDuitNow/android.widget.TextView0 - DuitNow (2)' is: 'DuitNow'

2020-08-04 21:46:18 - [TEST_STEP][PASSED] - verifyElementExist(findTestObject("Maya/RegisterDuitNow/android.widget.TextView0 - DuitNow (2)"), 0): Element 'Object Repository/Maya/RegisterDuitNow/android.widget.TextView0 - DuitNow (2)' is exist

2020-08-04 21:46:18 - [MESSAGE][WARNING] - Timeout '0' is invalid. Using default page load timeout: '10'

2020-08-04 21:46:18 - [MESSAGE][PASSED] - Element 'Object Repository/Maya/RegisterDuitNow/android.widget.TextView0 - DuitNow (2)' is exist

2020-08-04 21:46:18 - [TEST_STEP][PASSED] - delay(2, CONTINUE_ON_FAILURE): Delayed 2 second(s)

2020-08-04 21:46:20 - [MESSAGE][PASSED] - Delayed 2 second(s)

2020-08-04 21:46:20 - [TEST_STEP][PASSED] - takeScreenshot("C:\Users\LENOVO\Screenshot\Third Party\Screenshot3", STOP_ON_FAILURE): Screenshot is taken

2020-08-04 21:46:21 - [MESSAGE][PASSED] - Screenshot is taken
[[ATTACHMENT|C:\\Users\\LENOVO\\Screenshot\\Third Party\\Screenshot3]]

2020-08-04 21:46:21 - [TEST_STEP][PASSED] - getText(findTestObject("Maya/RegisterDuitNow/android.widget.TextView0 - ID type"), 0): Text of element 'Object Repository/Maya/RegisterDuitNow/android.widget.TextView0 - ID type' is: 'ID type'

2020-08-04 21:46:21 - [MESSAGE][WARNING] - Timeout '0' is invalid. Using default page load timeout: '10'

2020-08-04 21:46:21 - [MESSAGE][PASSED] - Text of element 'Object Repository/Maya/RegisterDuitNow/android.widget.TextView0 - ID type' is: 'ID type'

2020-08-04 21:46:21 - [TEST_STEP][PASSED] - verifyElementExist(findTestObject("Maya/RegisterDuitNow/android.widget.TextView0 - ID type"), 0): Element 'Object Repository/Maya/RegisterDuitNow/android.widget.TextView0 - ID type' is exist

2020-08-04 21:46:21 - [MESSAGE][WARNING] - Timeout '0' is invalid. Using default page load timeout: '10'

2020-08-04 21:46:22 - [MESSAGE][PASSED] - Element 'Object Repository/Maya/RegisterDuitNow/android.widget.TextView0 - ID type' is exist

2020-08-04 21:46:22 - [TEST_STEP][PASSED] - tap(findTestObject("Maya/RegisterDuitNow/android.widget.ImageView0 (2)"), 0): Tapped on element 'Object Repository/Maya/RegisterDuitNow/android.widget.ImageView0 (2)'

2020-08-04 21:46:22 - [MESSAGE][WARNING] - Timeout '0' is invalid. Using default page load timeout: '10'

2020-08-04 21:46:23 - [MESSAGE][PASSED] - Tapped on element 'Object Repository/Maya/RegisterDuitNow/android.widget.ImageView0 (2)'

2020-08-04 21:46:23 - [TEST_STEP][PASSED] - delay(5): Delayed 5 second(s)

2020-08-04 21:46:28 - [MESSAGE][PASSED] - Delayed 5 second(s)

2020-08-04 21:46:28 - [TEST_STEP][PASSED] - swipe(592, 1887, 550, 1754): Swiped from 592,1,887 to 550,1,754

2020-08-04 21:46:29 - [MESSAGE][PASSED] - Swiped from 592,1,887 to 550,1,754

2020-08-04 21:46:29 - [TEST_STEP][PASSED] - delay(2, STOP_ON_FAILURE): Delayed 2 second(s)

2020-08-04 21:46:31 - [MESSAGE][PASSED] - Delayed 2 second(s)

2020-08-04 21:46:31 - [TEST_STEP][PASSED] - delay(2, CONTINUE_ON_FAILURE): Delayed 2 second(s)

2020-08-04 21:46:33 - [MESSAGE][PASSED] - Delayed 2 second(s)

2020-08-04 21:46:33 - [TEST_STEP][PASSED] - takeScreenshot("C:\Users\LENOVO\Screenshot\Third Party\Screenshot4", STOP_ON_FAILURE): Screenshot is taken

2020-08-04 21:46:34 - [MESSAGE][PASSED] - Screenshot is taken
[[ATTACHMENT|C:\\Users\\LENOVO\\Screenshot\\Third Party\\Screenshot4]]

2020-08-04 21:46:34 - [TEST_STEP][PASSED] - delay(3, CONTINUE_ON_FAILURE): Delayed 3 second(s)

2020-08-04 21:46:37 - [MESSAGE][PASSED] - Delayed 3 second(s)

2020-08-04 21:46:37 - [TEST_STEP][PASSED] - tap(findTestObject("Maya/RegisterDuitNow/android.widget.TextView0 - Done (1)"), 0): Tapped on element 'Object Repository/Maya/RegisterDuitNow/android.widget.TextView0 - Done (1)'

2020-08-04 21:46:37 - [MESSAGE][WARNING] - Timeout '0' is invalid. Using default page load timeout: '10'

2020-08-04 21:46:39 - [MESSAGE][PASSED] - Tapped on element 'Object Repository/Maya/RegisterDuitNow/android.widget.TextView0 - Done (1)'

2020-08-04 21:46:39 - [TEST_STEP][PASSED] - getText(findTestObject("Maya/RegisterDuitNow/android.widget.TextView0 - NRIC Number (4)"), 0): Text of element 'Object Repository/Maya/RegisterDuitNow/android.widget.TextView0 - NRIC Number (4)' is: 'NRIC Number'

2020-08-04 21:46:39 - [MESSAGE][WARNING] - Timeout '0' is invalid. Using default page load timeout: '10'

2020-08-04 21:46:39 - [MESSAGE][PASSED] - Text of element 'Object Repository/Maya/RegisterDuitNow/android.widget.TextView0 - NRIC Number (4)' is: 'NRIC Number'

2020-08-04 21:46:39 - [TEST_STEP][PASSED] - verifyElementExist(findTestObject("Maya/RegisterDuitNow/android.widget.TextView0 - NRIC Number (4)"), 0): Element 'Object Repository/Maya/RegisterDuitNow/android.widget.TextView0 - NRIC Number (4)' is exist

2020-08-04 21:46:39 - [MESSAGE][WARNING] - Timeout '0' is invalid. Using default page load timeout: '10'

2020-08-04 21:46:39 - [MESSAGE][PASSED] - Element 'Object Repository/Maya/RegisterDuitNow/android.widget.TextView0 - NRIC Number (4)' is exist

2020-08-04 21:46:39 - [TEST_STEP][PASSED] - delay(2, CONTINUE_ON_FAILURE): Delayed 2 second(s)

2020-08-04 21:46:41 - [MESSAGE][PASSED] - Delayed 2 second(s)

2020-08-04 21:46:41 - [TEST_STEP][PASSED] - takeScreenshot("C:\Users\LENOVO\Screenshot\Third Party\Screenshot16", STOP_ON_FAILURE): Screenshot is taken

2020-08-04 21:46:42 - [MESSAGE][PASSED] - Screenshot is taken
[[ATTACHMENT|C:\\Users\\LENOVO\\Screenshot\\Third Party\\Screenshot16]]

2020-08-04 21:46:42 - [TEST_STEP][PASSED] - setText(findTestObject("Maya/RegisterDuitNow/android.widget.EditText0 - Enter NRIC number"), "940224010663", 0): Text '940224010663' has been set to element 'Object Repository/Maya/RegisterDuitNow/android.widget.EditText0 - Enter NRIC number'

2020-08-04 21:46:42 - [MESSAGE][WARNING] - Timeout '0' is invalid. Using default page load timeout: '10'

2020-08-04 21:46:44 - [MESSAGE][PASSED] - Text '940224010663' has been set to element 'Object Repository/Maya/RegisterDuitNow/android.widget.EditText0 - Enter NRIC number'

2020-08-04 21:46:44 - [TEST_STEP][PASSED] - tap(findTestObject("Maya/RegisterDuitNow/android.widget.TextView0 - Continue (3)"), 0): Tapped on element 'Object Repository/Maya/RegisterDuitNow/android.widget.TextView0 - Continue (3)'

2020-08-04 21:46:44 - [MESSAGE][WARNING] - Timeout '0' is invalid. Using default page load timeout: '10'

2020-08-04 21:46:46 - [MESSAGE][PASSED] - Tapped on element 'Object Repository/Maya/RegisterDuitNow/android.widget.TextView0 - Continue (3)'

2020-08-04 21:46:46 - [TEST_STEP][PASSED] - verifyElementExist(findTestObject("Maya/duitnow Mobile/android.widget.TextView0 - The DuitNow ID entered is not valid."), 0): Element 'Object Repository/Maya/duitnow Mobile/android.widget.TextView0 - The DuitNow ID entered is not valid.' is exist

2020-08-04 21:46:46 - [MESSAGE][WARNING] - Timeout '0' is invalid. Using default page load timeout: '10'

2020-08-04 21:46:47 - [MESSAGE][PASSED] - Element 'Object Repository/Maya/duitnow Mobile/android.widget.TextView0 - The DuitNow ID entered is not valid.' is exist

2020-08-04 21:46:47 - [TEST_STEP][PASSED] - delay(4, STOP_ON_FAILURE): Delayed 4 second(s)

2020-08-04 21:46:51 - [MESSAGE][PASSED] - Delayed 4 second(s)

2020-08-04 21:46:51 - [TEST_STEP][PASSED] - clearText(findTestObject("Maya/RegisterDuitNow/android.widget.EditText0 - 940224 01 0663"), 0): Element 'Object Repository/Maya/RegisterDuitNow/android.widget.EditText0 - 940224 01 0663' text is cleared

2020-08-04 21:46:51 - [MESSAGE][WARNING] - Timeout '0' is invalid. Using default page load timeout: '10'

2020-08-04 21:46:52 - [MESSAGE][PASSED] - Element 'Object Repository/Maya/RegisterDuitNow/android.widget.EditText0 - 940224 01 0663' text is cleared

2020-08-04 21:46:52 - [TEST_STEP][PASSED] - setText(findTestObject("Maya/RegisterDuitNow/android.widget.EditText0 - Enter NRIC number"), "910224010663", 0): Text '910224010663' has been set to element 'Object Repository/Maya/RegisterDuitNow/android.widget.EditText0 - Enter NRIC number'

2020-08-04 21:46:52 - [MESSAGE][WARNING] - Timeout '0' is invalid. Using default page load timeout: '10'

2020-08-04 21:46:55 - [MESSAGE][PASSED] - Text '910224010663' has been set to element 'Object Repository/Maya/RegisterDuitNow/android.widget.EditText0 - Enter NRIC number'

2020-08-04 21:46:55 - [TEST_STEP][PASSED] - tap(findTestObject("Maya/RegisterDuitNow/android.widget.TextView0 - Continue (3)"), 0): Tapped on element 'Object Repository/Maya/RegisterDuitNow/android.widget.TextView0 - Continue (3)'

2020-08-04 21:46:55 - [MESSAGE][WARNING] - Timeout '0' is invalid. Using default page load timeout: '10'

2020-08-04 21:46:57 - [MESSAGE][PASSED] - Tapped on element 'Object Repository/Maya/RegisterDuitNow/android.widget.TextView0 - Continue (3)'

2020-08-04 21:46:57 - [TEST_STEP][PASSED] - getText(findTestObject("Maya/RegisterDuitNow/android.widget.TextView0 - Enter amount (1)"), 0): Text of element 'Object Repository/Maya/RegisterDuitNow/android.widget.TextView0 - Enter amount (1)' is: 'Enter amount'

2020-08-04 21:46:57 - [MESSAGE][WARNING] - Timeout '0' is invalid. Using default page load timeout: '10'

2020-08-04 21:46:59 - [MESSAGE][PASSED] - Text of element 'Object Repository/Maya/RegisterDuitNow/android.widget.TextView0 - Enter amount (1)' is: 'Enter amount'

[...]

2020-08-04 21:49:12 - [TEST_STEP][PASSED] - getText(findTestObject("Maya/New_Transfer/android.view.View0 - Test"), 0): Text of element 'Object Repository/Maya/New_Transfer/android.view.View0 - Test' is: 'DuitNow ID number'

2020-08-04 21:49:12 - [MESSAGE][WARNING] - Timeout '0' is invalid. Using default page load timeout: '10'

2020-08-04 21:49:13 - [MESSAGE][PASSED] - Text of element 'Object Repository/Maya/New_Transfer/android.view.View0 - Test' is: 'DuitNow ID number'

2020-08-04 21:49:13 - [TEST_STEP][PASSED] - getText(findTestObject("Maya/NRICduitnow/android.view.View0 - Beneficiary name"), 0): Text of element 'Object Repository/Maya/NRICduitnow/android.view.View0 - Beneficiary name' is: 'Beneficiary name'

2020-08-04 21:49:13 - [MESSAGE][WARNING] - Timeout '0' is invalid. Using default page load timeout: '10'

2020-08-04 21:49:14 - [MESSAGE][PASSED] - Text of element 'Object Repository/Maya/NRICduitnow/android.view.View0 - Beneficiary name' is: 'Beneficiary name'

2020-08-04 21:49:14 - [TEST_STEP][PASSED] - getText(findTestObject("Maya/NRICduitnow/android.view.View0 - BIMBB TEST DUITNOW ID"), 0): Text of element 'Object Repository/Maya/NRICduitnow/android.view.View0 - BIMBB TEST DUITNOW ID' is: 'BIMBB TEST DUITNOW ID'

2020-08-04 21:49:14 - [MESSAGE][WARNING] - Timeout '0' is invalid. Using default page load timeout: '10'

2020-08-04 21:49:15 - [MESSAGE][PASSED] - Text of element 'Object Repository/Maya/NRICduitnow/android.view.View0 - BIMBB TEST DUITNOW ID' is: 'BIMBB TEST DUITNOW ID'

2020-08-04 21:49:15 - [TEST_STEP][PASSED] - getText(findTestObject("Maya/NRICduitnow/android.view.View0 - DuitNow ID type"), 0): Text of element 'Object Repository/Maya/NRICduitnow/android.view.View0 - DuitNow ID type' is: 'DuitNow ID type'

2020-08-04 21:49:15 - [MESSAGE][WARNING] - Timeout '0' is invalid. Using default page load timeout: '10'

2020-08-04 21:49:15 - [MESSAGE][PASSED] - Text of element 'Object Repository/Maya/NRICduitnow/android.view.View0 - DuitNow ID type' is: 'DuitNow ID type'

2020-08-04 21:49:15 - [TEST_STEP][PASSED] - getText(findTestObject("Maya/NRICduitnow/android.view.View0 - NRIC Number"), 0): Text of element 'Object Repository/Maya/NRICduitnow/android.view.View0 - NRIC Number' is: 'NRIC Number'

2020-08-04 21:49:15 - [MESSAGE][WARNING] - Timeout '0' is invalid. Using default page load timeout: '10'

2020-08-04 21:49:15 - [MESSAGE][PASSED] - Text of element 'Object Repository/Maya/NRICduitnow/android.view.View0 - NRIC Number' is: 'NRIC Number'

2020-08-04 21:49:15 - [TEST_STEP][PASSED] - verifyElementExist(findTestObject("Maya/New_Transfer/android.view.View0 - RM 2.00"), 0): Element 'Object Repository/Maya/New_Transfer/android.view.View0 - RM 2.00' is exist

2020-08-04 21:49:15 - [MESSAGE][WARNING] - Timeout '0' is invalid. Using default page load timeout: '10'

2020-08-04 21:49:16 - [MESSAGE][PASSED] - Element 'Object Repository/Maya/New_Transfer/android.view.View0 - RM 2.00' is exist

2020-08-04 21:49:16 - [TEST_STEP][PASSED] - verifyElementExist(findTestObject("Maya/New_Transfer/android.view.View0 - Test"), 0): Element 'Object Repository/Maya/New_Transfer/android.view.View0 - Test' is exist

2020-08-04 21:49:16 - [MESSAGE][WARNING] - Timeout '0' is invalid. Using default page load timeout: '10'

2020-08-04 21:49:16 - [MESSAGE][PASSED] - Element 'Object Repository/Maya/New_Transfer/android.view.View0 - Test' is exist

2020-08-04 21:49:16 - [TEST_STEP][PASSED] - verifyElementExist(findTestObject("Maya/New_Transfer/android.view.View0 - Recipient reference"), 0): Element 'Object Repository/Maya/New_Transfer/android.view.View0 - Recipient reference' is exist

2020-08-04 21:49:16 - [MESSAGE][WARNING] - Timeout '0' is invalid. Using default page load timeout: '10'

2020-08-04 21:49:16 - [MESSAGE][PASSED] - Element 'Object Repository/Maya/New_Transfer/android.view.View0 - Recipient reference' is exist

2020-08-04 21:49:16 - [TEST_STEP][PASSED] - verifyElementExist(findTestObject("Maya/New_Transfer/android.view.View0 - Test"), 0): Element 'Object Repository/Maya/New_Transfer/android.view.View0 - Test' is exist

2020-08-04 21:49:16 - [MESSAGE][WARNING] - Timeout '0' is invalid. Using default page load timeout: '10'

2020-08-04 21:49:17 - [MESSAGE][PASSED] - Element 'Object Repository/Maya/New_Transfer/android.view.View0 - Test' is exist

2020-08-04 21:49:17 - [TEST_STEP][PASSED] - swipe(831, 1382, 800, 100): Swiped from 831,1,382 to 800,100

2020-08-04 21:49:19 - [MESSAGE][PASSED] - Swiped from 831,1,382 to 800,100

2020-08-04 21:49:19 - [TEST_STEP][PASSED] - delay(5, STOP_ON_FAILURE): Delayed 5 second(s)

2020-08-04 21:49:24 - [MESSAGE][PASSED] - Delayed 5 second(s)

2020-08-04 21:49:24 - [TEST_STEP][PASSED] - getText(findTestObject("Maya/drop4 CR/android.view.View0 - RM 2.00"), 0): Text of element 'Object Repository/Maya/drop4 CR/android.view.View0 - RM 2.00' is: 'RM 2.00'

2020-08-04 21:49:24 - [MESSAGE][WARNING] - Timeout '0' is invalid. Using default page load timeout: '10'

2020-08-04 21:49:24 - [MESSAGE][PASSED] - Text of element 'Object Repository/Maya/drop4 CR/android.view.View0 - RM 2.00' is: 'RM 2.00'

2020-08-04 21:49:24 - [TEST_STEP][PASSED] - verifyElementExist(findTestObject("Maya/drop4 CR/android.view.View0 - RM 2.00"), 0): Element 'Object Repository/Maya/drop4 CR/android.view.View0 - RM 2.00' is exist

2020-08-04 21:49:24 - [MESSAGE][WARNING] - Timeout '0' is invalid. Using default page load timeout: '10'

2020-08-04 21:49:25 - [MESSAGE][PASSED] - Element 'Object Repository/Maya/drop4 CR/android.view.View0 - RM 2.00' is exist

2020-08-04 21:49:25 - [TEST_STEP][PASSED] - getText(findTestObject("Maya/New_Transfer/android.view.View0 - Beneficiary name"), 0): Text of element 'Object Repository/Maya/New_Transfer/android.view.View0 - Beneficiary name' is: 'Beneficiary name'

2020-08-04 21:49:25 - [MESSAGE][WARNING] - Timeout '0' is invalid. Using default page load timeout: '10'

2020-08-04 21:49:26 - [MESSAGE][PASSED] - Text of element 'Object Repository/Maya/New_Transfer/android.view.View0 - Beneficiary name' is: 'Beneficiary name'

2020-08-04 21:49:26 - [TEST_STEP][PASSED] - verifyElementExist(findTestObject("Maya/New_Transfer/android.view.View0 - Beneficiary name"), 0): Element 'Object Repository/Maya/New_Transfer/android.view.View0 - Beneficiary name' is exist

2020-08-04 21:49:26 - [MESSAGE][WARNING] - Timeout '0' is invalid. Using default page load timeout: '10'

2020-08-04 21:49:26 - [MESSAGE][PASSED] - Element 'Object Repository/Maya/New_Transfer/android.view.View0 - Beneficiary name' is exist

2020-08-04 21:49:26 - [TEST_STEP][PASSED] - getText(findTestObject("Maya/Third Party CA account/android.widget.TextView0 - Note This receipt is computer generated and no signature is required."), 0): Text of element 'Object Repository/Maya/Third Party CA account/android.widget.TextView0 - Note This receipt is computer generated and no signature is required.' is: 'Note: This receipt is computer generated and no signature is required.'

2020-08-04 21:49:26 - [MESSAGE][WARNING] - Timeout '0' is invalid. Using default page load timeout: '10'

2020-08-04 21:49:27 - [MESSAGE][PASSED] - Text of element 'Object Repository/Maya/Third Party CA account/android.widget.TextView0 - Note This receipt is computer generated and no signature is required.' is: 'Note: This receipt is computer generated and no signature is required.'

2020-08-04 21:49:27 - [TEST_STEP][PASSED] - getText(findTestObject("Maya/Third Party CA account/android.widget.TextView0 - Malayan Banking Berhad (Co. Reg.  196001000142)"), 0): Text of element 'Object Repository/Maya/Third Party CA account/android.widget.TextView0 - Malayan Banking Berhad (Co. Reg.  196001000142)' is: 'Malayan Banking Berhad (Co. Reg. : 196001000142)'

2020-08-04 21:49:27 - [MESSAGE][WARNING] - Timeout '0' is invalid. Using default page load timeout: '10'

2020-08-04 21:49:27 - [MESSAGE][PASSED] - Text of element 'Object Repository/Maya/Third Party CA account/android.widget.TextView0 - Malayan Banking Berhad (Co. Reg.  196001000142)' is: 'Malayan Banking Berhad (Co. Reg. : 196001000142)'

2020-08-04 21:49:27 - [TEST_STEP][PASSED] - getText(findTestObject("Maya/Third Party CA account/android.widget.TextView0 - Maybank Islamic Berhad (Co. Reg.  200701029411)"), 0): Text of element 'Object Repository/Maya/Third Party CA account/android.widget.TextView0 - Maybank Islamic Berhad (Co. Reg.  200701029411)' is: 'Maybank Islamic Berhad (Co. Reg. : 200701029411)'

2020-08-04 21:49:27 - [MESSAGE][WARNING] - Timeout '0' is invalid. Using default page load timeout: '10'

2020-08-04 21:49:27 - [MESSAGE][PASSED] - Text of element 'Object Repository/Maya/Third Party CA account/android.widget.TextView0 - Maybank Islamic Berhad (Co. Reg.  200701029411)' is: 'Maybank Islamic Berhad (Co. Reg. : 200701029411)'

2020-08-04 21:49:27 - [TEST_STEP][PASSED] - tap(findTestObject("Maya/New_Transfer/android.widget.ImageView0 (10)"), 0): Tapped on element 'Object Repository/Maya/New_Transfer/android.widget.ImageView0 (10)'

2020-08-04 21:49:27 - [MESSAGE][WARNING] - Timeout '0' is invalid. Using default page load timeout: '10'

2020-08-04 21:49:28 - [MESSAGE][PASSED] - Tapped on element 'Object Repository/Maya/New_Transfer/android.widget.ImageView0 (10)'

2020-08-04 21:49:28 - [TEST_STEP][PASSED] - delay(5, CONTINUE_ON_FAILURE): Delayed 5 second(s)

2020-08-04 21:49:33 - [MESSAGE][PASSED] - Delayed 5 second(s)

2020-08-04 21:49:33 - [TEST_STEP][PASSED] - tap(findTestObject("Maya/New_Transfer/android.widget.TextView0 - Done (1)"), 0): Tapped on element 'Object Repository/Maya/New_Transfer/android.widget.TextView0 - Done (1)'

2020-08-04 21:49:33 - [MESSAGE][WARNING] - Timeout '0' is invalid. Using default page load timeout: '10'

2020-08-04 21:49:36 - [MESSAGE][PASSED] - Tapped on element 'Object Repository/Maya/New_Transfer/android.widget.TextView0 - Done (1)'

2020-08-04 21:49:36 - [TEST_STEP][PASSED] - delay(3, CONTINUE_ON_FAILURE): Delayed 3 second(s)

2020-08-04 21:49:39 - [MESSAGE][PASSED] - Delayed 3 second(s)

2020-08-04 21:49:39 - [TEST_STEP][PASSED] - takeScreenshot("C:\Users\LENOVO\Screenshot\Third Party\Screenshot26", STOP_ON_FAILURE): Screenshot is taken

2020-08-04 21:49:41 - [MESSAGE][PASSED] - Screenshot is taken
[[ATTACHMENT|C:\\Users\\LENOVO\\Screenshot\\Third Party\\Screenshot26]]

2020-08-04 21:49:41 - [TEST_STEP][NOT_RUN] - tap(findTestObject("Maya/New_Transfer/android.widget.ImageView0 (11)"), 0): NOT_RUN: tap(findTestObject("Maya/New_Transfer/android.widget.ImageView0 (11)"), 0)

2020-08-04 21:49:41 - [MESSAGE][NOT_RUN] - NOT_RUN: tap(findTestObject("Maya/New_Transfer/android.widget.ImageView0 (11)"), 0)

2020-08-04 21:49:41 - [TEST_STEP][PASSED] - tap(findTestObject("Maya/New_Transfer/android.widget.TextView0 - Wallet"), 0): Tapped on element 'Object Repository/Maya/New_Transfer/android.widget.TextView0 - Wallet'

2020-08-04 21:49:41 - [MESSAGE][WARNING] - Timeout '0' is invalid. Using default page load timeout: '10'

2020-08-04 21:49:44 - [MESSAGE][PASSED] - Tapped on element 'Object Repository/Maya/New_Transfer/android.widget.TextView0 - Wallet'

2020-08-04 21:49:44 - [TEST_STEP][PASSED] - tap(findTestObject("Maya/New_Transfer/android.widget.TextView0 - View Transactions"), 0): Tapped on element 'Object Repository/Maya/New_Transfer/android.widget.TextView0 - View Transactions'

2020-08-04 21:49:44 - [MESSAGE][WARNING] - Timeout '0' is invalid. Using default page load timeout: '10'

2020-08-04 21:49:46 - [MESSAGE][PASSED] - Tapped on element 'Object Repository/Maya/New_Transfer/android.widget.TextView0 - View Transactions'

2020-08-04 21:49:46 - [TEST_STEP][PASSED] - obile.tap(findTestObject("Maya/RegisterDuitNow/android.widget.ImageView0 (2)"), 0): null]]></system-out>
         <system-err><![CDATA[2020-08-04 21:41:20 - [TEST_CASE][FAILED] - Test Cases/JINU/DuItNow/Transfer DuITNow NRIC: Test Cases/JINU/DuItNow/Transfer DuITNow NRIC FAILED.
Reason:
com.kms.katalon.core.exception.StepFailedException: Element 'Object Repository/Maya/KLIA/android.widget.TextView0 - Approve' not found
	at com.kms.katalon.core.keyword.internal.KeywordMain.stepFailed(KeywordMain.groovy:39)
	at com.kms.katalon.core.mobile.keyword.internal.MobileKeywordMain.stepFailed(MobileKeywordMain.groovy:40)
	at com.kms.katalon.core.mobile.keyword.builtin.VerifyElementExistKeyword$_verifyElementExist_closure1.doCall(VerifyElementExistKeyword.groovy:77)
	at com.kms.katalon.core.mobile.keyword.builtin.VerifyElementExistKeyword$_verifyElementExist_closure1.call(VerifyElementExistKeyword.groovy)
	at com.kms.katalon.core.mobile.keyword.internal.MobileKeywordMain.runKeyword(MobileKeywordMain.groovy:21)
	at com.kms.katalon.core.mobile.keyword.builtin.VerifyElementExistKeyword.verifyElementExist(VerifyElementExistKeyword.groovy:80)
	at com.kms.katalon.core.mobile.keyword.builtin.VerifyElementExistKeyword.execute(VerifyElementExistKeyword.groovy:64)
	at com.kms.katalon.core.keyword.internal.KeywordExecutor.executeKeywordForPlatform(KeywordExecutor.groovy:72)
	at com.kms.katalon.core.mobile.keyword.MobileBuiltInKeywords.verifyElementExist(MobileBuiltInKeywords.groovy:809)
	at com.kms.katalon.core.mobile.keyword.MobileBuiltInKeywords$verifyElementExist$5.call(Unknown Source)
	at Transfer DuITNow NRIC.run(Transfer DuITNow NRIC:327)
	at com.kms.katalon.core.main.ScriptEngine.run(ScriptEngine.java:194)
	at com.kms.katalon.core.main.ScriptEngine.runScriptAsRawText(ScriptEngine.java:119)
	at com.kms.katalon.core.main.TestCaseExecutor.runScript(TestCaseExecutor.java:337)
	at com.kms.katalon.core.main.TestCaseExecutor.doExecute(TestCaseExecutor.java:328)
	at com.kms.katalon.core.main.TestCaseExecutor.processExecutionPhase(TestCaseExecutor.java:307)
	at com.kms.katalon.core.main.TestCaseExecutor.accessMainPhase(TestCaseExecutor.java:299)
	at com.kms.katalon.core.main.TestCaseExecutor.execute(TestCaseExecutor.java:233)
	at com.kms.katalon.core.main.TestSuiteExecutor.accessTestCaseMainPhase(TestSuiteExecutor.java:169)
	at com.kms.katalon.core.main.TestSuiteExecutor.accessTestSuiteMainPhase(TestSuiteExecutor.java:142)
	at com.kms.katalon.core.main.TestSuiteExecutor.execute(TestSuiteExecutor.java:91)
	at com.kms.katalon.core.main.TestCaseMain.startTestSuite(TestCaseMain.java:157)
	at com.kms.katalon.core.main.TestCaseMain$startTestSuite$0.call(Unknown Source)
	at TempTestSuite1596548476818.run(TempTestSuite1596548476818.groovy:36)]]></system-err>
      </testcase>
      <system-out><![CDATA[2020-08-04 21:41:20 - [TEST_SUITE][FAILED] - UAT Test Suite: Test Cases/JINU/DuItNow/Transfer DuITNow NRIC FAILED.
Reason:
com.kms.katalon.core.exception.StepFailedException: Element 'Object Repository/Maya/KLIA/android.widget.TextView0 - Approve' not found
	at com.kms.katalon.core.keyword.internal.KeywordMain.stepFailed(KeywordMain.groovy:39)
	at com.kms.katalon.core.mobile.keyword.internal.MobileKeywordMain.stepFailed(MobileKeywordMain.groovy:40)
	at com.kms.katalon.core.mobile.keyword.builtin.VerifyElementExistKeyword$_verifyElementExist_closure1.doCall(VerifyElementExistKeyword.groovy:77)
	at com.kms.katalon.core.mobile.keyword.builtin.VerifyElementExistKeyword$_verifyElementExist_closure1.call(VerifyElementExistKeyword.groovy)
	at com.kms.katalon.core.mobile.keyword.internal.MobileKeywordMain.runKeyword(MobileKeywordMain.groovy:21)
	at com.kms.katalon.core.mobile.keyword.builtin.VerifyElementExistKeyword.verifyElementExist(VerifyElementExistKeyword.groovy:80)
	at com.kms.katalon.core.mobile.keyword.builtin.VerifyElementExistKeyword.execute(VerifyElementExistKeyword.groovy:64)
	at com.kms.katalon.core.keyword.internal.KeywordExecutor.executeKeywordForPlatform(KeywordExecutor.groovy:72)
	at com.kms.katalon.core.mobile.keyword.MobileBuiltInKeywords.verifyElementExist(MobileBuiltInKeywords.groovy:809)
	at com.kms.katalon.core.mobile.keyword.MobileBuiltInKeywords$verifyElementExist$5.call(Unknown Source)
	at Transfer DuITNow NRIC.run(Transfer DuITNow NRIC:327)
	at com.kms.katalon.core.main.ScriptEngine.run(ScriptEngine.java:194)
	at com.kms.katalon.core.main.ScriptEngine.runScriptAsRawText(ScriptEngine.java:119)
	at com.kms.katalon.core.main.TestCaseExecutor.runScript(TestCaseExecutor.java:337)
	at com.kms.katalon.core.main.TestCaseExecutor.doExecute(TestCaseExecutor.java:328)
	at com.kms.katalon.core.main.TestCaseExecutor.processExecutionPhase(TestCaseExecutor.java:307)
	at com.kms.katalon.core.main.TestCaseExecutor.accessMainPhase(TestCaseExecutor.java:299)
	at com.kms.katalon.core.main.TestCaseExecutor.execute(TestCaseExecutor.java:233)
	at com.kms.katalon.core.main.TestSuiteExecutor.accessTestCaseMainPhase(TestSuiteExecutor.java:169)
	at com.kms.katalon.core.main.TestSuiteExecutor.accessTestSuiteMainPhase(TestSuiteExecutor.java:142)
	at com.kms.katalon.core.main.TestSuiteExecutor.execute(TestSuiteExecutor.java:91)
	at com.kms.katalon.core.main.TestCaseMain.startTestSuite(TestCaseMain.java:157)
	at com.kms.katalon.core.main.TestCaseMain$startTestSuite$0.call(Unknown Source)
	at TempTestSuite1596548476818.run(TempTestSuite1596548476818.groovy:36)]]></system-out>
      <system-err><![CDATA[2020-08-04 21:41:20 - [TEST_SUITE][FAILED] - UAT Test Suite: Test Cases/JINU/DuItNow/Transfer DuITNow NRIC FAILED.
Reason:
com.kms.katalon.core.exception.StepFailedException: Element 'Object Repository/Maya/KLIA/android.widget.TextView0 - Approve' not found
	at com.kms.katalon.core.keyword.internal.KeywordMain.stepFailed(KeywordMain.groovy:39)
	at com.kms.katalon.core.mobile.keyword.internal.MobileKeywordMain.stepFailed(MobileKeywordMain.groovy:40)
	at com.kms.katalon.core.mobile.keyword.builtin.VerifyElementExistKeyword$_verifyElementExist_closure1.doCall(VerifyElementExistKeyword.groovy:77)
	at com.kms.katalon.core.mobile.keyword.builtin.VerifyElementExistKeyword$_verifyElementExist_closure1.call(VerifyElementExistKeyword.groovy)
	at com.kms.katalon.core.mobile.keyword.internal.MobileKeywordMain.runKeyword(MobileKeywordMain.groovy:21)
	at com.kms.katalon.core.mobile.keyword.builtin.VerifyElementExistKeyword.verifyElementExist(VerifyElementExistKeyword.groovy:80)
	at com.kms.katalon.core.mobile.keyword.builtin.VerifyElementExistKeyword.execute(VerifyElementExistKeyword.groovy:64)
	at com.kms.katalon.core.keyword.internal.KeywordExecutor.executeKeywordForPlatform(KeywordExecutor.groovy:72)
	at com.kms.katalon.core.mobile.keyword.MobileBuiltInKeywords.verifyElementExist(MobileBuiltInKeywords.groovy:809)
	at com.kms.katalon.core.mobile.keyword.MobileBuiltInKeywords$verifyElementExist$5.call(Unknown Source)
	at Transfer DuITNow NRIC.run(Transfer DuITNow NRIC:327)
	at com.kms.katalon.core.main.ScriptEngine.run(ScriptEngine.java:194)
	at com.kms.katalon.core.main.ScriptEngine.runScriptAsRawText(ScriptEngine.java:119)
	at com.kms.katalon.core.main.TestCaseExecutor.runScript(TestCaseExecutor.java:337)
	at com.kms.katalon.core.main.TestCaseExecutor.doExecute(TestCaseExecutor.java:328)
	at com.kms.katalon.core.main.TestCaseExecutor.processExecutionPhase(TestCaseExecutor.java:307)
	at com.kms.katalon.core.main.TestCaseExecutor.accessMainPhase(TestCaseExecutor.java:299)
	at com.kms.katalon.core.main.TestCaseExecutor.execute(TestCaseExecutor.java:233)
	at com.kms.katalon.core.main.TestSuiteExecutor.accessTestCaseMainPhase(TestSuiteExecutor.java:169)
	at com.kms.katalon.core.main.TestSuiteExecutor.accessTestSuiteMainPhase(TestSuiteExecutor.java:142)
	at com.kms.katalon.core.main.TestSuiteExecutor.execute(TestSuiteExecutor.java:91)
	at com.kms.katalon.core.main.TestCaseMain.startTestSuite(TestCaseMain.java:157)
	at com.kms.katalon.core.main.TestCaseMain$startTestSuite$0.call(Unknown Source)
	at TempTestSuite1596548476818.run(TempTestSuite1596548476818.groovy:36)]]></system-err>
   </testsuite>
</testsuites>
