<?xml version="1.0" encoding="UTF-8"?>
<testsuites name="UAT Test Suite" time="399.162" tests="1" failures="0" errors="0">
   <testsuite name="UAT Test Suite" tests="1" failures="0" errors="0" time="399.162" timestamp="2020-08-05 22:03:07" hostname="LENOVO - DESKTOP-CP3TV4N" id="Test Suites/Maya UAT/UAT Test Suite">
      <properties>
[...]
</properties>
      <testcase name="Test Cases/JINU/Drop2 Promotions/Promotion" time="394.931" classname="Test Cases/JINU/Drop2 Promotions/Promotion" status="PASSED">
         <system-out><![CDATA[2020-08-05 22:03:08 - [TEST_CASE][PASSED] - Test Cases/JINU/Drop2 Promotions/Promotion: Test Cases/JINU/Drop2 Promotions/Promotion

2020-08-05 22:03:09 - [TEST_STEP][PASSED] - startApplication("C:\Users\LENOVO\Katalon Studio\app-uat-universal-release.apk", false): Started app at: 'C:\Users\LENOVO\Katalon Studio\app-uat-universal-release.apk'

2020-08-05 22:03:09 - [MESSAGE][INFO] - User set preference: ['appWaitActivity', '*']

2020-08-05 22:03:09 - [MESSAGE][INFO] - User set preference: ['appWaitPackage', 'com.maybank2u.life.uat']

2020-08-05 22:03:09 - [MESSAGE][INFO] - User set preference: ['appWaitDuration', '50,000']

2020-08-05 22:03:09 - [MESSAGE][INFO] - User set preference: ['deviceId', '11cb9864']

2020-08-05 22:03:12 - [MESSAGE][INFO] - Appium server started on port 56,891

2020-08-05 22:03:35 - [MESSAGE][PASSED] - Started app at: 'C:\Users\LENOVO\Katalon Studio\app-uat-universal-release.apk'

2020-08-05 22:03:35 - [TEST_STEP][PASSED] - getText(findTestObject("Maya/Promotions/android.widget.TextView0 - More (1)"), 0): Text of element 'Object Repository/Maya/Promotions/android.widget.TextView0 - More (1)' is: 'More'

2020-08-05 22:03:35 - [MESSAGE][WARNING] - Timeout '0' is invalid. Using default page load timeout: '10'

2020-08-05 22:03:46 - [MESSAGE][PASSED] - Text of element 'Object Repository/Maya/Promotions/android.widget.TextView0 - More (1)' is: 'More'

2020-08-05 22:03:46 - [TEST_STEP][PASSED] - delay(2, CONTINUE_ON_FAILURE): Delayed 2 second(s)

2020-08-05 22:03:48 - [MESSAGE][PASSED] - Delayed 2 second(s)

2020-08-05 22:03:48 - [TEST_STEP][PASSED] - takeScreenshot("C:\Users\LENOVO\Screenshot\Promotions\Screenshot1", STOP_ON_FAILURE): Screenshot is taken

2020-08-05 22:03:49 - [MESSAGE][PASSED] - Screenshot is taken
[[ATTACHMENT|C:\\Users\\LENOVO\\Screenshot\\Promotions\\Screenshot1]]

2020-08-05 22:03:49 - [TEST_STEP][PASSED] - tap(findTestObject("Maya/Promotions/android.widget.TextView0 - More (1)"), 0): Tapped on element 'Object Repository/Maya/Promotions/android.widget.TextView0 - More (1)'

2020-08-05 22:03:49 - [MESSAGE][WARNING] - Timeout '0' is invalid. Using default page load timeout: '10'

2020-08-05 22:04:02 - [MESSAGE][PASSED] - Tapped on element 'Object Repository/Maya/Promotions/android.widget.TextView0 - More (1)'

2020-08-05 22:04:02 - [TEST_STEP][PASSED] - delay(2, CONTINUE_ON_FAILURE): Delayed 2 second(s)

2020-08-05 22:04:04 - [MESSAGE][PASSED] - Delayed 2 second(s)

2020-08-05 22:04:04 - [TEST_STEP][PASSED] - takeScreenshot("C:\Users\LENOVO\Screenshot\Promotions\Screenshot2", STOP_ON_FAILURE): Screenshot is taken

2020-08-05 22:04:05 - [MESSAGE][PASSED] - Screenshot is taken
[[ATTACHMENT|C:\\Users\\LENOVO\\Screenshot\\Promotions\\Screenshot2]]

2020-08-05 22:04:05 - [TEST_STEP][PASSED] - tap(findTestObject("Maya/Promotions/android.widget.TextView0 - Promotions (1)"), 0): Tapped on element 'Object Repository/Maya/Promotions/android.widget.TextView0 - Promotions (1)'

2020-08-05 22:04:05 - [MESSAGE][WARNING] - Timeout '0' is invalid. Using default page load timeout: '10'

2020-08-05 22:04:17 - [MESSAGE][PASSED] - Tapped on element 'Object Repository/Maya/Promotions/android.widget.TextView0 - Promotions (1)'

2020-08-05 22:04:17 - [TEST_STEP][PASSED] - getText(findTestObject("Maya/Promotions/android.widget.TextView0 - Featured"), 0): Text of element 'Object Repository/Maya/Promotions/android.widget.TextView0 - Featured' is: 'Featured'

2020-08-05 22:04:17 - [MESSAGE][WARNING] - Timeout '0' is invalid. Using default page load timeout: '10'

2020-08-05 22:04:55 - [MESSAGE][PASSED] - Text of element 'Object Repository/Maya/Promotions/android.widget.TextView0 - Featured' is: 'Featured'

2020-08-05 22:04:55 - [TEST_STEP][PASSED] - verifyElementExist(findTestObject("Maya/Promotions/android.widget.TextView0 - Featured"), 0): Element 'Object Repository/Maya/Promotions/android.widget.TextView0 - Featured' is exist

2020-08-05 22:04:55 - [MESSAGE][WARNING] - Timeout '0' is invalid. Using default page load timeout: '10'

2020-08-05 22:05:07 - [MESSAGE][PASSED] - Element 'Object Repository/Maya/Promotions/android.widget.TextView0 - Featured' is exist

2020-08-05 22:05:07 - [TEST_STEP][PASSED] - delay(2, CONTINUE_ON_FAILURE): Delayed 2 second(s)

2020-08-05 22:05:09 - [MESSAGE][PASSED] - Delayed 2 second(s)

2020-08-05 22:05:09 - [TEST_STEP][PASSED] - takeScreenshot("C:\Users\LENOVO\Screenshot\Promotions\Screenshot3", STOP_ON_FAILURE): Screenshot is taken

2020-08-05 22:05:11 - [MESSAGE][PASSED] - Screenshot is taken
[[ATTACHMENT|C:\\Users\\LENOVO\\Screenshot\\Promotions\\Screenshot3]]

2020-08-05 22:05:11 - [TEST_STEP][PASSED] - tap(findTestObject("Maya/Promotions/android.widget.ImageView0 (8)"), 0): Tapped on element 'Object Repository/Maya/Promotions/android.widget.ImageView0 (8)'

2020-08-05 22:05:11 - [MESSAGE][WARNING] - Timeout '0' is invalid. Using default page load timeout: '10'

2020-08-05 22:05:17 - [MESSAGE][PASSED] - Tapped on element 'Object Repository/Maya/Promotions/android.widget.ImageView0 (8)'

2020-08-05 22:05:17 - [TEST_STEP][PASSED] - delay(5, CONTINUE_ON_FAILURE): Delayed 5 second(s)

2020-08-05 22:05:22 - [MESSAGE][PASSED] - Delayed 5 second(s)

2020-08-05 22:05:22 - [TEST_STEP][PASSED] - setText(findTestObject("Maya/Promotions/android.widget.EditText0 - Type to search (1)"), "Test", 0): Text 'Test' has been set to element 'Object Repository/Maya/Promotions/android.widget.EditText0 - Type to search (1)'

2020-08-05 22:05:22 - [MESSAGE][WARNING] - Timeout '0' is invalid. Using default page load timeout: '10'

2020-08-05 22:05:24 - [MESSAGE][PASSED] - Text 'Test' has been set to element 'Object Repository/Maya/Promotions/android.widget.EditText0 - Type to search (1)'

2020-08-05 22:05:24 - [TEST_STEP][PASSED] - delay(2, CONTINUE_ON_FAILURE): Delayed 2 second(s)

2020-08-05 22:05:26 - [MESSAGE][PASSED] - Delayed 2 second(s)

2020-08-05 22:05:26 - [TEST_STEP][PASSED] - takeScreenshot("C:\Users\LENOVO\Screenshot\Promotions\Screenshot4", STOP_ON_FAILURE): Screenshot is taken

2020-08-05 22:05:26 - [MESSAGE][PASSED] - Screenshot is taken
[[ATTACHMENT|C:\\Users\\LENOVO\\Screenshot\\Promotions\\Screenshot4]]

2020-08-05 22:05:26 - [TEST_STEP][PASSED] - tap(findTestObject("Maya/Promotions/android.widget.ImageView0 (9)"), 0): Tapped on element 'Object Repository/Maya/Promotions/android.widget.ImageView0 (9)'

2020-08-05 22:05:26 - [MESSAGE][WARNING] - Timeout '0' is invalid. Using default page load timeout: '10'

2020-08-05 22:05:28 - [MESSAGE][PASSED] - Tapped on element 'Object Repository/Maya/Promotions/android.widget.ImageView0 (9)'

2020-08-05 22:05:28 - [TEST_STEP][PASSED] - getText(findTestObject("Maya/Promotions/android.widget.TextView0 - Sort  Filter"), 0): Text of element 'Object Repository/Maya/Promotions/android.widget.TextView0 - Sort  Filter' is: 'Sort & Filter'

2020-08-05 22:05:28 - [MESSAGE][WARNING] - Timeout '0' is invalid. Using default page load timeout: '10'

2020-08-05 22:05:29 - [MESSAGE][PASSED] - Text of element 'Object Repository/Maya/Promotions/android.widget.TextView0 - Sort  Filter' is: 'Sort & Filter'

2020-08-05 22:05:29 - [TEST_STEP][PASSED] - getText(findTestObject("Maya/Promotions/android.widget.TextView0 - Sort by (1)"), 0): Text of element 'Object Repository/Maya/Promotions/android.widget.TextView0 - Sort by (1)' is: 'Sort by'

2020-08-05 22:05:29 - [MESSAGE][WARNING] - Timeout '0' is invalid. Using default page load timeout: '10'

2020-08-05 22:05:30 - [MESSAGE][PASSED] - Text of element 'Object Repository/Maya/Promotions/android.widget.TextView0 - Sort by (1)' is: 'Sort by'

2020-08-05 22:05:30 - [TEST_STEP][PASSED] - getText(findTestObject("Maya/Promotions/android.widget.TextView0 - Popularity (1)"), 0): Text of element 'Object Repository/Maya/Promotions/android.widget.TextView0 - Popularity (1)' is: 'Popularity'

2020-08-05 22:05:30 - [MESSAGE][WARNING] - Timeout '0' is invalid. Using default page load timeout: '10'

2020-08-05 22:05:30 - [MESSAGE][PASSED] - Text of element 'Object Repository/Maya/Promotions/android.widget.TextView0 - Popularity (1)' is: 'Popularity'

2020-08-05 22:05:30 - [TEST_STEP][PASSED] - getText(findTestObject("Maya/Promotions/android.widget.TextView0 - Latest (1)"), 0): Text of element 'Object Repository/Maya/Promotions/android.widget.TextView0 - Latest (1)' is: 'Latest'

2020-08-05 22:05:30 - [MESSAGE][WARNING] - Timeout '0' is invalid. Using default page load timeout: '10'

2020-08-05 22:05:31 - [MESSAGE][PASSED] - Text of element 'Object Repository/Maya/Promotions/android.widget.TextView0 - Latest (1)' is: 'Latest'

2020-08-05 22:05:31 - [TEST_STEP][PASSED] - getText(findTestObject("Maya/Promotions/android.widget.TextView0 - Oldest (1)"), 0): Text of element 'Object Repository/Maya/Promotions/android.widget.TextView0 - Oldest (1)' is: 'Oldest'

2020-08-05 22:05:31 - [MESSAGE][WARNING] - Timeout '0' is invalid. Using default page load timeout: '10'

2020-08-05 22:05:31 - [MESSAGE][PASSED] - Text of element 'Object Repository/Maya/Promotions/android.widget.TextView0 - Oldest (1)' is: 'Oldest'

2020-08-05 22:05:31 - [TEST_STEP][PASSED] - getText(findTestObject("Maya/Promotions/android.widget.TextView0 - Filter by"), 0): Text of element 'Object Repository/Maya/Promotions/android.widget.TextView0 - Filter by' is: 'Filter by'

2020-08-05 22:05:31 - [MESSAGE][WARNING] - Timeout '0' is invalid. Using default page load timeout: '10'

2020-08-05 22:05:32 - [MESSAGE][PASSED] - Text of element 'Object Repository/Maya/Promotions/android.widget.TextView0 - Filter by' is: 'Filter by'

2020-08-05 22:05:32 - [TEST_STEP][PASSED] - delay(2, CONTINUE_ON_FAILURE): Delayed 2 second(s)

2020-08-05 22:05:34 - [MESSAGE][PASSED] - Delayed 2 second(s)

2020-08-05 22:05:34 - [TEST_STEP][PASSED] - takeScreenshot("C:\Users\LENOVO\Screenshot\Promotions\Screenshot5", STOP_ON_FAILURE): Screenshot is taken

2020-08-05 22:05:35 - [MESSAGE][PASSED] - Screenshot is taken
[[ATTACHMENT|C:\\Users\\LENOVO\\Screenshot\\Promotions\\Screenshot5]]

2020-08-05 22:05:35 - [TEST_STEP][PASSED] - getText(findTestObject("Maya/Promotions/android.widget.TextView0 - Categories"), 0): Text of element 'Object Repository/Maya/Promotions/android.widget.TextView0 - Categories' is: 'Categories'

2020-08-05 22:05:35 - [MESSAGE][WARNING] - Timeout '0' is invalid. Using default page load timeout: '10'

2020-08-05 22:05:35 - [MESSAGE][PASSED] - Text of element 'Object Repository/Maya/Promotions/android.widget.TextView0 - Categories' is: 'Categories'

2020-08-05 22:05:35 - [TEST_STEP][PASSED] - delay(4, CONTINUE_ON_FAILURE): Delayed 4 second(s)

2020-08-05 22:05:39 - [MESSAGE][PASSED] - Delayed 4 second(s)

2020-08-05 22:05:39 - [TEST_STEP][NOT_RUN] - tap(findTestObject("Maya/Promotions/android.widget.ImageView0 (10)"), 0): NOT_RUN: tap(findTestObject("Maya/Promotions/android.widget.ImageView0 (10)"), 0)

2020-08-05 22:05:39 - [MESSAGE][NOT_RUN] - NOT_RUN: tap(findTestObject("Maya/Promotions/android.widget.ImageView0 (10)"), 0)

2020-08-05 22:05:39 - [TEST_STEP][NOT_RUN] - delay(4, CONTINUE_ON_FAILURE): NOT_RUN: delay(4, CONTINUE_ON_FAILURE)

2020-08-05 22:05:39 - [MESSAGE][NOT_RUN] - NOT_RUN: delay(4, CONTINUE_ON_FAILURE)

2020-08-05 22:05:39 - [TEST_STEP][NOT_RUN] - swipe(592, 1887, 550, 1754): NOT_RUN: swipe(592, 1887, 550, 1754)

2020-08-05 22:05:39 - [MESSAGE][NOT_RUN] - NOT_RUN: swipe(592, 1887, 550, 1754)

2020-08-05 22:05:39 - [TEST_STEP][NOT_RUN] - tap(findTestObject("Maya/Promotions/android.widget.TextView0 - Done (1)"), 0): NOT_RUN: tap(findTestObject("Maya/Promotions/android.widget.TextView0 - Done (1)"), 0)

2020-08-05 22:05:39 - [MESSAGE][NOT_RUN] - NOT_RUN: tap(findTestObject("Maya/Promotions/android.widget.TextView0 - Done (1)"), 0)

2020-08-05 22:05:39 - [TEST_STEP][PASSED] - tap(findTestObject("Maya/Promotions/android.widget.ImageView0 (11)"), 0): Tapped on element 'Object Repository/Maya/Promotions/android.widget.ImageView0 (11)'

2020-08-05 22:05:39 - [MESSAGE][WARNING] - Timeout '0' is invalid. Using default page load timeout: '10'

2020-08-05 22:05:40 - [MESSAGE][PASSED] - Tapped on element 'Object Repository/Maya/Promotions/android.widget.ImageView0 (11)'

2020-08-05 22:05:40 - [TEST_STEP][PASSED] - tap(findTestObject("Maya/Promotions/android.widget.TextView0 - Apply Filter (1)"), 0): Tapped on element 'Object Repository/Maya/Promotions/android.widget.TextView0 - Apply Filter (1)'

2020-08-05 22:05:40 - [MESSAGE][WARNING] - Timeout '0' is invalid. Using default page load timeout: '10'

2020-08-05 22:05:43 - [MESSAGE][PASSED] - Tapped on element 'Object Repository/Maya/Promotions/android.widget.TextView0 - Apply Filter (1)'

2020-08-05 22:05:43 - [TEST_STEP][PASSED] - delay(2, CONTINUE_ON_FAILURE): Delayed 2 second(s)

2020-08-05 22:05:45 - [MESSAGE][PASSED] - Delayed 2 second(s)

2020-08-05 22:05:45 - [TEST_STEP][PASSED] - takeScreenshot("C:\Users\LENOVO\Screenshot\Promotions\Screenshot6", STOP_ON_FAILURE): Screenshot is taken

2020-08-05 22:05:46 - [MESSAGE][PASSED] - Screenshot is taken
[[ATTACHMENT|C:\\Users\\LENOVO\\Screenshot\\Promotions\\Screenshot6]]

2020-08-05 22:05:46 - [TEST_STEP][PASSED] - tap(findTestObject("Maya/Promotions/android.widget.ImageView0 (9)"), 0): Tapped on element 'Object Repository/Maya/Promotions/android.widget.ImageView0 (9)'

2020-08-05 22:05:46 - [MESSAGE][WARNING] - Timeout '0' is invalid. Using default page load timeout: '10'

2020-08-05 22:05:48 - [MESSAGE][PASSED] - Tapped on element 'Object Repository/Maya/Promotions/android.widget.ImageView0 (9)'

2020-08-05 22:05:48 - [TEST_STEP][PASSED] - tap(findTestObject("Maya/Promotions/android.widget.ImageView0 (10)"), 0): Tapped on element 'Object Repository/Maya/Promotions/android.widget.ImageView0 (10)'

2020-08-05 22:05:48 - [MESSAGE][WARNING] - Timeout '0' is invalid. Using default page load timeout: '10'

2020-08-05 22:05:49 - [MESSAGE][PASSED] - Tapped on element 'Object Repository/Maya/Promotions/android.widget.ImageView0 (10)'

2020-08-05 22:05:49 - [TEST_STEP][PASSED] - delay(5): Delayed 5 second(s)

2020-08-05 22:05:54 - [MESSAGE][PASSED] - Delayed 5 second(s)

2020-08-05 22:05:54 - [TEST_STEP][PASSED] - swipe(592, 1887, 550, 1754): Swiped from 592,1,887 to 550,1,754

2020-08-05 22:05:56 - [MESSAGE][PASSED] - Swiped from 592,1,887 to 550,1,754

2020-08-05 22:05:56 - [TEST_STEP][PASSED] - delay(5): Delayed 5 second(s)

2020-08-05 22:06:01 - [MESSAGE][PASSED] - Delayed 5 second(s)

2020-08-05 22:06:01 - [TEST_STEP][PASSED] - swipe(592, 1887, 550, 1754): Swiped from 592,1,887 to 550,1,754

2020-08-05 22:06:02 - [MESSAGE][PASSED] - Swiped from 592,1,887 to 550,1,754

2020-08-05 22:06:02 - [TEST_STEP][PASSED] - tap(findTestObject("Maya/Promotions/android.widget.TextView0 - Done (1)"), 0): Tapped on element 'Object Repository/Maya/Promotions/android.widget.TextView0 - Done (1)'

2020-08-05 22:06:02 - [MESSAGE][WARNING] - Timeout '0' is invalid. Using default page load timeout: '10'

2020-08-05 22:06:06 - [MESSAGE][PASSED] - Tapped on element 'Object Repository/Maya/Promotions/android.widget.TextView0 - Done (1)'

2020-08-05 22:06:06 - [TEST_STEP][PASSED] - tap(findTestObject("Maya/Promotions/android.widget.TextView0 - Apply Filter (1)"), 0): Tapped on element 'Object Repository/Maya/Promotions/android.widget.TextView0 - Apply Filter (1)'

2020-08-05 22:06:06 - [MESSAGE][WARNING] - Timeout '0' is invalid. Using default page load timeout: '10'

2020-08-05 22:06:08 - [MESSAGE][PASSED] - Tapped on element 'Object Repository/Maya/Promotions/android.widget.TextView0 - Apply Filter (1)'

2020-08-05 22:06:08 - [TEST_STEP][PASSED] - tap(findTestObject("Maya/Promotions/android.widget.ImageView0 (9)"), 0): Tapped on element 'Object Repository/Maya/Promotions/android.widget.ImageView0 (9)'

2020-08-05 22:06:08 - [MESSAGE][WARNING] - Timeout '0' is invalid. Using default page load timeout: '10'

2020-08-05 22:06:08 - [MESSAGE][PASSED] - Tapped on element 'Object Repository/Maya/Promotions/android.widget.ImageView0 (9)'

2020-08-05 22:06:08 - [TEST_STEP][PASSED] - tap(findTestObject("Maya/Promotions/android.widget.TextView0 - Clear (1)"), 0): Tapped on element 'Object Repository/Maya/Promotions/android.widget.TextView0 - Clear (1)'

2020-08-05 22:06:08 - [MESSAGE][WARNING] - Timeout '0' is invalid. Using default page load timeout: '10'

2020-08-05 22:06:12 - [MESSAGE][PASSED] - Tapped on element 'Object Repository/Maya/Promotions/android.widget.TextView0 - Clear (1)'

2020-08-05 22:06:12 - [TEST_STEP][PASSED] - tap(findTestObject("Maya/Promotions/android.widget.ImageView0 (9)"), 0): Tapped on element 'Object Repository/Maya/Promotions/android.widget.ImageView0 (9)'

2020-08-05 22:06:12 - [MESSAGE][WARNING] - Timeout '0' is invalid. Using default page load timeout: '10'

2020-08-05 22:06:13 - [MESSAGE][PASSED] - Tapped on element 'Object Repository/Maya/Promotions/android.widget.ImageView0 (9)'

2020-08-05 22:06:13 - [TEST_STEP][PASSED] - delay(2, CONTINUE_ON_FAILURE): Delayed 2 second(s)

2020-08-05 22:06:15 - [MESSAGE][PASSED] - Delayed 2 second(s)

2020-08-05 22:06:15 - [TEST_STEP][PASSED] - takeScreenshot("C:\Users\LENOVO\Screenshot\Promotions\Screenshot8", STOP_ON_FAILURE): Screenshot is taken

2020-08-05 22:06:16 - [MESSAGE][PASSED] - Screenshot is taken
[[ATTACHMENT|C:\\Users\\LENOVO\\Screenshot\\Promotions\\Screenshot8]]

2020-08-05 22:06:16 - [TEST_STEP][PASSED] - tap(findTestObject("Maya/Promotions/android.widget.ImageView0 (12)"), 0): Tapped on element 'Object Repository/Maya/Promotions/android.widget.ImageView0 (12)'

2020-08-05 22:06:16 - [MESSAGE][WARNING] - Timeout '0' is invalid. Using default page load timeout: '10'

2020-08-05 22:06:17 - [MESSAGE][PASSED] - Tapped on element 'Object Repository/Maya/Promotions/android.widget.ImageView0 (12)'

2020-08-05 22:06:17 - [TEST_STEP][PASSED] - tap(findTestObject("Maya/Promotions/android.widget.ImageView0 (20)"), 0): Tapped on element 'Object Repository/Maya/Promotions/android.widget.ImageView0 (20)'

2020-08-05 22:06:17 - [MESSAGE][WARNING] - Timeout '0' is invalid. Using default page load timeout: '10'

2020-08-05 22:06:19 - [MESSAGE][PASSED] - Tapped on element 'Object Repository/Maya/Promotions/android.widget.ImageView0 (20)'

2020-08-05 22:06:19 - [TEST_STEP][PASSED] - tap(findTestObject("Maya/Promotions/android.widget.TextView0 - View More"), 0): Tapped on element 'Object Repository/Maya/Promotions/android.widget.TextView0 - View More'

2020-08-05 22:06:19 - [MESSAGE][WARNING] - Timeout '0' is invalid. Using default page load timeout: '10'

2020-08-05 22:06:21 - [MESSAGE][PASSED] - Tapped on element 'Object Repository/Maya/Promotions/android.widget.TextView0 - View More'

2020-08-05 22:06:21 - [TEST_STEP][PASSED] - delay(2, CONTINUE_ON_FAILURE): Delayed 2 second(s)

2020-08-05 22:06:23 - [MESSAGE][PASSED] - Delayed 2 second(s)

2020-08-05 22:06:23 - [TEST_STEP][PASSED] - tapAndHoldAtPosition(74, 150, 1): Tapped and held at [74, 150] with duration 1

2020-08-05 22:06:26 - [MESSAGE][PASSED] - Tapped and held at [74, 150] with duration 1

2020-08-05 22:06:26 - [TEST_STEP][PASSED] - delay(2, CONTINUE_ON_FAILURE): Delayed 2 second(s)

2020-08-05 22:06:28 - [MESSAGE][PASSED] - Delayed 2 second(s)

2020-08-05 22:06:28 - [TEST_STEP][PASSED] - tapAndHoldAtPosition(975, 177, 1): Tapped and held at [975, 177] with duration 1

2020-08-05 22:06:30 - [MESSAGE][PASSED] - Tapped and held at [975, 177] with duration 1

2020-08-05 22:06:30 - [TEST_STEP][PASSED] - delay(2, CONTINUE_ON_FAILURE): Delayed 2 second(s)

2020-08-05 22:06:32 - [MESSAGE][PASSED] - Delayed 2 second(s)

2020-08-05 22:06:32 - [TEST_STEP][PASSED] - tap(findTestObject("Maya/Promotions/android.widget.TextView0 - Not Interested in This (1)"), 0): Tapped on element 'Object Repository/Maya/Promotions/android.widget.TextView0 - Not Interested in This (1)'

2020-08-05 22:06:32 - [MESSAGE][WARNING] - Timeout '0' is invalid. Using default page load timeout: '10'

2020-08-05 22:06:34 - [MESSAGE][PASSED] - Tapped on element 'Object Repository/Maya/Promotions/android.widget.TextView0 - Not Interested in This (1)'

2020-08-05 22:06:34 - [TEST_STEP][PASSED] - delay(2, CONTINUE_ON_FAILURE): Delayed 2 second(s)

2020-08-05 22:06:36 - [MESSAGE][PASSED] - Delayed 2 second(s)

2020-08-05 22:06:36 - [TEST_STEP][PASSED] - tapAndHoldAtPosition(975, 177, 1): Tapped and held at [975, 177] with duration 1

2020-08-05 22:06:39 - [MESSAGE][PASSED] - Tapped and held at [975, 177] with duration 1

2020-08-05 22:06:39 - [TEST_STEP][PASSED] - delay(2, CONTINUE_ON_FAILURE): Delayed 2 second(s)

2020-08-05 22:06:41 - [MESSAGE][PASSED] - Delayed 2 second(s)

2020-08-05 22:06:41 - [TEST_STEP][PASSED] - tap(findTestObject("Maya/Promotions/android.widget.TextView0 - Share (1)"), 0): Tapped on element 'Object Repository/Maya/Promotions/android.widget.TextView0 - Share (1)'

2020-08-05 22:06:41 - [MESSAGE][WARNING] - Timeout '0' is invalid. Using default page load timeout: '10'

2020-08-05 22:06:43 - [MESSAGE][PASSED] - Tapped on element 'Object Repository/Maya/Promotions/android.widget.TextView0 - Share (1)'

2020-08-05 22:06:43 - [TEST_STEP][PASSED] - delay(2, CONTINUE_ON_FAILURE): Delayed 2 second(s)

2020-08-05 22:06:45 - [MESSAGE][PASSED] - Delayed 2 second(s)

2020-08-05 22:06:45 - [TEST_STEP][PASSED] - tap(findTestObject("Maya/Promotions/android.widget.Button0 - Cancel (1)"), 0): Tapped on element 'Object Repository/Maya/Promotions/android.widget.Button0 - Cancel (1)'

2020-08-05 22:06:45 - [MESSAGE][WARNING] - Timeout '0' is invalid. Using default page load timeout: '10'

2020-08-05 22:06:47 - [MESSAGE][PASSED] - Tapped on element 'Object Repository/Maya/Promotions/android.widget.Button0 - Cancel (1)'

2020-08-05 22:06:47 - [TEST_STEP][PASSED] - delay(2, CONTINUE_ON_FAILURE): Delayed 2 second(s)

2020-08-05 22:06:49 - [MESSAGE][PASSED] - Delayed 2 second(s)

2020-08-05 22:06:49 - [TEST_STEP][PASSED] - tapAndHoldAtPosition(88, 172, 1): Tapped and held at [88, 172] with duration 1

2020-08-05 22:06:52 - [MESSAGE][PASSED] - Tapped and held at [88, 172] with duration 1

2020-08-05 22:06:52 - [TEST_STEP][PASSED] - takeScreenshot("C:\Users\LENOVO\Screenshot\Promotions\Screenshot13", STOP_ON_FAILURE): Screenshot is taken

2020-08-05 22:06:54 - [MESSAGE][PASSED] - Screenshot is taken
[[ATTACHMENT|C:\\Users\\LENOVO\\Screenshot\\Promotions\\Screenshot13]]

2020-08-05 22:06:54 - [TEST_STEP][PASSED] - tap(findTestObject("Maya/KLIA/android.widget.TextView0 - Home"), 0): Tapped on element 'Object Repository/Maya/KLIA/android.widget.TextView0 - Home'

2020-08-05 22:06:54 - [MESSAGE][WARNING] - Timeout '0' is invalid. Using default page load timeout: '10'

2020-08-05 22:07:14 - [MESSAGE][PASSED] - Tapped on element 'Object Repository/Maya/KLIA/android.widget.TextView0 - Home'

2020-08-05 22:07:14 - [TEST_STEP][PASSED] - getText(findTestObject("Maya/Promotions/android.widget.TextView0 - Deals For You"), 0): Text of element 'Object Repository/Maya/Promotions/android.widget.TextView0 - Deals For You' is: 'Deals For You'

2020-08-05 22:07:14 - [MESSAGE][WARNING] - Timeout '0' is invalid. Using default page load timeout: '10'

2020-08-05 22:07:26 - [MESSAGE][PASSED] - Text of element 'Object Repository/Maya/Promotions/android.widget.TextView0 - Deals For You' is: 'Deals For You'

2020-08-05 22:07:26 - [TEST_STEP][PASSED] - getText(findTestObject("Maya/Promotions/android.widget.TextView0 - View All"), 0): Text of element 'Object Repository/Maya/Promotions/android.widget.TextView0 - View All' is: 'View All'

2020-08-05 22:07:26 - [MESSAGE][WARNING] - Timeout '0' is invalid. Using default page load timeout: '10'

2020-08-05 22:07:26 - [MESSAGE][PASSED] - Text of element 'Object Repository/Maya/Promotions/android.widget.TextView0 - View All' is: 'View All'

2020-08-05 22:07:26 - [TEST_STEP][PASSED] - tap(findTestObject("Maya/Promotions/android.widget.TextView0 - View All"), 0): Tapped on element 'Object Repository/Maya/Promotions/android.widget.TextView0 - View All'

2020-08-05 22:07:26 - [MESSAGE][WARNING] - Timeout '0' is invalid. Using default page load timeout: '10'

2020-08-05 22:07:36 - [MESSAGE][PASSED] - Tapped on element 'Object Repository/Maya/Promotions/android.widget.TextView0 - View All'

2020-08-05 22:07:36 - [TEST_STEP][PASSED] - getText(findTestObject("Maya/Promotions/android.widget.TextView0 - Latest (2)"), 0): Text of element 'Object Repository/Maya/Promotions/android.widget.TextView0 - Latest (2)' is: 'Latest'

2020-08-05 22:07:36 - [MESSAGE][WARNING] - Timeout '0' is invalid. Using default page load timeout: '10'

2020-08-05 22:08:11 - [MESSAGE][PASSED] - Text of element 'Object Repository/Maya/Promotions/android.widget.TextView0 - Latest (2)' is: 'Latest'

2020-08-05 22:08:11 - [TEST_STEP][PASSED] - tap(findTestObject("Maya/Promotions/android.widget.ImageView0 (21)"), 0): Tapped on element 'Object Repository/Maya/Promotions/android.widget.ImageView0 (21)'

2020-08-05 22:08:11 - [MESSAGE][WARNING] - Timeout '0' is invalid. Using default page load timeout: '10'

2020-08-05 22:08:24 - [MESSAGE][PASSED] - Tapped on element 'Object Repository/Maya/Promotions/android.widget.ImageView0 (21)'

2020-08-05 22:08:24 - [TEST_STEP][PASSED] - getText(findTestObject("Maya/Promotions/android.widget.TextView0 - Promo ends in (1)"), 0): Text of element 'Object Repository/Maya/Promotions/android.widget.TextView0 - Promo ends in (1)' is: 'Promo ends in'

2020-08-05 22:08:25 - [MESSAGE][WARNING] - Timeout '0' is invalid. Using default page load timeout: '10'

2020-08-05 22:08:27 - [MESSAGE][PASSED] - Text of element 'Object Repository/Maya/Promotions/android.widget.TextView0 - Promo ends in (1)' is: 'Promo ends in'

2020-08-05 22:08:27 - [TEST_STEP][PASSED] - getText(findTestObject("Maya/Promotions/android.widget.TextView0 - Redeem now (1)"), 0): Text of element 'Object Repository/Maya/Promotions/android.widget.TextView0 - Redeem now (1)' is: 'Redeem now'

2020-08-05 22:08:27 - [MESSAGE][WARNING] - Timeout '0' is invalid. Using default page load timeout: '10'

2020-08-05 22:08:28 - [MESSAGE][PASSED] - Text of element 'Object Repository/Maya/Promotions/android.widget.TextView0 - Redeem now (1)' is: 'Redeem now'

2020-08-05 22:08:28 - [TEST_STEP][PASSED] - delay(2, CONTINUE_ON_FAILURE): Delayed 2 second(s)

2020-08-05 22:08:30 - [MESSAGE][PASSED] - Delayed 2 second(s)

2020-08-05 22:08:30 - [TEST_STEP][PASSED] - swipe(592, 1887, 550, 500): Swiped from 592,1,887 to 550,500

2020-08-05 22:08:31 - [MESSAGE][PASSED] - Swiped from 592,1,887 to 550,500

2020-08-05 22:08:31 - [TEST_STEP][PASSED] - getText(findTestObject("Maya/Promotions/android.widget.TextView0 - Terms  Conditions"), 0): Text of element 'Object Repository/Maya/Promotions/android.widget.TextView0 - Terms  Conditions' is: 'Terms & Conditions'

2020-08-05 22:08:31 - [MESSAGE][WARNING] - Timeout '0' is invalid. Using default page load timeout: '10'

2020-08-05 22:08:32 - [MESSAGE][PASSED] - Text of element 'Object Repository/Maya/Promotions/android.widget.TextView0 - Terms  Conditions' is: 'Terms & Conditions'

2020-08-05 22:08:32 - [TEST_STEP][PASSED] - tapAndHoldAtPosition(975, 177, 1): Tapped and held at [975, 177] with duration 1

2020-08-05 22:08:35 - [MESSAGE][PASSED] - Tapped and held at [975, 177] with duration 1

2020-08-05 22:08:35 - [TEST_STEP][PASSED] - delay(2, CONTINUE_ON_FAILURE): Delayed 2 second(s)

2020-08-05 22:08:37 - [MESSAGE][PASSED] - Delayed 2 second(s)

2020-08-05 22:08:37 - [TEST_STEP][PASSED] - tap(findTestObject("Maya/Promotions/android.widget.TextView0 - Share"), 0): Tapped on element 'Object Repository/Maya/Promotions/android.widget.TextView0 - Share'

2020-08-05 22:08:37 - [MESSAGE][WARNING] - Timeout '0' is invalid. Using default page load timeout: '10'

2020-08-05 22:08:38 - [MESSAGE][PASSED] - Tapped on element 'Object Repository/Maya/Promotions/android.widget.TextView0 - Share'

2020-08-05 22:08:38 - [TEST_STEP][PASSED] - delay(2, CONTINUE_ON_FAILURE): Delayed 2 second(s)

2020-08-05 22:08:40 - [MESSAGE][PASSED] - Delayed 2 second(s)

2020-08-05 22:08:40 - [TEST_STEP][PASSED] - takeScreenshot("C:\Users\LENOVO\Screenshot\Promotions\Screenshot9", STOP_ON_FAILURE): Screenshot is taken

2020-08-05 22:08:41 - [MESSAGE][PASSED] - Screenshot is taken
[[ATTACHMENT|C:\\Users\\LENOVO\\Screenshot\\Promotions\\Screenshot9]]

2020-08-05 22:08:41 - [TEST_STEP][PASSED] - tap(findTestObject("Maya/Promotions/android.widget.Button0 - Cancel"), 0): Tapped on element 'Object Repository/Maya/Promotions/android.widget.Button0 - Cancel'

2020-08-05 22:08:42 - [MESSAGE][WARNING] - Timeout '0' is invalid. Using default page load timeout: '10'

2020-08-05 22:08:43 - [MESSAGE][PASSED] - Tapped on element 'Object Repository/Maya/Promotions/android.widget.Button0 - Cancel'

2020-08-05 22:08:43 - [TEST_STEP][PASSED] - tapAndHoldAtPosition(975, 177, 1): Tapped and held at [975, 177] with duration 1

2020-08-05 22:08:46 - [MESSAGE][PASSED] - Tapped and held at [975, 177] with duration 1

2020-08-05 22:08:46 - [TEST_STEP][PASSED] - delay(2, CONTINUE_ON_FAILURE): Delayed 2 second(s)

2020-08-05 22:08:48 - [MESSAGE][PASSED] - Delayed 2 second(s)

2020-08-05 22:08:48 - [TEST_STEP][PASSED] - tap(findTestObject("Maya/Promotions/android.widget.TextView0 - Not Interested in This"), 0): Tapped on element 'Object Repository/Maya/Promotions/android.widget.TextView0 - Not Interested in This'

2020-08-05 22:08:48 - [MESSAGE][WARNING] - Timeout '0' is invalid. Using default page load timeout: '10'

2020-08-05 22:08:49 - [MESSAGE][PASSED] - Tapped on element 'Object Repository/Maya/Promotions/android.widget.TextView0 - Not Interested in This'

2020-08-05 22:08:49 - [TEST_STEP][PASSED] - delay(2, CONTINUE_ON_FAILURE): Delayed 2 second(s)

2020-08-05 22:08:51 - [MESSAGE][PASSED] - Delayed 2 second(s)

2020-08-05 22:08:51 - [TEST_STEP][PASSED] - takeScreenshot("C:\Users\LENOVO\Screenshot\Promotions\Screenshot19", STOP_ON_FAILURE): Screenshot is taken

2020-08-05 22:08:53 - [MESSAGE][PASSED] - Screenshot is taken
[[ATTACHMENT|C:\\Users\\LENOVO\\Screenshot\\Promotions\\Screenshot19]]

2020-08-05 22:08:53 - [TEST_STEP][PASSED] - delay(5): Delayed 5 second(s)

2020-08-05 22:08:58 - [MESSAGE][PASSED] - Delayed 5 second(s)

2020-08-05 22:08:58 - [TEST_STEP][PASSED] - swipe(592, 1887, 550, 500): Swiped from 592,1,887 to 550,500

2020-08-05 22:08:59 - [MESSAGE][PASSED] - Swiped from 592,1,887 to 550,500

2020-08-05 22:08:59 - [TEST_STEP][PASSED] - tap(findTestObject("Maya/Promotions/android.widget.TextView0 - Terms  Conditions"), 0): Tapped on element 'Object Repository/Maya/Promotions/android.widget.TextView0 - Terms  Conditions'

2020-08-05 22:08:59 - [MESSAGE][WARNING] - Timeout '0' is invalid. Using default page load timeout: '10'

2020-08-05 22:09:01 - [MESSAGE][PASSED] - Tapped on element 'Object Repository/Maya/Promotions/android.widget.TextView0 - Terms  Conditions'

2020-08-05 22:09:01 - [TEST_STEP][PASSED] - delay(10, CONTINUE_ON_FAILURE): Delayed 10 second(s)

2020-08-05 22:09:11 - [MESSAGE][PASSED] - Delayed 10 second(s)

2020-08-05 22:09:11 - [TEST_STEP][PASSED] - takeScreenshot("C:\Users\LENOVO\Screenshot\Promotions\Screenshot11", STOP_ON_FAILURE): Screenshot is taken

2020-08-05 22:09:14 - [MESSAGE][PASSED] - Screenshot is taken
[[ATTACHMENT|C:\\Users\\LENOVO\\Screenshot\\Promotions\\Screenshot11]]

2020-08-05 22:09:14 - [TEST_STEP][PASSED] - tap(findTestObject("Maya/Promotions/android.widget.ImageView0 (15)"), 0): Tapped on element 'Object Repository/Maya/Promotions/android.widget.ImageView0 (15)'

2020-08-05 22:09:14 - [MESSAGE][WARNING] - Timeout '0' is invalid. Using default page load timeout: '10'

2020-08-05 22:09:15 - [MESSAGE][PASSED] - Tapped on element 'Object Repository/Maya/Promotions/android.widget.ImageView0 (15)'

2020-08-05 22:09:15 - [TEST_STEP][PASSED] - tap(findTestObject("Maya/Promotions/android.widget.TextView0 - Redeem now (1)"), 0): Tapped on element 'Object Repository/Maya/Promotions/android.widget.TextView0 - Redeem now (1)'

2020-08-05 22:09:15 - [MESSAGE][WARNING] - Timeout '0' is invalid. Using default page load timeout: '10'

2020-08-05 22:09:19 - [MESSAGE][PASSED] - Tapped on element 'Object Repository/Maya/Promotions/android.widget.TextView0 - Redeem now (1)'

2020-08-05 22:09:19 - [TEST_STEP][PASSED] - getText(findTestObject("Maya/Promotions/android.widget.TextView0 - Scan  Pay"), 0): Text of element 'Object Repository/Maya/Promotions/android.widget.TextView0 - Scan  Pay' is: 'Scan & Pay'

2020-08-05 22:09:19 - [MESSAGE][WARNING] - Timeout '0' is invalid. Using default page load timeout: '10'

2020-08-05 22:09:19 - [MESSAGE][PASSED] - Text of element 'Object Repository/Maya/Promotions/android.widget.TextView0 - Scan  Pay' is: 'Scan & Pay'

2020-08-05 22:09:19 - [TEST_STEP][PASSED] - delay(2, CONTINUE_ON_FAILURE): Delayed 2 second(s)

2020-08-05 22:09:21 - [MESSAGE][PASSED] - Delayed 2 second(s)

2020-08-05 22:09:21 - [TEST_STEP][PASSED] - takeScreenshot("C:\Users\LENOVO\Screenshot\Promotions\Screenshot12", STOP_ON_FAILURE): Screenshot is taken

2020-08-05 22:09:23 - [MESSAGE][PASSED] - Screenshot is taken
[[ATTACHMENT|C:\\Users\\LENOVO\\Screenshot\\Promotions\\Screenshot12]]

2020-08-05 22:09:23 - [TEST_STEP][PASSED] - tap(findTestObject("Maya/Promotions/android.widget.ImageView0 (18)"), 0): Tapped on element 'Object Repository/Maya/Promotions/android.widget.ImageView0 (18)'

2020-08-05 22:09:23 - [MESSAGE][WARNING] - Timeout '0' is invalid. Using default page load timeout: '10'

2020-08-05 22:09:24 - [MESSAGE][PASSED] - Tapped on element 'Object Repository/Maya/Promotions/android.widget.ImageView0 (18)'

2020-08-05 22:09:24 - [TEST_STEP][PASSED] - tap(findTestObject("Maya/Promotions/android.widget.TextView0 - Save and Use Later"), 0): Tapped on element 'Object Repository/Maya/Promotions/android.widget.TextView0 - Save and Use Later'

2020-08-05 22:09:24 - [MESSAGE][WARNING] - Timeout '0' is invalid. Using default page load timeout: '10'

2020-08-05 22:09:31 - [MESSAGE][PASSED] - Tapped on element 'Object Repository/Maya/Promotions/android.widget.TextView0 - Save and Use Later'

2020-08-05 22:09:31 - [TEST_STEP][PASSED] - getText(findTestObject("Maya/Promotions/android.widget.TextView0 - Saved"), 0): Text of element 'Object Repository/Maya/Promotions/android.widget.TextView0 - Saved' is: 'Saved'

2020-08-05 22:09:31 - [MESSAGE][WARNING] - Timeout '0' is invalid. Using default page load timeout: '10'

2020-08-05 22:09:31 - [MESSAGE][PASSED] - Text of element 'Object Repository/Maya/Promotions/android.widget.TextView0 - Saved' is: 'Saved'

2020-08-05 22:09:31 - [TEST_STEP][PASSED] - tap(findTestObject("Maya/Promotions/android.widget.TextView0 - Saved (1)"), 0): Tapped on element 'Object Repository/Maya/Promotions/android.widget.TextView0 - Saved (1)'

2020-08-05 22:09:31 - [MESSAGE][WARNING] - Timeout '0' is invalid. Using default page load timeout: '10'

2020-08-05 22:09:36 - [MESSAGE][PASSED] - Tapped on element 'Object Repository/Maya/Promotions/android.widget.TextView0 - Saved (1)'

2020-08-05 22:09:36 - [TEST_STEP][PASSED] - getText(findTestObject("Maya/Promotions/android.widget.TextView0 - Save and Use Later (1)"), 0): Text of element 'Object Repository/Maya/Promotions/android.widget.TextView0 - Save and Use Later (1)' is: 'Save and Use Later'

2020-08-05 22:09:36 - [MESSAGE][WARNING] - Timeout '0' is invalid. Using default page load timeout: '10'

2020-08-05 22:09:41 - [MESSAGE][PASSED] - Text of element 'Object Repository/Maya/Promotions/android.widget.TextView0 - Save and Use Later (1)' is: 'Save and Use Later'

2020-08-05 22:09:41 - [TEST_STEP][PASSED] - takeScreenshot("C:\Users\LENOVO\Screenshot\Promotions\Screenshot13", STOP_ON_FAILURE): Screenshot is taken

2020-08-05 22:09:43 - [MESSAGE][PASSED] - Screenshot is taken
[[ATTACHMENT|C:\\Users\\LENOVO\\Screenshot\\Promotions\\Screenshot13]]]]></system-out>
         <system-err><![CDATA[]]></system-err>
      </testcase>
      <system-out><![CDATA[2020-08-05 22:03:07 - [TEST_SUITE][PASSED] - UAT Test Suite: Test Cases/JINU/Drop2 Promotions/Promotion]]></system-out>
      <system-err><![CDATA[]]></system-err>
   </testsuite>
</testsuites>
