<?xml version="1.0" encoding="UTF-8"?>
<testsuites name="UAT Test Suite" time="309.447" tests="1" failures="1" errors="0">
   <testsuite name="UAT Test Suite" tests="1" failures="1" errors="0" time="309.447" timestamp="2020-08-18 17:52:10" hostname="LENOVO - DESKTOP-CP3TV4N" id="Test Suites/Maya UAT/UAT Test Suite">
      <properties>
[...]
</properties>
      <testcase name="Test Cases/JINU/MAE Cards/MAE Card" time="308.347" classname="Test Cases/JINU/MAE Cards/MAE Card" status="FAILED">
         <failure type="FAILED" message="Test Cases/JINU/MAE Cards/MAE Card FAILED.
Reason:
com.kms.katalon.core.exception.StepFailedException: Object Object Repository/Maya/MAE Virtual Card/android.widget.TextView0 - Date  Time (1) not found
	at com.kms.katalon.core.keyword.internal.KeywordMain.stepFailed(KeywordMain.groovy:39)
	at com.kms.katalon.core.mobile.keyword.internal.MobileKeywordMain.stepFailed(MobileKeywordMain.groovy:40)
	at com.kms.katalon.core.mobile.keyword.builtin.GetTextKeyword$_getText_closure1.doCall(GetTextKeyword.groovy:74)
	at com.kms.katalon.core.mobile.keyword.builtin.GetTextKeyword$_getText_closure1.call(GetTextKeyword.groovy)
	at com.kms.katalon.core.mobile.keyword.internal.MobileKeywordMain.runKeyword(MobileKeywordMain.groovy:21)
	at com.kms.katalon.core.mobile.keyword.builtin.GetTextKeyword.getText(GetTextKeyword.groovy:80)
	at com.kms.katalon.core.mobile.keyword.builtin.GetTextKeyword.execute(GetTextKeyword.groovy:64)
	at com.kms.katalon.core.keyword.internal.KeywordExecutor.executeKeywordForPlatform(KeywordExecutor.groovy:72)
	at com.kms.katalon.core.mobile.keyword.MobileBuiltInKeywords.getText(MobileBuiltInKeywords.groovy:459)
	at com.kms.katalon.core.mobile.keyword.MobileBuiltInKeywords$getText$2.call(Unknown Source)
	at MAE Card.run(MAE Card:300)
	at com.kms.katalon.core.main.ScriptEngine.run(ScriptEngine.java:194)
	at com.kms.katalon.core.main.ScriptEngine.runScriptAsRawText(ScriptEngine.java:119)
	at com.kms.katalon.core.main.TestCaseExecutor.runScript(TestCaseExecutor.java:337)
	at com.kms.katalon.core.main.TestCaseExecutor.doExecute(TestCaseExecutor.java:328)
	at com.kms.katalon.core.main.TestCaseExecutor.processExecutionPhase(TestCaseExecutor.java:307)
	at com.kms.katalon.core.main.TestCaseExecutor.accessMainPhase(TestCaseExecutor.java:299)
	at com.kms.katalon.core.main.TestCaseExecutor.execute(TestCaseExecutor.java:233)
	at com.kms.katalon.core.main.TestSuiteExecutor.accessTestCaseMainPhase(TestSuiteExecutor.java:169)
	at com.kms.katalon.core.main.TestSuiteExecutor.accessTestSuiteMainPhase(TestSuiteExecutor.java:142)
	at com.kms.katalon.core.main.TestSuiteExecutor.execute(TestSuiteExecutor.java:91)
	at com.kms.katalon.core.main.TestCaseMain.startTestSuite(TestCaseMain.java:157)
	at com.kms.katalon.core.main.TestCaseMain$startTestSuite$0.call(Unknown Source)
	at TempTestSuite1597744328040.run(TempTestSuite1597744328040.groovy:36)
"/>
         <system-out><![CDATA[2020-08-18 17:52:11 - [TEST_CASE][FAILED] - Test Cases/JINU/MAE Cards/MAE Card: Test Cases/JINU/MAE Cards/MAE Card FAILED.
Reason:
com.kms.katalon.core.exception.StepFailedException: Object Object Repository/Maya/MAE Virtual Card/android.widget.TextView0 - Date  Time (1) not found
	at com.kms.katalon.core.keyword.internal.KeywordMain.stepFailed(KeywordMain.groovy:39)
	at com.kms.katalon.core.mobile.keyword.internal.MobileKeywordMain.stepFailed(MobileKeywordMain.groovy:40)
	at com.kms.katalon.core.mobile.keyword.builtin.GetTextKeyword$_getText_closure1.doCall(GetTextKeyword.groovy:74)
	at com.kms.katalon.core.mobile.keyword.builtin.GetTextKeyword$_getText_closure1.call(GetTextKeyword.groovy)
	at com.kms.katalon.core.mobile.keyword.internal.MobileKeywordMain.runKeyword(MobileKeywordMain.groovy:21)
	at com.kms.katalon.core.mobile.keyword.builtin.GetTextKeyword.getText(GetTextKeyword.groovy:80)
	at com.kms.katalon.core.mobile.keyword.builtin.GetTextKeyword.execute(GetTextKeyword.groovy:64)
	at com.kms.katalon.core.keyword.internal.KeywordExecutor.executeKeywordForPlatform(KeywordExecutor.groovy:72)
	at com.kms.katalon.core.mobile.keyword.MobileBuiltInKeywords.getText(MobileBuiltInKeywords.groovy:459)
	at com.kms.katalon.core.mobile.keyword.MobileBuiltInKeywords$getText$2.call(Unknown Source)
	at MAE Card.run(MAE Card:300)
	at com.kms.katalon.core.main.ScriptEngine.run(ScriptEngine.java:194)
	at com.kms.katalon.core.main.ScriptEngine.runScriptAsRawText(ScriptEngine.java:119)
	at com.kms.katalon.core.main.TestCaseExecutor.runScript(TestCaseExecutor.java:337)
	at com.kms.katalon.core.main.TestCaseExecutor.doExecute(TestCaseExecutor.java:328)
	at com.kms.katalon.core.main.TestCaseExecutor.processExecutionPhase(TestCaseExecutor.java:307)
	at com.kms.katalon.core.main.TestCaseExecutor.accessMainPhase(TestCaseExecutor.java:299)
	at com.kms.katalon.core.main.TestCaseExecutor.execute(TestCaseExecutor.java:233)
	at com.kms.katalon.core.main.TestSuiteExecutor.accessTestCaseMainPhase(TestSuiteExecutor.java:169)
	at com.kms.katalon.core.main.TestSuiteExecutor.accessTestSuiteMainPhase(TestSuiteExecutor.java:142)
	at com.kms.katalon.core.main.TestSuiteExecutor.execute(TestSuiteExecutor.java:91)
	at com.kms.katalon.core.main.TestCaseMain.startTestSuite(TestCaseMain.java:157)
	at com.kms.katalon.core.main.TestCaseMain$startTestSuite$0.call(Unknown Source)
	at TempTestSuite1597744328040.run(TempTestSuite1597744328040.groovy:36)


2020-08-18 17:52:11 - [TEST_STEP][PASSED] - startApplication("C:\Users\LENOVO\Katalon Studio\app-uat-universal-release.apk", false): Started app at: 'C:\Users\LENOVO\Katalon Studio\app-uat-universal-release.apk'

2020-08-18 17:52:12 - [MESSAGE][INFO] - User set preference: ['appWaitActivity', '*']

2020-08-18 17:52:12 - [MESSAGE][INFO] - User set preference: ['appWaitPackage', 'com.maybank2u.life.uat']

2020-08-18 17:52:12 - [MESSAGE][INFO] - User set preference: ['appWaitDuration', '50,000']

2020-08-18 17:52:12 - [MESSAGE][INFO] - User set preference: ['deviceId', '11cb9864']

2020-08-18 17:52:14 - [MESSAGE][INFO] - Appium server started on port 65,532

2020-08-18 17:52:37 - [MESSAGE][PASSED] - Started app at: 'C:\Users\LENOVO\Katalon Studio\app-uat-universal-release.apk'

2020-08-18 17:52:37 - [TEST_STEP][PASSED] - tap(findTestObject("Maya/MAE Virtual Card/android.widget.TextView0 - Maybank2u"), 10): Tapped on element 'Object Repository/Maya/MAE Virtual Card/android.widget.TextView0 - Maybank2u'

2020-08-18 17:52:53 - [MESSAGE][PASSED] - Tapped on element 'Object Repository/Maya/MAE Virtual Card/android.widget.TextView0 - Maybank2u'

2020-08-18 17:52:53 - [TEST_STEP][PASSED] - delay(2, CONTINUE_ON_FAILURE): Delayed 2 second(s)

2020-08-18 17:52:55 - [MESSAGE][PASSED] - Delayed 2 second(s)

2020-08-18 17:52:55 - [TEST_STEP][PASSED] - takeScreenshot("C:\Users\LENOVO\Screenshot\Maybank2u\Screenshot1", STOP_ON_FAILURE): Screenshot is taken

2020-08-18 17:52:56 - [MESSAGE][PASSED] - Screenshot is taken
[[ATTACHMENT|C:\\Users\\LENOVO\\Screenshot\\Maybank2u\\Screenshot1]]

2020-08-18 17:52:56 - [TEST_STEP][PASSED] - tap(findTestObject("Maya/MAE Virtual Card/android.widget.TextView0 - 2"), 0): Tapped on element 'Object Repository/Maya/MAE Virtual Card/android.widget.TextView0 - 2'

2020-08-18 17:52:56 - [MESSAGE][WARNING] - Timeout '0' is invalid. Using default page load timeout: '10'

2020-08-18 17:52:58 - [MESSAGE][PASSED] - Tapped on element 'Object Repository/Maya/MAE Virtual Card/android.widget.TextView0 - 2'

2020-08-18 17:52:58 - [TEST_STEP][PASSED] - tap(findTestObject("Maya/MAE Virtual Card/android.widget.TextView0 - 3"), 0): Tapped on element 'Object Repository/Maya/MAE Virtual Card/android.widget.TextView0 - 3'

2020-08-18 17:52:59 - [MESSAGE][WARNING] - Timeout '0' is invalid. Using default page load timeout: '10'

2020-08-18 17:53:01 - [MESSAGE][PASSED] - Tapped on element 'Object Repository/Maya/MAE Virtual Card/android.widget.TextView0 - 3'

2020-08-18 17:53:01 - [TEST_STEP][PASSED] - tap(findTestObject("Maya/MAE Virtual Card/android.widget.TextView0 - 0"), 0): Tapped on element 'Object Repository/Maya/MAE Virtual Card/android.widget.TextView0 - 0'

2020-08-18 17:53:01 - [MESSAGE][WARNING] - Timeout '0' is invalid. Using default page load timeout: '10'

2020-08-18 17:53:03 - [MESSAGE][PASSED] - Tapped on element 'Object Repository/Maya/MAE Virtual Card/android.widget.TextView0 - 0'

2020-08-18 17:53:03 - [TEST_STEP][PASSED] - tap(findTestObject("Maya/MAE Virtual Card/android.widget.TextView0 - 9"), 0): Tapped on element 'Object Repository/Maya/MAE Virtual Card/android.widget.TextView0 - 9'

2020-08-18 17:53:04 - [MESSAGE][WARNING] - Timeout '0' is invalid. Using default page load timeout: '10'

2020-08-18 17:53:06 - [MESSAGE][PASSED] - Tapped on element 'Object Repository/Maya/MAE Virtual Card/android.widget.TextView0 - 9'

2020-08-18 17:53:06 - [TEST_STEP][PASSED] - tap(findTestObject("Maya/MAE Virtual Card/android.widget.TextView0 - 8"), 0): Tapped on element 'Object Repository/Maya/MAE Virtual Card/android.widget.TextView0 - 8'

2020-08-18 17:53:06 - [MESSAGE][WARNING] - Timeout '0' is invalid. Using default page load timeout: '10'

2020-08-18 17:53:09 - [MESSAGE][PASSED] - Tapped on element 'Object Repository/Maya/MAE Virtual Card/android.widget.TextView0 - 8'

2020-08-18 17:53:09 - [TEST_STEP][PASSED] - tap(findTestObject("Maya/MAE Virtual Card/android.widget.TextView0 - 3"), 0): Tapped on element 'Object Repository/Maya/MAE Virtual Card/android.widget.TextView0 - 3'

2020-08-18 17:53:09 - [MESSAGE][WARNING] - Timeout '0' is invalid. Using default page load timeout: '10'

2020-08-18 17:53:10 - [MESSAGE][PASSED] - Tapped on element 'Object Repository/Maya/MAE Virtual Card/android.widget.TextView0 - 3'

2020-08-18 17:53:10 - [TEST_STEP][PASSED] - tap(findTestObject("Maya/MAE Virtual Card/android.widget.TextView0 - MAE"), 0): Tapped on element 'Object Repository/Maya/MAE Virtual Card/android.widget.TextView0 - MAE'

2020-08-18 17:53:10 - [MESSAGE][WARNING] - Timeout '0' is invalid. Using default page load timeout: '10'

2020-08-18 17:53:14 - [MESSAGE][PASSED] - Tapped on element 'Object Repository/Maya/MAE Virtual Card/android.widget.TextView0 - MAE'

2020-08-18 17:53:14 - [TEST_STEP][PASSED] - delay(2, CONTINUE_ON_FAILURE): Delayed 2 second(s)

2020-08-18 17:53:16 - [MESSAGE][PASSED] - Delayed 2 second(s)

2020-08-18 17:53:16 - [TEST_STEP][PASSED] - takeScreenshot("C:\Users\LENOVO\Screenshot\Maybank2u\Screenshot2", STOP_ON_FAILURE): Screenshot is taken

2020-08-18 17:53:18 - [MESSAGE][PASSED] - Screenshot is taken
[[ATTACHMENT|C:\\Users\\LENOVO\\Screenshot\\Maybank2u\\Screenshot2]]

2020-08-18 17:53:18 - [TEST_STEP][PASSED] - tap(findTestObject("Maya/MAE Virtual Card/android.widget.ImageView0"), 0): Tapped on element 'Object Repository/Maya/MAE Virtual Card/android.widget.ImageView0'

2020-08-18 17:53:18 - [MESSAGE][WARNING] - Timeout '0' is invalid. Using default page load timeout: '10'

2020-08-18 17:53:20 - [MESSAGE][PASSED] - Tapped on element 'Object Repository/Maya/MAE Virtual Card/android.widget.ImageView0'

2020-08-18 17:53:20 - [TEST_STEP][PASSED] - tap(findTestObject("Maya/MAE Virtual Card/android.widget.TextView0 - CARDS"), 0): Tapped on element 'Object Repository/Maya/MAE Virtual Card/android.widget.TextView0 - CARDS'

2020-08-18 17:53:20 - [MESSAGE][WARNING] - Timeout '0' is invalid. Using default page load timeout: '10'

2020-08-18 17:53:22 - [MESSAGE][PASSED] - Tapped on element 'Object Repository/Maya/MAE Virtual Card/android.widget.TextView0 - CARDS'

2020-08-18 17:53:22 - [TEST_STEP][PASSED] - getText(findTestObject("Maya/MAE Virtual Card/android.widget.TextView0 - Maybank2u (1)"), 0): Text of element 'Object Repository/Maya/MAE Virtual Card/android.widget.TextView0 - Maybank2u (1)' is: 'Maybank2u'

2020-08-18 17:53:22 - [MESSAGE][WARNING] - Timeout '0' is invalid. Using default page load timeout: '10'

2020-08-18 17:53:23 - [MESSAGE][PASSED] - Text of element 'Object Repository/Maya/MAE Virtual Card/android.widget.TextView0 - Maybank2u (1)' is: 'Maybank2u'

2020-08-18 17:53:23 - [TEST_STEP][PASSED] - getText(findTestObject("Maya/MAE Virtual Card/android.widget.TextView0 - MAE Debit Card"), 0): Text of element 'Object Repository/Maya/MAE Virtual Card/android.widget.TextView0 - MAE Debit Card' is: 'MAE Debit Card'

2020-08-18 17:53:23 - [MESSAGE][WARNING] - Timeout '0' is invalid. Using default page load timeout: '10'

2020-08-18 17:53:23 - [MESSAGE][PASSED] - Text of element 'Object Repository/Maya/MAE Virtual Card/android.widget.TextView0 - MAE Debit Card' is: 'MAE Debit Card'

2020-08-18 17:53:23 - [TEST_STEP][NOT_RUN] - getText(findTestObject("Maya/MAE Virtual Card/android.widget.TextView0 - 4283 3230 0010 8544"), 0): NOT_RUN: getText(findTestObject("Maya/MAE Virtual Card/android.widget.TextView0 - 4283 3230 0010 8544"), 0)

2020-08-18 17:53:23 - [MESSAGE][NOT_RUN] - NOT_RUN: getText(findTestObject("Maya/MAE Virtual Card/android.widget.TextView0 - 4283 3230 0010 8544"), 0)

2020-08-18 17:53:23 - [TEST_STEP][PASSED] - tap(findTestObject("Maya/MAE Virtual Card/android.widget.TextView0 - MAE Debit Card"), 0): Tapped on element 'Object Repository/Maya/MAE Virtual Card/android.widget.TextView0 - MAE Debit Card'

2020-08-18 17:53:23 - [MESSAGE][WARNING] - Timeout '0' is invalid. Using default page load timeout: '10'

2020-08-18 17:53:25 - [MESSAGE][PASSED] - Tapped on element 'Object Repository/Maya/MAE Virtual Card/android.widget.TextView0 - MAE Debit Card'

2020-08-18 17:53:25 - [TEST_STEP][PASSED] - getText(findTestObject("Maya/MAE Virtual Card/android.widget.TextView0 - 4283 3230 0010 8544 (1)"), 0): Text of element 'Object Repository/Maya/MAE Virtual Card/android.widget.TextView0 - 4283 3230 0010 8544 (1)' is: '4283 3230 0010 8544'

2020-08-18 17:53:25 - [MESSAGE][WARNING] - Timeout '0' is invalid. Using default page load timeout: '10'

2020-08-18 17:53:26 - [MESSAGE][PASSED] - Text of element 'Object Repository/Maya/MAE Virtual Card/android.widget.TextView0 - 4283 3230 0010 8544 (1)' is: '4283 3230 0010 8544'

2020-08-18 17:53:26 - [TEST_STEP][PASSED] - getText(findTestObject("Maya/MAE Virtual Card/android.widget.TextView0 - 1025"), 0): Text of element 'Object Repository/Maya/MAE Virtual Card/android.widget.TextView0 - 1025' is: '10/25'

2020-08-18 17:53:26 - [MESSAGE][WARNING] - Timeout '0' is invalid. Using default page load timeout: '10'

2020-08-18 17:53:26 - [MESSAGE][PASSED] - Text of element 'Object Repository/Maya/MAE Virtual Card/android.widget.TextView0 - 1025' is: '10/25'

2020-08-18 17:53:26 - [TEST_STEP][PASSED] - getText(findTestObject("Maya/MAE Virtual Card/android.widget.TextView0 - Card Management"), 0): Text of element 'Object Repository/Maya/MAE Virtual Card/android.widget.TextView0 - Card Management' is: 'Card Management'

2020-08-18 17:53:26 - [MESSAGE][WARNING] - Timeout '0' is invalid. Using default page load timeout: '10'

2020-08-18 17:53:26 - [MESSAGE][PASSED] - Text of element 'Object Repository/Maya/MAE Virtual Card/android.widget.TextView0 - Card Management' is: 'Card Management'

2020-08-18 17:53:26 - [TEST_STEP][PASSED] - getText(findTestObject("Maya/MAE Virtual Card/android.widget.TextView0 - Show CVV"), 0): Text of element 'Object Repository/Maya/MAE Virtual Card/android.widget.TextView0 - Show CVV' is: 'Show CVV'

2020-08-18 17:53:26 - [MESSAGE][WARNING] - Timeout '0' is invalid. Using default page load timeout: '10'

2020-08-18 17:53:27 - [MESSAGE][PASSED] - Text of element 'Object Repository/Maya/MAE Virtual Card/android.widget.TextView0 - Show CVV' is: 'Show CVV'

2020-08-18 17:53:27 - [TEST_STEP][PASSED] - getText(findTestObject("Maya/MAE Virtual Card/android.widget.TextView0 - Change Card PIN"), 0): Text of element 'Object Repository/Maya/MAE Virtual Card/android.widget.TextView0 - Change Card PIN' is: 'Change Card PIN'

2020-08-18 17:53:27 - [MESSAGE][WARNING] - Timeout '0' is invalid. Using default page load timeout: '10'

2020-08-18 17:53:27 - [MESSAGE][PASSED] - Text of element 'Object Repository/Maya/MAE Virtual Card/android.widget.TextView0 - Change Card PIN' is: 'Change Card PIN'

2020-08-18 17:53:27 - [TEST_STEP][PASSED] - delay(2, CONTINUE_ON_FAILURE): Delayed 2 second(s)

2020-08-18 17:53:29 - [MESSAGE][PASSED] - Delayed 2 second(s)

2020-08-18 17:53:29 - [TEST_STEP][PASSED] - takeScreenshot("C:\Users\LENOVO\Screenshot\Maybank2u\Screenshot3", STOP_ON_FAILURE): Screenshot is taken

2020-08-18 17:53:30 - [MESSAGE][PASSED] - Screenshot is taken
[[ATTACHMENT|C:\\Users\\LENOVO\\Screenshot\\Maybank2u\\Screenshot3]]

2020-08-18 17:53:30 - [TEST_STEP][PASSED] - getText(findTestObject("Maya/MAE Virtual Card/android.widget.TextView0 - Apply for Physical MAE Card"), 0): Text of element 'Object Repository/Maya/MAE Virtual Card/android.widget.TextView0 - Apply for Physical MAE Card' is: 'Apply for Physical MAE Card'

2020-08-18 17:53:30 - [MESSAGE][WARNING] - Timeout '0' is invalid. Using default page load timeout: '10'

2020-08-18 17:53:30 - [MESSAGE][PASSED] - Text of element 'Object Repository/Maya/MAE Virtual Card/android.widget.TextView0 - Apply for Physical MAE Card' is: 'Apply for Physical MAE Card'

2020-08-18 17:53:30 - [TEST_STEP][PASSED] - tap(findTestObject("Maya/MAE Virtual Card/android.widget.TextView0 - Show CVV"), 0): Tapped on element 'Object Repository/Maya/MAE Virtual Card/android.widget.TextView0 - Show CVV'

2020-08-18 17:53:30 - [MESSAGE][WARNING] - Timeout '0' is invalid. Using default page load timeout: '10'

2020-08-18 17:53:32 - [MESSAGE][PASSED] - Tapped on element 'Object Repository/Maya/MAE Virtual Card/android.widget.TextView0 - Show CVV'

2020-08-18 17:53:32 - [TEST_STEP][PASSED] - setText(findTestObject("Maya/login again/android.widget.EditText0 (1)"), "pass1234", 0): Text 'pass1234' has been set to element 'Object Repository/Maya/login again/android.widget.EditText0 (1)'

2020-08-18 17:53:32 - [MESSAGE][WARNING] - Timeout '0' is invalid. Using default page load timeout: '10'

2020-08-18 17:53:34 - [MESSAGE][PASSED] - Text 'pass1234' has been set to element 'Object Repository/Maya/login again/android.widget.EditText0 (1)'

2020-08-18 17:53:34 - [TEST_STEP][PASSED] - driver = getDriver(): null

2020-08-18 17:53:34 - [TEST_STEP][PASSED] - driver.pressKeyCode(ENTER): null

2020-08-18 17:53:35 - [TEST_STEP][NOT_RUN] - tap(findTestObject("Maya/Third Party CA account/android.widget.TextView0 - Your OTP no. is 460943"), 0): NOT_RUN: tap(findTestObject("Maya/Third Party CA account/android.widget.TextView0 - Your OTP no. is 460943"), 0)

2020-08-18 17:53:35 - [MESSAGE][NOT_RUN] - NOT_RUN: tap(findTestObject("Maya/Third Party CA account/android.widget.TextView0 - Your OTP no. is 460943"), 0)

2020-08-18 17:53:35 - [TEST_STEP][PASSED] - otpMessage = getText(findTestObject("Maya/MAE Virtual Card/android.widget.TextView0 - Your Otp no. is 247036"), 0): Text of element 'Object Repository/Maya/MAE Virtual Card/android.widget.TextView0 - Your Otp no. is 247036' is: 'Your Otp no. is 330285'

2020-08-18 17:53:35 - [MESSAGE][WARNING] - Timeout '0' is invalid. Using default page load timeout: '10'

2020-08-18 17:53:40 - [MESSAGE][PASSED] - Text of element 'Object Repository/Maya/MAE Virtual Card/android.widget.TextView0 - Your Otp no. is 247036' is: 'Your Otp no. is 330285'

2020-08-18 17:53:40 - [TEST_STEP][PASSED] - delay(2): Delayed 2 second(s)

2020-08-18 17:53:42 - [MESSAGE][PASSED] - Delayed 2 second(s)

2020-08-18 17:53:42 - [TEST_STEP][PASSED] - for ([i = 16, i <= 21, (i++)]): null

2020-08-18 17:53:42 - [TEST_STEP][PASSED] - delay(3, STOP_ON_FAILURE): Delayed 3 second(s)

2020-08-18 17:53:45 - [MESSAGE][PASSED] - Delayed 3 second(s)

2020-08-18 17:53:45 - [TEST_STEP][PASSED] - if (otpMessage[i] == "0"): null

2020-08-18 17:53:45 - [TEST_STEP][PASSED] - if (otpMessage[i] == "1"): null

2020-08-18 17:53:45 - [TEST_STEP][PASSED] - if (otpMessage[i] == "2"): null

2020-08-18 17:53:45 - [TEST_STEP][PASSED] - if (otpMessage[i] == "3"): Tapped on element 'Object Repository/Maya/login again/Spy- 3'

2020-08-18 17:53:45 - [TEST_STEP][PASSED] - delay(1, STOP_ON_FAILURE): Delayed 1 second(s)

2020-08-18 17:53:46 - [MESSAGE][PASSED] - Delayed 1 second(s)

2020-08-18 17:53:46 - [TEST_STEP][NOT_RUN] - tap(findTestObject("MAYA SIT v118/spy/TAC - keypad 3"), 0): NOT_RUN: tap(findTestObject("MAYA SIT v118/spy/TAC - keypad 3"), 0)

2020-08-18 17:53:46 - [MESSAGE][NOT_RUN] - NOT_RUN: tap(findTestObject("MAYA SIT v118/spy/TAC - keypad 3"), 0)

2020-08-18 17:53:46 - [TEST_STEP][PASSED] - tap(findTestObject("Maya/login again/Spy- 3"), 0): Tapped on element 'Object Repository/Maya/login again/Spy- 3'

2020-08-18 17:53:46 - [MESSAGE][WARNING] - Timeout '0' is invalid. Using default page load timeout: '10'

2020-08-18 17:53:49 - [MESSAGE][PASSED] - Tapped on element 'Object Repository/Maya/login again/Spy- 3'

2020-08-18 17:53:49 - [TEST_STEP][PASSED] - if (otpMessage[i] == "4"): null

2020-08-18 17:53:49 - [TEST_STEP][PASSED] - if (otpMessage[i] == "5"): null

2020-08-18 17:53:49 - [TEST_STEP][PASSED] - if (otpMessage[i] == "6"): null

2020-08-18 17:53:49 - [TEST_STEP][PASSED] - if (otpMessage[i] == "7"): null

2020-08-18 17:53:49 - [TEST_STEP][PASSED] - if (otpMessage[i] == "8"): null

2020-08-18 17:53:49 - [TEST_STEP][PASSED] - if (otpMessage[i] == "9"): null

2020-08-18 17:53:49 - [TEST_STEP][PASSED] - delay(3, STOP_ON_FAILURE): Delayed 3 second(s)

2020-08-18 17:53:52 - [MESSAGE][PASSED] - Delayed 3 second(s)

2020-08-18 17:53:52 - [TEST_STEP][PASSED] - if (otpMessage[i] == "0"): null

2020-08-18 17:53:52 - [TEST_STEP][PASSED] - if (otpMessage[i] == "1"): null

2020-08-18 17:53:52 - [TEST_STEP][PASSED] - if (otpMessage[i] == "2"): null

2020-08-18 17:53:52 - [TEST_STEP][PASSED] - if (otpMessage[i] == "3"): Tapped on element 'Object Repository/Maya/login again/Spy- 3'

2020-08-18 17:53:52 - [TEST_STEP][PASSED] - delay(1, STOP_ON_FAILURE): Delayed 1 second(s)

2020-08-18 17:53:53 - [MESSAGE][PASSED] - Delayed 1 second(s)

2020-08-18 17:53:53 - [TEST_STEP][NOT_RUN] - tap(findTestObject("MAYA SIT v118/spy/TAC - keypad 3"), 0): NOT_RUN: tap(findTestObject("MAYA SIT v118/spy/TAC - keypad 3"), 0)

2020-08-18 17:53:53 - [MESSAGE][NOT_RUN] - NOT_RUN: tap(findTestObject("MAYA SIT v118/spy/TAC - keypad 3"), 0)

2020-08-18 17:53:53 - [TEST_STEP][PASSED] - tap(findTestObject("Maya/login again/Spy- 3"), 0): Tapped on element 'Object Repository/Maya/login again/Spy- 3'

2020-08-18 17:53:53 - [MESSAGE][WARNING] - Timeout '0' is invalid. Using default page load timeout: '10'

2020-08-18 17:53:55 - [MESSAGE][PASSED] - Tapped on element 'Object Repository/Maya/login again/Spy- 3'

2020-08-18 17:53:55 - [TEST_STEP][PASSED] - if (otpMessage[i] == "4"): null

2020-08-18 17:53:55 - [TEST_STEP][PASSED] - if (otpMessage[i] == "5"): null

2020-08-18 17:53:55 - [TEST_STEP][PASSED] - if (otpMessage[i] == "6"): null

2020-08-18 17:53:55 - [TEST_STEP][PASSED] - if (otpMessage[i] == "7"): null

2020-08-18 17:53:55 - [TEST_STEP][PASSED] - if (otpMessage[i] == "8"): null

2020-08-18 17:53:55 - [TEST_STEP][PASSED] - if (otpMessage[i] == "9"): null

2020-08-18 17:53:55 - [TEST_STEP][PASSED] - delay(3, STOP_ON_FAILURE): Delayed 3 second(s)

2020-08-18 17:53:58 - [MESSAGE][PASSED] - Delayed 3 second(s)

2020-08-18 17:53:58 - [TEST_STEP][PASSED] - if (otpMessage[i] == "0"): Tapped on element 'Object Repository/Maya/login again/Spy-0'

2020-08-18 17:53:58 - [TEST_STEP][PASSED] - delay(1, STOP_ON_FAILURE): Delayed 1 second(s)

2020-08-18 17:53:59 - [MESSAGE][PASSED] - Delayed 1 second(s)

2020-08-18 17:53:59 - [TEST_STEP][PASSED] - tap(findTestObject("Maya/login again/Spy-0"), 0): Tapped on element 'Object Repository/Maya/login again/Spy-0'

2020-08-18 17:53:59 - [MESSAGE][WARNING] - Timeout '0' is invalid. Using default page load timeout: '10'

2020-08-18 17:54:02 - [MESSAGE][PASSED] - Tapped on element 'Object Repository/Maya/login again/Spy-0'

2020-08-18 17:54:02 - [TEST_STEP][PASSED] - if (otpMessage[i] == "1"): null

2020-08-18 17:54:02 - [TEST_STEP][PASSED] - if (otpMessage[i] == "2"): null

2020-08-18 17:54:02 - [TEST_STEP][PASSED] - if (otpMessage[i] == "3"): null

2020-08-18 17:54:02 - [TEST_STEP][PASSED] - if (otpMessage[i] == "4"): null

2020-08-18 17:54:02 - [TEST_STEP][PASSED] - if (otpMessage[i] == "5"): null

2020-08-18 17:54:02 - [TEST_STEP][PASSED] - if (otpMessage[i] == "6"): null

2020-08-18 17:54:02 - [TEST_STEP][PASSED] - if (otpMessage[i] == "7"): null

2020-08-18 17:54:02 - [TEST_STEP][PASSED] - if (otpMessage[i] == "8"): null

2020-08-18 17:54:02 - [TEST_STEP][PASSED] - if (otpMessage[i] == "9"): null

2020-08-18 17:54:02 - [TEST_STEP][PASSED] - delay(3, STOP_ON_FAILURE): Delayed 3 second(s)

2020-08-18 17:54:05 - [MESSAGE][PASSED] - Delayed 3 second(s)

2020-08-18 17:54:05 - [TEST_STEP][PASSED] - if (otpMessage[i] == "0"): null

2020-08-18 17:54:05 - [TEST_STEP][PASSED] - if (otpMessage[i] == "1"): null

2020-08-18 17:54:05 - [TEST_STEP][PASSED] - if (otpMessage[i] == "2"): Tapped on element 'Object Repository/Maya/login again/Spy- 2'

2020-08-18 17:54:05 - [TEST_STEP][PASSED] - delay(1, STOP_ON_FAILURE): Delayed 1 second(s)

2020-08-18 17:54:06 - [MESSAGE][PASSED] - Delayed 1 second(s)

2020-08-18 17:54:06 - [TEST_STEP][PASSED] - tap(findTestObject("Maya/login again/Spy- 2"), 0): Tapped on element 'Object Repository/Maya/login again/Spy- 2'

2020-08-18 17:54:06 - [MESSAGE][WARNING] - Timeout '0' is invalid. Using default page load timeout: '10'

2020-08-18 17:54:08 - [MESSAGE][PASSED] - Tapped on element 'Object Repository/Maya/login again/Spy- 2'

2020-08-18 17:54:08 - [TEST_STEP][PASSED] - if (otpMessage[i] == "3"): null

2020-08-18 17:54:08 - [TEST_STEP][PASSED] - if (otpMessage[i] == "4"): null

2020-08-18 17:54:08 - [TEST_STEP][PASSED] - if (otpMessage[i] == "5"): null

2020-08-18 17:54:08 - [TEST_STEP][PASSED] - if (otpMessage[i] == "6"): null

2020-08-18 17:54:08 - [TEST_STEP][PASSED] - if (otpMessage[i] == "7"): null

2020-08-18 17:54:08 - [TEST_STEP][PASSED] - if (otpMessage[i] == "8"): null

2020-08-18 17:54:08 - [TEST_STEP][PASSED] - if (otpMessage[i] == "9"): null

2020-08-18 17:54:08 - [TEST_STEP][PASSED] - delay(3, STOP_ON_FAILURE): Delayed 3 second(s)

2020-08-18 17:54:11 - [MESSAGE][PASSED] - Delayed 3 second(s)

2020-08-18 17:54:11 - [TEST_STEP][PASSED] - if (otpMessage[i] == "0"): null

2020-08-18 17:54:11 - [TEST_STEP][PASSED] - if (otpMessage[i] == "1"): null

2020-08-18 17:54:11 - [TEST_STEP][PASSED] - if (otpMessage[i] == "2"): null

2020-08-18 17:54:11 - [TEST_STEP][PASSED] - if (otpMessage[i] == "3"): null

2020-08-18 17:54:11 - [TEST_STEP][PASSED] - if (otpMessage[i] == "4"): null

2020-08-18 17:54:11 - [TEST_STEP][PASSED] - if (otpMessage[i] == "5"): null

2020-08-18 17:54:11 - [TEST_STEP][PASSED] - if (otpMessage[i] == "6"): null

2020-08-18 17:54:11 - [TEST_STEP][PASSED] - if (otpMessage[i] == "7"): null

2020-08-18 17:54:11 - [TEST_STEP][PASSED] - if (otpMessage[i] == "8"): Tapped on element 'Object Repository/Maya/login again/Spy - 8'

2020-08-18 17:54:11 - [TEST_STEP][PASSED] - delay(1, STOP_ON_FAILURE): Delayed 1 second(s)

2020-08-18 17:54:12 - [MESSAGE][PASSED] - Delayed 1 second(s)

2020-08-18 17:54:12 - [TEST_STEP][PASSED] - tap(findTestObject("Maya/login again/Spy - 8"), 0): Tapped on element 'Object Repository/Maya/login again/Spy - 8'

2020-08-18 17:54:12 - [MESSAGE][WARNING] - Timeout '0' is invalid. Using default page load timeout: '10'

2020-08-18 17:54:15 - [MESSAGE][PASSED] - Tapped on element 'Object Repository/Maya/login again/Spy - 8'

2020-08-18 17:54:15 - [TEST_STEP][PASSED] - if (otpMessage[i] == "9"): null

2020-08-18 17:54:15 - [TEST_STEP][PASSED] - delay(3, STOP_ON_FAILURE): Delayed 3 second(s)

2020-08-18 17:54:18 - [MESSAGE][PASSED] - Delayed 3 second(s)

2020-08-18 17:54:18 - [TEST_STEP][PASSED] - if (otpMessage[i] == "0"): null

2020-08-18 17:54:18 - [TEST_STEP][PASSED] - if (otpMessage[i] == "1"): null

2020-08-18 17:54:18 - [TEST_STEP][PASSED] - if (otpMessage[i] == "2"): null

2020-08-18 17:54:18 - [TEST_STEP][PASSED] - if (otpMessage[i] == "3"): null

2020-08-18 17:54:18 - [TEST_STEP][PASSED] - if (otpMessage[i] == "4"): null

2020-08-18 17:54:18 - [TEST_STEP][PASSED] - if (otpMessage[i] == "5"): Tapped on element 'Object Repository/Maya/login again/Spy- 5'

2020-08-18 17:54:18 - [TEST_STEP][PASSED] - delay(1, STOP_ON_FAILURE): Delayed 1 second(s)

2020-08-18 17:54:19 - [MESSAGE][PASSED] - Delayed 1 second(s)

2020-08-18 17:54:19 - [TEST_STEP][PASSED] - tap(findTestObject("Maya/login again/Spy- 5"), 0): Tapped on element 'Object Repository/Maya/login again/Spy- 5'

2020-08-18 17:54:19 - [MESSAGE][WARNING] - Timeout '0' is invalid. Using default page load timeout: '10'

2020-08-18 17:54:21 - [MESSAGE][PASSED] - Tapped on element 'Object Repository/Maya/login again/Spy- 5'

2020-08-18 17:54:21 - [TEST_STEP][PASSED] - if (otpMessage[i] == "6"): null

2020-08-18 17:54:21 - [TEST_STEP][PASSED] - if (otpMessage[i] == "7"): null

2020-08-18 17:54:21 - [TEST_STEP][PASSED] - if (otpMessage[i] == "8"): null

2020-08-18 17:54:21 - [TEST_STEP][PASSED] - if (otpMessage[i] == "9"): null

2020-08-18 17:54:21 - [TEST_STEP][PASSED] - delay(8, STOP_ON_FAILURE): Delayed 8 second(s)

2020-08-18 17:54:29 - [MESSAGE][PASSED] - Delayed 8 second(s)

2020-08-18 17:54:29 - [TEST_STEP][PASSED] - tapAtPosition(826, 2048): Tapped at [826, 2,048]

2020-08-18 17:54:30 - [MESSAGE][PASSED] - Tapped at [826, 2,048]

2020-08-18 17:54:30 - [TEST_STEP][PASSED] - getText(findTestObject("Maya/MAE Virtual Card/android.widget.TextView0 - Your CVV is 163"), 0): Text of element 'Object Repository/Maya/MAE Virtual Card/android.widget.TextView0 - Your CVV is 163' is: 'Your CVV is 163'

2020-08-18 17:54:30 - [MESSAGE][WARNING] - Timeout '0' is invalid. Using default page load timeout: '10'

2020-08-18 17:54:32 - [MESSAGE][PASSED] - Text of element 'Object Repository/Maya/MAE Virtual Card/android.widget.TextView0 - Your CVV is 163' is: 'Your CVV is 163'

2020-08-18 17:54:32 - [TEST_STEP][PASSED] - delay(2, CONTINUE_ON_FAILURE): Delayed 2 second(s)

2020-08-18 17:54:34 - [MESSAGE][PASSED] - Delayed 2 second(s)

2020-08-18 17:54:34 - [TEST_STEP][PASSED] - takeScreenshot("C:\Users\LENOVO\Screenshot\Maybank2u\Screenshot4", STOP_ON_FAILURE): Screenshot is taken

2020-08-18 17:54:35 - [MESSAGE][PASSED] - Screenshot is taken
[[ATTACHMENT|C:\\Users\\LENOVO\\Screenshot\\Maybank2u\\Screenshot4]]

2020-08-18 17:54:35 - [TEST_STEP][PASSED] - getText(findTestObject("Maya/MAE Virtual Card/android.widget.TextView0 - Date  Time"), 0): Text of element 'Object Repository/Maya/MAE Virtual Card/android.widget.TextView0 - Date  Time' is: 'Date & time'

2020-08-18 17:54:35 - [MESSAGE][WARNING] - Timeout '0' is invalid. Using default page load timeout: '10'

2020-08-18 17:54:35 - [MESSAGE][PASSED] - Text of element 'Object Repository/Maya/MAE Virtual Card/android.widget.TextView0 - Date  Time' is: 'Date & time'

2020-08-18 17:54:35 - [TEST_STEP][PASSED] - getText(findTestObject("Maya/MAE Virtual Card/android.widget.TextView0 - 10 Aug 2020 1714 PM"), 0): Text of element 'Object Repository/Maya/MAE Virtual Card/android.widget.TextView0 - 10 Aug 2020 1714 PM' is: '18 Aug 2020, 17:54 PM'

2020-08-18 17:54:35 - [MESSAGE][WARNING] - Timeout '0' is invalid. Using default page load timeout: '10'

2020-08-18 17:54:36 - [MESSAGE][PASSED] - Text of element 'Object Repository/Maya/MAE Virtual Card/android.widget.TextView0 - 10 Aug 2020 1714 PM' is: '18 Aug 2020, 17:54 PM'

2020-08-18 17:54:36 - [TEST_STEP][PASSED] - tap(findTestObject("Maya/MAE Virtual Card/android.widget.TextView0 - Done"), 0): Tapped on element 'Object Repository/Maya/MAE Virtual Card/android.widget.TextView0 - Done'

2020-08-18 17:54:36 - [MESSAGE][WARNING] - Timeout '0' is invalid. Using default page load timeout: '10'

2020-08-18 17:54:38 - [MESSAGE][PASSED] - Tapped on element 'Object Repository/Maya/MAE Virtual Card/android.widget.TextView0 - Done'

2020-08-18 17:54:38 - [TEST_STEP][PASSED] - tap(findTestObject("Maya/MAE Virtual Card/android.widget.TextView0 - Change Card PIN"), 0): Tapped on element 'Object Repository/Maya/MAE Virtual Card/android.widget.TextView0 - Change Card PIN'

2020-08-18 17:54:38 - [MESSAGE][WARNING] - Timeout '0' is invalid. Using default page load timeout: '10'

2020-08-18 17:54:40 - [MESSAGE][PASSED] - Tapped on element 'Object Repository/Maya/MAE Virtual Card/android.widget.TextView0 - Change Card PIN'

2020-08-18 17:54:40 - [TEST_STEP][PASSED] - getText(findTestObject("Maya/MAE Virtual Card/android.widget.TextView0 - Change Card PIN (1)"), 0): Text of element 'Object Repository/Maya/MAE Virtual Card/android.widget.TextView0 - Change Card PIN (1)' is: 'Change Card PIN'

2020-08-18 17:54:40 - [MESSAGE][WARNING] - Timeout '0' is invalid. Using default page load timeout: '10'

2020-08-18 17:54:40 - [MESSAGE][PASSED] - Text of element 'Object Repository/Maya/MAE Virtual Card/android.widget.TextView0 - Change Card PIN (1)' is: 'Change Card PIN'

2020-08-18 17:54:40 - [TEST_STEP][PASSED] - getText(findTestObject("Maya/MAE Virtual Card/android.widget.TextView0 - Enter your 6-digit PIN"), 0): Text of element 'Object Repository/Maya/MAE Virtual Card/android.widget.TextView0 - Enter your 6-digit PIN' is: 'Enter your 6-digit PIN'

2020-08-18 17:54:40 - [MESSAGE][WARNING] - Timeout '0' is invalid. Using default page load timeout: '10'

2020-08-18 17:54:41 - [MESSAGE][PASSED] - Text of element 'Object Repository/Maya/MAE Virtual Card/android.widget.TextView0 - Enter your 6-digit PIN' is: 'Enter your 6-digit PIN'

2020-08-18 17:54:41 - [TEST_STEP][PASSED] - getText(findTestObject("Maya/MAE Virtual Card/android.widget.TextView0 - This PIN will be used for ATM withdrawals and purchases."), 0): Text of element 'Object Repository/Maya/MAE Virtual Card/android.widget.TextView0 - This PIN will be used for ATM withdrawals and purchases.' is: 'This PIN will be used for ATM withdrawals and purchases.'

2020-08-18 17:54:41 - [MESSAGE][WARNING] - Timeout '0' is invalid. Using default page load timeout: '10'

2020-08-18 17:54:41 - [MESSAGE][PASSED] - Text of element 'Object Repository/Maya/MAE Virtual Card/android.widget.TextView0 - This PIN will be used for ATM withdrawals and purchases.' is: 'This PIN will be used for ATM withdrawals and purchases.'

2020-08-18 17:54:41 - [TEST_STEP][PASSED] - delay(2, CONTINUE_ON_FAILURE): Delayed 2 second(s)

2020-08-18 17:54:43 - [MESSAGE][PASSED] - Delayed 2 second(s)

2020-08-18 17:54:43 - [TEST_STEP][PASSED] - takeScreenshot("C:\Users\LENOVO\Screenshot\Maybank2u\Screenshot5", STOP_ON_FAILURE): Screenshot is taken

2020-08-18 17:54:44 - [MESSAGE][PASSED] - Screenshot is taken
[[ATTACHMENT|C:\\Users\\LENOVO\\Screenshot\\Maybank2u\\Screenshot5]]

2020-08-18 17:54:44 - [TEST_STEP][PASSED] - tap(findTestObject("Maya/MAE Virtual Card/android.widget.TextView0 - 2 (1)"), 0): Tapped on element 'Object Repository/Maya/MAE Virtual Card/android.widget.TextView0 - 2 (1)'

2020-08-18 17:54:44 - [MESSAGE][WARNING] - Timeout '0' is invalid. Using default page load timeout: '10'

2020-08-18 17:54:46 - [MESSAGE][PASSED] - Tapped on element 'Object Repository/Maya/MAE Virtual Card/android.widget.TextView0 - 2 (1)'

2020-08-18 17:54:46 - [TEST_STEP][PASSED] - tap(findTestObject("Maya/MAE Virtual Card/android.widget.TextView0 - 3 (1)"), 0): Tapped on element 'Object Repository/Maya/MAE Virtual Card/android.widget.TextView0 - 3 (1)'

2020-08-18 17:54:46 - [MESSAGE][WARNING] - Timeout '0' is invalid. Using default page load timeout: '10'

2020-08-18 17:54:48 - [MESSAGE][PASSED] - Tapped on element 'Object Repository/Maya/MAE Virtual Card/android.widget.TextView0 - 3 (1)'

2020-08-18 17:54:48 - [TEST_STEP][PASSED] - tap(findTestObject("Maya/MAE Virtual Card/android.widget.TextView0 - 0 (1)"), 0): Tapped on element 'Object Repository/Maya/MAE Virtual Card/android.widget.TextView0 - 0 (1)'

2020-08-18 17:54:48 - [MESSAGE][WARNING] - Timeout '0' is invalid. Using default page load timeout: '10'

2020-08-18 17:54:50 - [MESSAGE][PASSED] - Tapped on element 'Object Repository/Maya/MAE Virtual Card/android.widget.TextView0 - 0 (1)'

2020-08-18 17:54:50 - [TEST_STEP][PASSED] - tap(findTestObject("Maya/MAE Virtual Card/android.widget.TextView0 - 9 (1)"), 0): Tapped on element 'Object Repository/Maya/MAE Virtual Card/android.widget.TextView0 - 9 (1)'

2020-08-18 17:54:51 - [MESSAGE][WARNING] - Timeout '0' is invalid. Using default page load timeout: '10'

2020-08-18 17:54:53 - [MESSAGE][PASSED] - Tapped on element 'Object Repository/Maya/MAE Virtual Card/android.widget.TextView0 - 9 (1)'

2020-08-18 17:54:53 - [TEST_STEP][PASSED] - tap(findTestObject("Maya/MAE Virtual Card/android.widget.TextView0 - 9 (1)"), 0): Tapped on element 'Object Repository/Maya/MAE Virtual Card/android.widget.TextView0 - 9 (1)'

2020-08-18 17:54:53 - [MESSAGE][WARNING] - Timeout '0' is invalid. Using default page load timeout: '10'

2020-08-18 17:54:55 - [MESSAGE][PASSED] - Tapped on element 'Object Repository/Maya/MAE Virtual Card/android.widget.TextView0 - 9 (1)'

2020-08-18 17:54:55 - [TEST_STEP][PASSED] - tap(findTestObject("Maya/MAE Virtual Card/android.widget.TextView0 - 1"), 0): Tapped on element 'Object Repository/Maya/MAE Virtual Card/android.widget.TextView0 - 1'

2020-08-18 17:54:55 - [MESSAGE][WARNING] - Timeout '0' is invalid. Using default page load timeout: '10'

2020-08-18 17:54:57 - [MESSAGE][PASSED] - Tapped on element 'Object Repository/Maya/MAE Virtual Card/android.widget.TextView0 - 1'

2020-08-18 17:54:57 - [TEST_STEP][PASSED] - tap(findTestObject("Maya/MAE Virtual Card/android.widget.ImageView0 (1)"), 0): Tapped on element 'Object Repository/Maya/MAE Virtual Card/android.widget.ImageView0 (1)'

2020-08-18 17:54:57 - [MESSAGE][WARNING] - Timeout '0' is invalid. Using default page load timeout: '10'

2020-08-18 17:54:58 - [MESSAGE][PASSED] - Tapped on element 'Object Repository/Maya/MAE Virtual Card/android.widget.ImageView0 (1)'

2020-08-18 17:54:58 - [TEST_STEP][PASSED] - tap(findTestObject("Maya/MAE Virtual Card/android.widget.TextView0 - 2 (1)"), 0): Tapped on element 'Object Repository/Maya/MAE Virtual Card/android.widget.TextView0 - 2 (1)'

2020-08-18 17:54:58 - [MESSAGE][WARNING] - Timeout '0' is invalid. Using default page load timeout: '10'

2020-08-18 17:55:01 - [MESSAGE][PASSED] - Tapped on element 'Object Repository/Maya/MAE Virtual Card/android.widget.TextView0 - 2 (1)'

2020-08-18 17:55:01 - [TEST_STEP][PASSED] - tap(findTestObject("Maya/MAE Virtual Card/android.widget.TextView0 - 3 (1)"), 0): Tapped on element 'Object Repository/Maya/MAE Virtual Card/android.widget.TextView0 - 3 (1)'

2020-08-18 17:55:01 - [MESSAGE][WARNING] - Timeout '0' is invalid. Using default page load timeout: '10'

2020-08-18 17:55:03 - [MESSAGE][PASSED] - Tapped on element 'Object Repository/Maya/MAE Virtual Card/android.widget.TextView0 - 3 (1)'

2020-08-18 17:55:03 - [TEST_STEP][PASSED] - tap(findTestObject("Maya/MAE Virtual Card/android.widget.TextView0 - 0 (1)"), 0): Tapped on element 'Object Repository/Maya/MAE Virtual Card/android.widget.TextView0 - 0 (1)'

2020-08-18 17:55:03 - [MESSAGE][WARNING] - Timeout '0' is invalid. Using default page load timeout: '10'

2020-08-18 17:55:05 - [MESSAGE][PASSED] - Tapped on element 'Object Repository/Maya/MAE Virtual Card/android.widget.TextView0 - 0 (1)'

2020-08-18 17:55:05 - [TEST_STEP][PASSED] - tap(findTestObject("Maya/MAE Virtual Card/android.widget.TextView0 - 9 (1)"), 0): Tapped on element 'Object Repository/Maya/MAE Virtual Card/android.widget.TextView0 - 9 (1)'

2020-08-18 17:55:06 - [MESSAGE][WARNING] - Timeout '0' is invalid. Using default page load timeout: '10'

2020-08-18 17:55:08 - [MESSAGE][PASSED] - Tapped on element 'Object Repository/Maya/MAE Virtual Card/android.widget.TextView0 - 9 (1)'

2020-08-18 17:55:08 - [TEST_STEP][PASSED] - tap(findTestObject("Maya/MAE Virtual Card/android.widget.TextView0 - 9 (1)"), 0): Tapped on element 'Object Repository/Maya/MAE Virtual Card/android.widget.TextView0 - 9 (1)'

2020-08-18 17:55:08 - [MESSAGE][WARNING] - Timeout '0' is invalid. Using default page load timeout: '10'

2020-08-18 17:55:10 - [MESSAGE][PASSED] - Tapped on element 'Object Repository/Maya/MAE Virtual Card/android.widget.TextView0 - 9 (1)'

2020-08-18 17:55:10 - [TEST_STEP][PASSED] - tap(findTestObject("Maya/MAE Virtual Card/android.widget.TextView0 - 1"), 0): Tapped on element 'Object Repository/Maya/MAE Virtual Card/android.widget.TextView0 - 1'

2020-08-18 17:55:10 - [MESSAGE][WARNING] - Timeout '0' is invalid. Using default page load timeout: '10'

2020-08-18 17:55:12 - [MESSAGE][PASSED] - Tapped on element 'Object Repository/Maya/MAE Virtual Card/android.widget.TextView0 - 1'

2020-08-18 17:55:12 - [TEST_STEP][PASSED] - tap(findTestObject("Maya/MAE Virtual Card/android.widget.ImageView0 (1)"), 0): Tapped on element 'Object Repository/Maya/MAE Virtual Card/android.widget.ImageView0 (1)'

2020-08-18 17:55:12 - [MESSAGE][WARNING] - Timeout '0' is invalid. Using default page load timeout: '10'

2020-08-18 17:55:13 - [MESSAGE][PASSED] - Tapped on element 'Object Repository/Maya/MAE Virtual Card/android.widget.ImageView0 (1)'

2020-08-18 17:55:13 - [TEST_STEP][NOT_RUN] - tap(findTestObject("Maya/Nric Proxy Army/android.widget.TextView0 - Confirm (2)"), 0): NOT_RUN: tap(findTestObject("Maya/Nric Proxy Army/android.widget.TextView0 - Confirm (2)"), 0)

2020-08-18 17:55:13 - [MESSAGE][NOT_RUN] - NOT_RUN: tap(findTestObject("Maya/Nric Proxy Army/android.widget.TextView0 - Confirm (2)"), 0)

2020-08-18 17:55:13 - [TEST_STEP][PASSED] - otpM = getText(findTestObject("Maya/MAE Virtual Card/android.widget.TextView0 - Your Otp no. is 247036"), 0): Text of element 'Object Repository/Maya/MAE Virtual Card/android.widget.TextView0 - Your Otp no. is 247036' is: 'Your Otp no. is 944371'

2020-08-18 17:55:13 - [MESSAGE][WARNING] - Timeout '0' is invalid. Using default page load timeout: '10'

2020-08-18 17:55:15 - [MESSAGE][PASSED] - Text of element 'Object Repository/Maya/MAE Virtual Card/android.widget.TextView0 - Your Otp no. is 247036' is: 'Your Otp no. is 944371'

2020-08-18 17:55:15 - [TEST_STEP][PASSED] - delay(2): Delayed 2 second(s)

2020-08-18 17:55:17 - [MESSAGE][PASSED] - Delayed 2 second(s)

2020-08-18 17:55:17 - [TEST_STEP][PASSED] - for ([i = 16, i <= 21, (i++)]): null

2020-08-18 17:55:17 - [TEST_STEP][PASSED] - delay(3, STOP_ON_FAILURE): Delayed 3 second(s)

2020-08-18 17:55:20 - [MESSAGE][PASSED] - Delayed 3 second(s)

2020-08-18 17:55:20 - [TEST_STEP][PASSED] - if (otpM[i] == "0"): null

2020-08-18 17:55:20 - [TEST_STEP][PASSED] - if (otpM[i] == "1"): null

2020-08-18 17:55:20 - [TEST_STEP][PASSED] - if (otpM[i] == "2"): null

2020-08-18 17:55:20 - [TEST_STEP][PASSED] - if (otpM[i] == "3"): null

2020-08-18 17:55:20 - [TEST_STEP][PASSED] - if (otpM[i] == "4"): null

2020-08-18 17:55:20 - [TEST_STEP][PASSED] - if (otpM[i] == "5"): null

2020-08-18 17:55:20 - [TEST_STEP][PASSED] - if (otpM[i] == "6"): null

2020-08-18 17:55:20 - [TEST_STEP][PASSED] - if (otpM[i] == "7"): null

2020-08-18 17:55:20 - [TEST_STEP][PASSED] - if (otpM[i] == "8"): null

2020-08-18 17:55:20 - [TEST_STEP][PASSED] - if (otpM[i] == "9"): Tapped on element 'Object Repository/Maya/login again/Spy- 9'

2020-08-18 17:55:20 - [TEST_STEP][PASSED] - delay(1, STOP_ON_FAILURE): Delayed 1 second(s)

2020-08-18 17:55:21 - [MESSAGE][PASSED] - Delayed 1 second(s)

2020-08-18 17:55:21 - [TEST_STEP][PASSED] - tap(findTestObject("Maya/login again/Spy- 9"), 0): Tapped on element 'Object Repository/Maya/login again/Spy- 9'

2020-08-18 17:55:21 - [MESSAGE][WARNING] - Timeout '0' is invalid. Using default page load timeout: '10'

2020-08-18 17:55:24 - [MESSAGE][PASSED] - Tapped on element 'Object Repository/Maya/login again/Spy- 9'

2020-08-18 17:55:24 - [TEST_STEP][PASSED] - delay(3, STOP_ON_FAILURE): Delayed 3 second(s)

2020-08-18 17:55:27 - [MESSAGE][PASSED] - Delayed 3 second(s)

2020-08-18 17:55:27 - [TEST_STEP][PASSED] - if (otpM[i] == "0"): null

2020-08-18 17:55:27 - [TEST_STEP][PASSED] - if (otpM[i] == "1"): null

2020-08-18 17:55:27 - [TEST_STEP][PASSED] - if (otpM[i] == "2"): null

2020-08-18 17:55:27 - [TEST_STEP][PASSED] - if (otpM[i] == "3"): null

2020-08-18 17:55:27 - [TEST_STEP][PASSED] - if (otpM[i] == "4"): Tapped on element 'Object Repository/Maya/login again/Spy - 4'

2020-08-18 17:55:27 - [TEST_STEP][PASSED] - delay(1, STOP_ON_FAILURE): Delayed 1 second(s)

2020-08-18 17:55:28 - [MESSAGE][PASSED] - Delayed 1 second(s)

2020-08-18 17:55:28 - [TEST_STEP][PASSED] - tap(findTestObject("Maya/login again/Spy - 4"), 0): Tapped on element 'Object Repository/Maya/login again/Spy - 4'

2020-08-18 17:55:28 - [MESSAGE][WARNING] - Timeout '0' is invalid. Using default page load timeout: '10'

2020-08-18 17:55:30 - [MESSAGE][PASSED] - Tapped on element 'Object Repository/Maya/login again/Spy - 4'

2020-08-18 17:55:30 - [TEST_STEP][PASSED] - if (otpM[i] == "5"): null

2020-08-18 17:55:30 - [TEST_STEP][PASSED] - if (otpM[i] == "6"): null

2020-08-18 17:55:30 - [TEST_STEP][PASSED] - if (otpM[i] == "7"): null

2020-08-18 17:55:30 - [TEST_STEP][PASSED] - if (otpM[i] == "8"): null

2020-08-18 17:55:30 - [TEST_STEP][PASSED] - if (otpM[i] == "9"): null

2020-08-18 17:55:30 - [TEST_STEP][PASSED] - delay(3, STOP_ON_FAILURE): Delayed 3 second(s)

2020-08-18 17:55:33 - [MESSAGE][PASSED] - Delayed 3 second(s)

2020-08-18 17:55:33 - [TEST_STEP][PASSED] - if (otpM[i] == "0"): null

2020-08-18 17:55:33 - [TEST_STEP][PASSED] - if (otpM[i] == "1"): null

2020-08-18 17:55:33 - [TEST_STEP][PASSED] - if (otpM[i] == "2"): null

2020-08-18 17:55:33 - [TEST_STEP][PASSED] - if (otpM[i] == "3"): null

2020-08-18 17:55:33 - [TEST_STEP][PASSED] - if (otpM[i] == "4"): Tapped on element 'Object Repository/Maya/login again/Spy - 4'

2020-08-18 17:55:33 - [TEST_STEP][PASSED] - delay(1, STOP_ON_FAILURE): Delayed 1 second(s)

2020-08-18 17:55:34 - [MESSAGE][PASSED] - Delayed 1 second(s)

2020-08-18 17:55:34 - [TEST_STEP][PASSED] - tap(findTestObject("Maya/login again/Spy - 4"), 0): Tapped on element 'Object Repository/Maya/login again/Spy - 4'

2020-08-18 17:55:34 - [MESSAGE][WARNING] - Timeout '0' is invalid. Using default page load timeout: '10'

2020-08-18 17:55:37 - [MESSAGE][PASSED] - Tapped on element 'Object Repository/Maya/login again/Spy - 4'

2020-08-18 17:55:37 - [TEST_STEP][PASSED] - if (otpM[i] == "5"): null

2020-08-18 17:55:37 - [TEST_STEP][PASSED] - if (otpM[i] == "6"): null

2020-08-18 17:55:37 - [TEST_STEP][PASSED] - if (otpM[i] == "7"): null

2020-08-18 17:55:37 - [TEST_STEP][PASSED] - if (otpM[i] == "8"): null

2020-08-18 17:55:37 - [TEST_STEP][PASSED] - if (otpM[i] == "9"): null

2020-08-18 17:55:37 - [TEST_STEP][PASSED] - delay(3, STOP_ON_FAILURE): Delayed 3 second(s)

2020-08-18 17:55:40 - [MESSAGE][PASSED] - Delayed 3 second(s)

2020-08-18 17:55:40 - [TEST_STEP][PASSED] - if (otpM[i] == "0"): null

2020-08-18 17:55:40 - [TEST_STEP][PASSED] - if (otpM[i] == "1"): null

2020-08-18 17:55:40 - [TEST_STEP][PASSED] - if (otpM[i] == "2"): null

2020-08-18 17:55:40 - [TEST_STEP][PASSED] - if (otpM[i] == "3"): Tapped on element 'Object Repository/Maya/login again/Spy- 3'

2020-08-18 17:55:40 - [TEST_STEP][PASSED] - delay(1, STOP_ON_FAILURE): Delayed 1 second(s)

2020-08-18 17:55:41 - [MESSAGE][PASSED] - Delayed 1 second(s)

2020-08-18 17:55:41 - [TEST_STEP][NOT_RUN] - tap(findTestObject("MAYA SIT v118/spy/TAC - keypad 3"), 0): NOT_RUN: tap(findTestObject("MAYA SIT v118/spy/TAC - keypad 3"), 0)

2020-08-18 17:55:41 - [MESSAGE][NOT_RUN] - NOT_RUN: tap(findTestObject("MAYA SIT v118/spy/TAC - keypad 3"), 0)

2020-08-18 17:55:41 - [TEST_STEP][PASSED] - tap(findTestObject("Maya/login again/Spy- 3"), 0): Tapped on element 'Object Repository/Maya/login again/Spy- 3'

2020-08-18 17:55:41 - [MESSAGE][WARNING] - Timeout '0' is invalid. Using default page load timeout: '10'

2020-08-18 17:55:43 - [MESSAGE][PASSED] - Tapped on element 'Object Repository/Maya/login again/Spy- 3'

2020-08-18 17:55:43 - [TEST_STEP][PASSED] - if (otpM[i] == "4"): null

2020-08-18 17:55:43 - [TEST_STEP][PASSED] - if (otpM[i] == "5"): null

2020-08-18 17:55:43 - [TEST_STEP][PASSED] - if (otpM[i] == "6"): null

2020-08-18 17:55:43 - [TEST_STEP][PASSED] - if (otpM[i] == "7"): null

2020-08-18 17:55:43 - [TEST_STEP][PASSED] - if (otpM[i] == "8"): null

2020-08-18 17:55:43 - [TEST_STEP][PASSED] - if (otpM[i] == "9"): null

2020-08-18 17:55:43 - [TEST_STEP][PASSED] - delay(3, STOP_ON_FAILURE): Delayed 3 second(s)

2020-08-18 17:55:46 - [MESSAGE][PASSED] - Delayed 3 second(s)

2020-08-18 17:55:46 - [TEST_STEP][PASSED] - if (otpM[i] == "0"): null

2020-08-18 17:55:46 - [TEST_STEP][PASSED] - if (otpM[i] == "1"): null

2020-08-18 17:55:46 - [TEST_STEP][PASSED] - if (otpM[i] == "2"): null

2020-08-18 17:55:46 - [TEST_STEP][PASSED] - if (otpM[i] == "3"): null

2020-08-18 17:55:46 - [TEST_STEP][PASSED] - if (otpM[i] == "4"): null

2020-08-18 17:55:46 - [TEST_STEP][PASSED] - if (otpM[i] == "5"): null

2020-08-18 17:55:46 - [TEST_STEP][PASSED] - if (otpM[i] == "6"): null

2020-08-18 17:55:46 - [TEST_STEP][PASSED] - if (otpM[i] == "7"): Tapped on element 'Object Repository/Maya/login again/Spy - 7'

2020-08-18 17:55:46 - [TEST_STEP][PASSED] - delay(1, STOP_ON_FAILURE): Delayed 1 second(s)

2020-08-18 17:55:47 - [MESSAGE][PASSED] - Delayed 1 second(s)

2020-08-18 17:55:47 - [TEST_STEP][PASSED] - tap(findTestObject("Maya/login again/Spy - 7"), 0): Tapped on element 'Object Repository/Maya/login again/Spy - 7'

2020-08-18 17:55:47 - [MESSAGE][WARNING] - Timeout '0' is invalid. Using default page load timeout: '10'

2020-08-18 17:55:49 - [MESSAGE][PASSED] - Tapped on element 'Object Repository/Maya/login again/Spy - 7'

2020-08-18 17:55:49 - [TEST_STEP][PASSED] - if (otpM[i] == "8"): null

2020-08-18 17:55:49 - [TEST_STEP][PASSED] - if (otpM[i] == "9"): null

2020-08-18 17:55:49 - [TEST_STEP][PASSED] - delay(3, STOP_ON_FAILURE): Delayed 3 second(s)

2020-08-18 17:55:52 - [MESSAGE][PASSED] - Delayed 3 second(s)

2020-08-18 17:55:52 - [TEST_STEP][PASSED] - if (otpM[i] == "0"): null

2020-08-18 17:55:52 - [TEST_STEP][PASSED] - if (otpM[i] == "1"): Tapped on element 'Object Repository/Maya/login again/Spy - 1'

2020-08-18 17:55:52 - [TEST_STEP][PASSED] - delay(1, STOP_ON_FAILURE): Delayed 1 second(s)

2020-08-18 17:55:53 - [MESSAGE][PASSED] - Delayed 1 second(s)

2020-08-18 17:55:53 - [TEST_STEP][PASSED] - tap(findTestObject("Maya/login again/Spy - 1"), 0): Tapped on element 'Object Repository/Maya/login again/Spy - 1'

2020-08-18 17:55:53 - [MESSAGE][WARNING] - Timeout '0' is invalid. Using default page load timeout: '10'

2020-08-18 17:55:56 - [MESSAGE][PASSED] - Tapped on element 'Object Repository/Maya/login again/Spy - 1'

2020-08-18 17:55:56 - [TEST_STEP][PASSED] - if (otpM[i] == "2"): null

2020-08-18 17:55:56 - [TEST_STEP][PASSED] - if (otpM[i] == "3"): null

2020-08-18 17:55:56 - [TEST_STEP][PASSED] - if (otpM[i] == "4"): null

2020-08-18 17:55:56 - [TEST_STEP][PASSED] - if (otpM[i] == "5"): null

2020-08-18 17:55:56 - [TEST_STEP][PASSED] - if (otpM[i] == "6"): null

2020-08-18 17:55:56 - [TEST_STEP][PASSED] - if (otpM[i] == "7"): null

2020-08-18 17:55:56 - [TEST_STEP][PASSED] - if (otpM[i] == "8"): null

2020-08-18 17:55:56 - [TEST_STEP][PASSED] - if (otpM[i] == "9"): null

2020-08-18 17:55:56 - [TEST_STEP][PASSED] - delay(8, STOP_ON_FAILURE): Delayed 8 second(s)

2020-08-18 17:56:04 - [MESSAGE][PASSED] - Delayed 8 second(s)

2020-08-18 17:56:04 - [TEST_STEP][PASSED] - tapAtPosition(826, 2048): Tapped at [826, 2,048]

2020-08-18 17:56:04 - [MESSAGE][PASSED] - Tapped at [826, 2,048]

2020-08-18 17:56:04 - [TEST_STEP][PASSED] - getText(findTestObject("Maya/MAE Virtual Card/android.widget.TextView0 - Card PIN successfully changed."), 0): Text of element 'Object Repository/Maya/MAE Virtual Card/android.widget.TextView0 - Card PIN successfully changed.' is: 'Card PIN successfully changed.'

2020-08-18 17:56:04 - [MESSAGE][WARNING] - Timeout '0' is invalid. Using default page load timeout: '10'

2020-08-18 17:56:06 - [MESSAGE][PASSED] - Text of element 'Object Repository/Maya/MAE Virtual Card/android.widget.TextView0 - Card PIN successfully changed.' is: 'Card PIN successfully changed.'

2020-08-18 17:56:06 - [TEST_STEP][PASSED] - delay(2, CONTINUE_ON_FAILURE): Delayed 2 second(s)

2020-08-18 17:56:08 - [MESSAGE][PASSED] - Delayed 2 second(s)

2020-08-18 17:56:08 - [TEST_STEP][PASSED] - takeScreenshot("C:\Users\LENOVO\Screenshot\Maybank2u\Screenshot6", STOP_ON_FAILURE): Screenshot is taken

2020-08-18 17:56:09 - [MESSAGE][PASSED] - Screenshot is taken
[[ATTACHMENT|C:\\Users\\LENOVO\\Screenshot\\Maybank2u\\Screenshot6]]

2020-08-18 17:56:09 - [TEST_STEP][PASSED] - getText(findTestObject("Maya/MAE Virtual Card/android.widget.TextView0 - Reference ID"), 0): Text of element 'Object Repository/Maya/MAE Virtual Card/android.widget.TextView0 - Reference ID' is: 'Reference ID'

2020-08-18 17:56:09 - [MESSAGE][WARNING] - Timeout '0' is invalid. Using default page load timeout: '10'

2020-08-18 17:56:10 - [MESSAGE][PASSED] - Text of element 'Object Repository/Maya/MAE Virtual Card/android.widget.TextView0 - Reference ID' is: 'Reference ID'

2020-08-18 17:56:10 - [TEST_STEP][PASSED] - getText(findTestObject("Maya/MAE Virtual Card/android.widget.TextView0 - 17180714347M"), 0): Text of element 'Object Repository/Maya/MAE Virtual Card/android.widget.TextView0 - 17180714347M' is: '17180761192M'

2020-08-18 17:56:10 - [MESSAGE][WARNING] - Timeout '0' is invalid. Using default page load timeout: '10'

2020-08-18 17:56:10 - [MESSAGE][PASSED] - Text of element 'Object Repository/Maya/MAE Virtual Card/android.widget.TextView0 - 17180714347M' is: '17180761192M'

2020-08-18 17:56:10 - [TEST_STEP][FAILED] - getText(findTestObject("Maya/MAE Virtual Card/android.widget.TextView0 - Date  Time (1)"), 0): Object Object Repository/Maya/MAE Virtual Card/android.widget.TextView0 - Date  Time (1) not found

2020-08-18 17:56:10 - [MESSAGE][WARNING] - Timeout '0' is invalid. Using default page load timeout: '10'

2020-08-18 17:56:21 - [MESSAGE][FAILED] - Object Object Repository/Maya/MAE Virtual Card/android.widget.TextView0 - Date  Time (1) not found
[[ATTACHMENT|C:\\Users\\LENOVO\\Git_new\\Maya\\Reports\\20200818_175208\\Maya UAT\\UAT Test Suite\\20200818_175208\\1597744581068.png]]

2020-08-18 17:56:21 - [TEST_STEP][PASSED] - getText(findTestObject("Maya/MAE Virtual Card/android.widget.TextView0 - 10 Aug 2020 1717 PM"), 0): Text of element 'Object Repository/Maya/MAE Virtual Card/android.widget.TextView0 - 10 Aug 2020 1717 PM' is: '18 Aug 2020, 17:56 PM'

2020-08-18 17:56:22 - [MESSAGE][WARNING] - Timeout '0' is invalid. Using default page load timeout: '10'

2020-08-18 17:56:22 - [MESSAGE][PASSED] - Text of element 'Object Repository/Maya/MAE Virtual Card/android.widget.TextView0 - 10 Aug 2020 1717 PM' is: '18 Aug 2020, 17:56 PM'

2020-08-18 17:56:22 - [TEST_STEP][PASSED] - tap(findTestObject("Maya/MAE Virtual Card/android.widget.TextView0 - Done"), 0): Tapped on element 'Object Repository/Maya/MAE Virtual Card/android.widget.TextView0 - Done'

2020-08-18 17:56:22 - [MESSAGE][WARNING] - Timeout '0' is invalid. Using default page load timeout: '10'

2020-08-18 17:56:24 - [MESSAGE][PASSED] - Tapped on element 'Object Repository/Maya/MAE Virtual Card/android.widget.TextView0 - Done'

2020-08-18 17:56:24 - [TEST_STEP][PASSED] - tap(findTestObject("Maya/MAE Virtual Card/android.widget.TextView0 - Apply for Physical MAE Card"), 0): Tapped on element 'Object Repository/Maya/MAE Virtual Card/android.widget.TextView0 - Apply for Physical MAE Card'

2020-08-18 17:56:24 - [MESSAGE][WARNING] - Timeout '0' is invalid. Using default page load timeout: '10'

2020-08-18 17:56:27 - [MESSAGE][PASSED] - Tapped on element 'Object Repository/Maya/MAE Virtual Card/android.widget.TextView0 - Apply for Physical MAE Card'

2020-08-18 17:56:27 - [TEST_STEP][NOT_RUN] - getText(findTestObject("Maya/MAE Virtual Card/android.widget.TextView0 - Card Management"), 0): NOT_RUN: getText(findTestObject("Maya/MAE Virtual Card/android.widget.TextView0 - Card Management"), 0)

2020-08-18 17:56:27 - [MESSAGE][NOT_RUN] - NOT_RUN: getText(findTestObject("Maya/MAE Virtual Card/android.widget.TextView0 - Card Management"), 0)

2020-08-18 17:56:27 - [TEST_STEP][PASSED] - getText(findTestObject("Maya/MAE Virtual Card/android.widget.TextView0 - Get a MAE card delivered straight to your home."), 0): Text of element 'Object Repository/Maya/MAE Virtual Card/android.widget.TextView0 - Get a MAE card delivered straight to your home.' is: 'Get a MAE card delivered straight to your home.'

2020-08-18 17:56:27 - [MESSAGE][WARNING] - Timeout '0' is invalid. Using default page load timeout: '10'

2020-08-18 17:56:27 - [MESSAGE][PASSED] - Text of element 'Object Repository/Maya/MAE Virtual Card/android.widget.TextView0 - Get a MAE card delivered straight to your home.' is: 'Get a MAE card delivered straight to your home.'

2020-08-18 17:56:27 - [TEST_STEP][PASSED] - delay(2, CONTINUE_ON_FAILURE): Delayed 2 second(s)

2020-08-18 17:56:29 - [MESSAGE][PASSED] - Delayed 2 second(s)

2020-08-18 17:56:29 - [TEST_STEP][PASSED] - takeScreenshot("C:\Users\LENOVO\Screenshot\Maybank2u\Screenshot10", STOP_ON_FAILURE): Screenshot is taken

2020-08-18 17:56:30 - [MESSAGE][PASSED] - Screenshot is taken
[[ATTACHMENT|C:\\Users\\LENOVO\\Screenshot\\Maybank2u\\Screenshot10]]

2020-08-18 17:56:30 - [TEST_STEP][PASSED] - getText(findTestObject("Maya/MAE Virtual Card/android.widget.TextView0 - Note RM 8.00 fee will be charged for card application."), 0): Text of element 'Object Repository/Maya/MAE Virtual Card/android.widget.TextView0 - Note RM 8.00 fee will be charged for card application.' is: 'Note: RM 8.00 fee will be charged for card application.'

2020-08-18 17:56:30 - [MESSAGE][WARNING] - Timeout '0' is invalid. Using default page load timeout: '10'

2020-08-18 17:56:30 - [MESSAGE][PASSED] - Text of element 'Object Repository/Maya/MAE Virtual Card/android.widget.TextView0 - Note RM 8.00 fee will be charged for card application.' is: 'Note: RM 8.00 fee will be charged for card application.'

2020-08-18 17:56:30 - [TEST_STEP][PASSED] - delay(2, CONTINUE_ON_FAILURE): Delayed 2 second(s)

2020-08-18 17:56:32 - [MESSAGE][PASSED] - Delayed 2 second(s)

2020-08-18 17:56:32 - [TEST_STEP][PASSED] - takeScreenshot("C:\Users\LENOVO\Screenshot\Maybank2u\Screenshot7", STOP_ON_FAILURE): Screenshot is taken

2020-08-18 17:56:33 - [MESSAGE][PASSED] - Screenshot is taken
[[ATTACHMENT|C:\\Users\\LENOVO\\Screenshot\\Maybank2u\\Screenshot7]]

2020-08-18 17:56:33 - [TEST_STEP][PASSED] - getText(findTestObject("Maya/MAE Virtual Card/android.widget.TextView0 - Benefits"), 0): Text of element 'Object Repository/Maya/MAE Virtual Card/android.widget.TextView0 - Benefits' is: 'Benefits'

2020-08-18 17:56:33 - [MESSAGE][WARNING] - Timeout '0' is invalid. Using default page load timeout: '10'

2020-08-18 17:56:33 - [MESSAGE][PASSED] - Text of element 'Object Repository/Maya/MAE Virtual Card/android.widget.TextView0 - Benefits' is: 'Benefits'

2020-08-18 17:56:33 - [TEST_STEP][PASSED] - getText(findTestObject("Maya/MAE Virtual Card/android.widget.TextView0 - Free unlimited withdrawals at Maybank ATMs."), 0): Text of element 'Object Repository/Maya/MAE Virtual Card/android.widget.TextView0 - Free unlimited withdrawals at Maybank ATMs.' is: 'Free unlimited withdrawals at Maybank ATMs.'

2020-08-18 17:56:33 - [MESSAGE][WARNING] - Timeout '0' is invalid. Using default page load timeout: '10'

2020-08-18 17:56:34 - [MESSAGE][PASSED] - Text of element 'Object Repository/Maya/MAE Virtual Card/android.widget.TextView0 - Free unlimited withdrawals at Maybank ATMs.' is: 'Free unlimited withdrawals at Maybank ATMs.'

2020-08-18 17:56:34 - [TEST_STEP][PASSED] - getText(findTestObject("Maya/MAE Virtual Card/android.widget.TextView0 - Attractive currency exchange rates for all your overseas spending."), 0): Text of element 'Object Repository/Maya/MAE Virtual Card/android.widget.TextView0 - Attractive currency exchange rates for all your overseas spending.' is: 'Attractive currency exchange rates for all your overseas spending.'

2020-08-18 17:56:34 - [MESSAGE][WARNING] - Timeout '0' is invalid. Using default page load timeout: '10'

2020-08-18 17:56:34 - [MESSAGE][PASSED] - Text of element 'Object Repository/Maya/MAE Virtual Card/android.widget.TextView0 - Attractive currency exchange rates for all your overseas spending.' is: 'Attractive currency exchange rates for all your overseas spending.'

2020-08-18 17:56:34 - [TEST_STEP][PASSED] - tap(findTestObject("Maya/MAE Virtual Card/android.widget.TextView0 - Continue"), 0): Tapped on element 'Object Repository/Maya/MAE Virtual Card/android.widget.TextView0 - Continue'

2020-08-18 17:56:34 - [MESSAGE][WARNING] - Timeout '0' is invalid. Using default page load timeout: '10'

2020-08-18 17:56:36 - [MESSAGE][PASSED] - Tapped on element 'Object Repository/Maya/MAE Virtual Card/android.widget.TextView0 - Continue'

2020-08-18 17:56:36 - [TEST_STEP][PASSED] - getText(findTestObject("Maya/MAE Virtual Card/android.widget.TextView0 - Insufficient Balance"), 0): Text of element 'Object Repository/Maya/MAE Virtual Card/android.widget.TextView0 - Insufficient Balance' is: 'Insufficient Balance'

2020-08-18 17:56:36 - [MESSAGE][WARNING] - Timeout '0' is invalid. Using default page load timeout: '10'

2020-08-18 17:56:36 - [MESSAGE][PASSED] - Text of element 'Object Repository/Maya/MAE Virtual Card/android.widget.TextView0 - Insufficient Balance' is: 'Insufficient Balance'

2020-08-18 17:56:36 - [TEST_STEP][PASSED] - getText(findTestObject("Maya/MAE Virtual Card/android.widget.TextView0 - Looks like you dont have enough balance to apply for a MAE card. RM8 is required for MAE card application. Please top up your MAE account to proceed."), 0): Text of element 'Object Repository/Maya/MAE Virtual Card/android.widget.TextView0 - Looks like you dont have enough balance to apply for a MAE card. RM8 is required for MAE card application. Please top up your MAE account to proceed.' is: 'Looks like you don't have enough balance to apply for a MAE card. RM8 is required for MAE card application. Please top up your MAE account to proceed.'

2020-08-18 17:56:36 - [MESSAGE][WARNING] - Timeout '0' is invalid. Using default page load timeout: '10'

2020-08-18 17:56:37 - [MESSAGE][PASSED] - Text of element 'Object Repository/Maya/MAE Virtual Card/android.widget.TextView0 - Looks like you dont have enough balance to apply for a MAE card. RM8 is required for MAE card application. Please top up your MAE account to proceed.' is: 'Looks like you don't have enough balance to apply for a MAE card. RM8 is required for MAE card application. Please top up your MAE account to proceed.'

2020-08-18 17:56:37 - [TEST_STEP][PASSED] - getText(findTestObject("Maya/MAE Virtual Card/android.widget.TextView0 - Top Up Now"), 0): Text of element 'Object Repository/Maya/MAE Virtual Card/android.widget.TextView0 - Top Up Now' is: 'Top Up Now'

2020-08-18 17:56:37 - [MESSAGE][WARNING] - Timeout '0' is invalid. Using default page load timeout: '10'

2020-08-18 17:56:37 - [MESSAGE][PASSED] - Text of element 'Object Repository/Maya/MAE Virtual Card/android.widget.TextView0 - Top Up Now' is: 'Top Up Now'

2020-08-18 17:56:37 - [TEST_STEP][PASSED] - delay(2, CONTINUE_ON_FAILURE): Delayed 2 second(s)

2020-08-18 17:56:39 - [MESSAGE][PASSED] - Delayed 2 second(s)

2020-08-18 17:56:39 - [TEST_STEP][PASSED] - takeScreenshot("C:\Users\LENOVO\Screenshot\Maybank2u\Screenshot18", STOP_ON_FAILURE): Screenshot is taken

2020-08-18 17:56:40 - [MESSAGE][PASSED] - Screenshot is taken
[[ATTACHMENT|C:\\Users\\LENOVO\\Screenshot\\Maybank2u\\Screenshot18]]

2020-08-18 17:56:40 - [TEST_STEP][PASSED] - tap(findTestObject("Maya/MAE Virtual Card/android.widget.TextView0 - Top Up Now"), 0): Tapped on element 'Object Repository/Maya/MAE Virtual Card/android.widget.TextView0 - Top Up Now'

2020-08-18 17:56:40 - [MESSAGE][WARNING] - Timeout '0' is invalid. Using default page load timeout: '10'

2020-08-18 17:56:41 - [MESSAGE][PASSED] - Tapped on element 'Object Repository/Maya/MAE Virtual Card/android.widget.TextView0 - Top Up Now'

2020-08-18 17:56:41 - [TEST_STEP][PASSED] - delay(2, CONTINUE_ON_FAILURE): Delayed 2 second(s)

2020-08-18 17:56:43 - [MESSAGE][PASSED] - Delayed 2 second(s)

2020-08-18 17:56:43 - [TEST_STEP][PASSED] - takeScreenshot("C:\Users\LENOVO\Screenshot\Maybank2u\Screenshot9", STOP_ON_FAILURE): Screenshot is taken

2020-08-18 17:56:44 - [MESSAGE][PASSED] - Screenshot is taken
[[ATTACHMENT|C:\\Users\\LENOVO\\Screenshot\\Maybank2u\\Screenshot9]]

2020-08-18 17:56:44 - [TEST_STEP][FAILED] - getText(findTestObject("duitnow/android.widget.TextView0 - Enter amount"), 0): Object Object Repository/duitnow/android.widget.TextView0 - Enter amount not found

2020-08-18 17:56:44 - [MESSAGE][WARNING] - Timeout '0' is invalid. Using default page load timeout: '10'

2020-08-18 17:56:55 - [MESSAGE][FAILED] - Object Object Repository/duitnow/android.widget.TextView0 - Enter amount not found
[[ATTACHMENT|C:\\Users\\LENOVO\\Git_new\\Maya\\Reports\\20200818_175208\\Maya UAT\\UAT Test Suite\\20200818_175208\\1597744615043.png]]

2020-08-18 17:56:55 - [TEST_STEP][PASSED] - delay(10, CONTINUE_ON_FAILURE): Delayed 10 second(s)

2020-08-18 17:57:05 - [MESSAGE][PASSED] - Delayed 10 second(s)

2020-08-18 17:57:05 - [TEST_STEP][FAILED] - tap(findTestObject("Maya/MAE Virtual Card/android.widget.TextView0 - Top Up Now"), 0): Object Object Repository/Maya/MAE Virtual Card/android.widget.TextView0 - Top Up Now not found

2020-08-18 17:57:05 - [MESSAGE][WARNING] - Timeout '0' is invalid. Using default page load timeout: '10'

2020-08-18 17:57:17 - [MESSAGE][FAILED] - Object Object Repository/Maya/MAE Virtual Card/android.widget.TextView0 - Top Up Now not found
[[ATTACHMENT|C:\\Users\\LENOVO\\Git_new\\Maya\\Reports\\20200818_175208\\Maya UAT\\UAT Test Suite\\20200818_175208\\1597744636385.png]]

2020-08-18 17:57:17 - [TEST_STEP][PASSED] - closeApplication(): Close app successfully

2020-08-18 17:57:19 - [MESSAGE][PASSED] - Close app successfully]]></system-out>
         <system-err><![CDATA[2020-08-18 17:52:11 - [TEST_CASE][FAILED] - Test Cases/JINU/MAE Cards/MAE Card: Test Cases/JINU/MAE Cards/MAE Card FAILED.
Reason:
com.kms.katalon.core.exception.StepFailedException: Object Object Repository/Maya/MAE Virtual Card/android.widget.TextView0 - Date  Time (1) not found
	at com.kms.katalon.core.keyword.internal.KeywordMain.stepFailed(KeywordMain.groovy:39)
	at com.kms.katalon.core.mobile.keyword.internal.MobileKeywordMain.stepFailed(MobileKeywordMain.groovy:40)
	at com.kms.katalon.core.mobile.keyword.builtin.GetTextKeyword$_getText_closure1.doCall(GetTextKeyword.groovy:74)
	at com.kms.katalon.core.mobile.keyword.builtin.GetTextKeyword$_getText_closure1.call(GetTextKeyword.groovy)
	at com.kms.katalon.core.mobile.keyword.internal.MobileKeywordMain.runKeyword(MobileKeywordMain.groovy:21)
	at com.kms.katalon.core.mobile.keyword.builtin.GetTextKeyword.getText(GetTextKeyword.groovy:80)
	at com.kms.katalon.core.mobile.keyword.builtin.GetTextKeyword.execute(GetTextKeyword.groovy:64)
	at com.kms.katalon.core.keyword.internal.KeywordExecutor.executeKeywordForPlatform(KeywordExecutor.groovy:72)
	at com.kms.katalon.core.mobile.keyword.MobileBuiltInKeywords.getText(MobileBuiltInKeywords.groovy:459)
	at com.kms.katalon.core.mobile.keyword.MobileBuiltInKeywords$getText$2.call(Unknown Source)
	at MAE Card.run(MAE Card:300)
	at com.kms.katalon.core.main.ScriptEngine.run(ScriptEngine.java:194)
	at com.kms.katalon.core.main.ScriptEngine.runScriptAsRawText(ScriptEngine.java:119)
	at com.kms.katalon.core.main.TestCaseExecutor.runScript(TestCaseExecutor.java:337)
	at com.kms.katalon.core.main.TestCaseExecutor.doExecute(TestCaseExecutor.java:328)
	at com.kms.katalon.core.main.TestCaseExecutor.processExecutionPhase(TestCaseExecutor.java:307)
	at com.kms.katalon.core.main.TestCaseExecutor.accessMainPhase(TestCaseExecutor.java:299)
	at com.kms.katalon.core.main.TestCaseExecutor.execute(TestCaseExecutor.java:233)
	at com.kms.katalon.core.main.TestSuiteExecutor.accessTestCaseMainPhase(TestSuiteExecutor.java:169)
	at com.kms.katalon.core.main.TestSuiteExecutor.accessTestSuiteMainPhase(TestSuiteExecutor.java:142)
	at com.kms.katalon.core.main.TestSuiteExecutor.execute(TestSuiteExecutor.java:91)
	at com.kms.katalon.core.main.TestCaseMain.startTestSuite(TestCaseMain.java:157)
	at com.kms.katalon.core.main.TestCaseMain$startTestSuite$0.call(Unknown Source)
	at TempTestSuite1597744328040.run(TempTestSuite1597744328040.groovy:36)]]></system-err>
      </testcase>
      <system-out><![CDATA[2020-08-18 17:52:10 - [TEST_SUITE][FAILED] - UAT Test Suite: Test Cases/JINU/MAE Cards/MAE Card FAILED.
Reason:
com.kms.katalon.core.exception.StepFailedException: Object Object Repository/Maya/MAE Virtual Card/android.widget.TextView0 - Date  Time (1) not found
	at com.kms.katalon.core.keyword.internal.KeywordMain.stepFailed(KeywordMain.groovy:39)
	at com.kms.katalon.core.mobile.keyword.internal.MobileKeywordMain.stepFailed(MobileKeywordMain.groovy:40)
	at com.kms.katalon.core.mobile.keyword.builtin.GetTextKeyword$_getText_closure1.doCall(GetTextKeyword.groovy:74)
	at com.kms.katalon.core.mobile.keyword.builtin.GetTextKeyword$_getText_closure1.call(GetTextKeyword.groovy)
	at com.kms.katalon.core.mobile.keyword.internal.MobileKeywordMain.runKeyword(MobileKeywordMain.groovy:21)
	at com.kms.katalon.core.mobile.keyword.builtin.GetTextKeyword.getText(GetTextKeyword.groovy:80)
	at com.kms.katalon.core.mobile.keyword.builtin.GetTextKeyword.execute(GetTextKeyword.groovy:64)
	at com.kms.katalon.core.keyword.internal.KeywordExecutor.executeKeywordForPlatform(KeywordExecutor.groovy:72)
	at com.kms.katalon.core.mobile.keyword.MobileBuiltInKeywords.getText(MobileBuiltInKeywords.groovy:459)
	at com.kms.katalon.core.mobile.keyword.MobileBuiltInKeywords$getText$2.call(Unknown Source)
	at MAE Card.run(MAE Card:300)
	at com.kms.katalon.core.main.ScriptEngine.run(ScriptEngine.java:194)
	at com.kms.katalon.core.main.ScriptEngine.runScriptAsRawText(ScriptEngine.java:119)
	at com.kms.katalon.core.main.TestCaseExecutor.runScript(TestCaseExecutor.java:337)
	at com.kms.katalon.core.main.TestCaseExecutor.doExecute(TestCaseExecutor.java:328)
	at com.kms.katalon.core.main.TestCaseExecutor.processExecutionPhase(TestCaseExecutor.java:307)
	at com.kms.katalon.core.main.TestCaseExecutor.accessMainPhase(TestCaseExecutor.java:299)
	at com.kms.katalon.core.main.TestCaseExecutor.execute(TestCaseExecutor.java:233)
	at com.kms.katalon.core.main.TestSuiteExecutor.accessTestCaseMainPhase(TestSuiteExecutor.java:169)
	at com.kms.katalon.core.main.TestSuiteExecutor.accessTestSuiteMainPhase(TestSuiteExecutor.java:142)
	at com.kms.katalon.core.main.TestSuiteExecutor.execute(TestSuiteExecutor.java:91)
	at com.kms.katalon.core.main.TestCaseMain.startTestSuite(TestCaseMain.java:157)
	at com.kms.katalon.core.main.TestCaseMain$startTestSuite$0.call(Unknown Source)
	at TempTestSuite1597744328040.run(TempTestSuite1597744328040.groovy:36)]]></system-out>
      <system-err><![CDATA[2020-08-18 17:52:10 - [TEST_SUITE][FAILED] - UAT Test Suite: Test Cases/JINU/MAE Cards/MAE Card FAILED.
Reason:
com.kms.katalon.core.exception.StepFailedException: Object Object Repository/Maya/MAE Virtual Card/android.widget.TextView0 - Date  Time (1) not found
	at com.kms.katalon.core.keyword.internal.KeywordMain.stepFailed(KeywordMain.groovy:39)
	at com.kms.katalon.core.mobile.keyword.internal.MobileKeywordMain.stepFailed(MobileKeywordMain.groovy:40)
	at com.kms.katalon.core.mobile.keyword.builtin.GetTextKeyword$_getText_closure1.doCall(GetTextKeyword.groovy:74)
	at com.kms.katalon.core.mobile.keyword.builtin.GetTextKeyword$_getText_closure1.call(GetTextKeyword.groovy)
	at com.kms.katalon.core.mobile.keyword.internal.MobileKeywordMain.runKeyword(MobileKeywordMain.groovy:21)
	at com.kms.katalon.core.mobile.keyword.builtin.GetTextKeyword.getText(GetTextKeyword.groovy:80)
	at com.kms.katalon.core.mobile.keyword.builtin.GetTextKeyword.execute(GetTextKeyword.groovy:64)
	at com.kms.katalon.core.keyword.internal.KeywordExecutor.executeKeywordForPlatform(KeywordExecutor.groovy:72)
	at com.kms.katalon.core.mobile.keyword.MobileBuiltInKeywords.getText(MobileBuiltInKeywords.groovy:459)
	at com.kms.katalon.core.mobile.keyword.MobileBuiltInKeywords$getText$2.call(Unknown Source)
	at MAE Card.run(MAE Card:300)
	at com.kms.katalon.core.main.ScriptEngine.run(ScriptEngine.java:194)
	at com.kms.katalon.core.main.ScriptEngine.runScriptAsRawText(ScriptEngine.java:119)
	at com.kms.katalon.core.main.TestCaseExecutor.runScript(TestCaseExecutor.java:337)
	at com.kms.katalon.core.main.TestCaseExecutor.doExecute(TestCaseExecutor.java:328)
	at com.kms.katalon.core.main.TestCaseExecutor.processExecutionPhase(TestCaseExecutor.java:307)
	at com.kms.katalon.core.main.TestCaseExecutor.accessMainPhase(TestCaseExecutor.java:299)
	at com.kms.katalon.core.main.TestCaseExecutor.execute(TestCaseExecutor.java:233)
	at com.kms.katalon.core.main.TestSuiteExecutor.accessTestCaseMainPhase(TestSuiteExecutor.java:169)
	at com.kms.katalon.core.main.TestSuiteExecutor.accessTestSuiteMainPhase(TestSuiteExecutor.java:142)
	at com.kms.katalon.core.main.TestSuiteExecutor.execute(TestSuiteExecutor.java:91)
	at com.kms.katalon.core.main.TestCaseMain.startTestSuite(TestCaseMain.java:157)
	at com.kms.katalon.core.main.TestCaseMain$startTestSuite$0.call(Unknown Source)
	at TempTestSuite1597744328040.run(TempTestSuite1597744328040.groovy:36)]]></system-err>
   </testsuite>
</testsuites>
